<?xml version="1.0" encoding="UTF-8"?>
<testng-results skipped="0" failed="0" ignored="18" total="139" passed="121">
  <reporter-output>
    <line>
      <![CDATA[Extent Report DirectoryC:\Users\Tanim Imani\IdeaProjects\WebAutomation\CNN\test-output\html]]>
    </line>
    <line>
      <![CDATA[Business section Page has been displayed]]>
    </line>
    <line>
      <![CDATA[Entertainment section Page has been displayed]]>
    </line>
    <line>
      <![CDATA[Health section Page has been displayed]]>
    </line>
    <line>
      <![CDATA[Opinion section Page has been displayed]]>
    </line>
    <line>
      <![CDATA[Style section Page has been displayed]]>
    </line>
    <line>
      <![CDATA[US section Page has been displayed]]>
    </line>
    <line>
      <![CDATA[Arabic edition page has been displayed]]>
    </line>
    <line>
      <![CDATA[Edition button has been displayed]]>
    </line>
    <line>
      <![CDATA[Es edition page has been displayed]]>
    </line>
    <line>
      <![CDATA[International edition page has been displayed]]>
    </line>
    <line>
      <![CDATA[Us edition page has been displayed]]>
    </line>
    <line>
      <![CDATA[Accessibility has been displayed]]>
    </line>
    <line>
      <![CDATA[Cnn Studio has been displayed]]>
    </line>
    <line>
      <![CDATA[Transcript has been displayed]]>
    </line>
    <line>
      <![CDATA[License has been displayed]]>
    </line>
  </reporter-output>
  <suite name="CNN Automation Script " duration-ms="1660302" started-at="2019-10-18T15:54:40 EDT" finished-at="2019-10-18T16:22:20 EDT">
    <groups>
    </groups>
    <test name="CNN HomePage Test" duration-ms="1660302" started-at="2019-10-18T15:54:40 EDT" finished-at="2019-10-18T16:22:20 EDT">
      <class name="home.TestTypeText">
        <test-method status="PASS" signature="setUp(java.lang.String)[pri:0, instance:home.TestTypeText@91161c7]" name="setUp" is-config="true" duration-ms="17614" started-at="2019-10-18T16:06:32 EDT" finished-at="2019-10-18T16:06:49 EDT">
          <params>
            <param index="0">
              <value>
                <![CDATA[https://www.cnn.com]]>
              </value>
            </param>
          </params>
          <reporter-output>
          </reporter-output>
        </test-method> <!-- setUp -->
        <test-method status="PASS" signature="startExtent(java.lang.reflect.Method)[pri:0, instance:home.TestTypeText@91161c7]" name="startExtent" is-config="true" duration-ms="1" started-at="2019-10-18T16:06:49 EDT" finished-at="2019-10-18T16:06:49 EDT">
          <params>
            <param index="0">
              <value>
                <![CDATA[public void home.TestTypeText.typeBusiness()]]>
              </value>
            </param>
          </params>
          <reporter-output>
          </reporter-output>
        </test-method> <!-- startExtent -->
        <test-method status="PASS" signature="afterEachTestMethod(org.testng.ITestResult)[pri:0, instance:home.TestTypeText@91161c7]" name="afterEachTestMethod" is-config="true" duration-ms="19" started-at="2019-10-18T16:06:49 EDT" finished-at="2019-10-18T16:06:49 EDT">
          <params>
            <param index="0">
              <value>
                <![CDATA[[TestResult name=typeBusiness status=SUCCESS method=TestTypeText.typeBusiness()[pri:0, instance:home.TestTypeText@91161c7] output={null}]]]>
              </value>
            </param>
          </params>
          <reporter-output>
          </reporter-output>
        </test-method> <!-- afterEachTestMethod -->
        <test-method status="PASS" signature="typeBusiness()[pri:0, instance:home.TestTypeText@91161c7]" name="typeBusiness" duration-ms="0" started-at="2019-10-18T16:06:49 EDT" finished-at="2019-10-18T16:06:49 EDT">
          <reporter-output>
          </reporter-output>
        </test-method> <!-- typeBusiness -->
        <test-method status="PASS" signature="cleanUp()[pri:0, instance:home.TestTypeText@91161c7]" name="cleanUp" is-config="true" duration-ms="217" started-at="2019-10-18T16:06:49 EDT" finished-at="2019-10-18T16:06:50 EDT">
          <reporter-output>
          </reporter-output>
        </test-method> <!-- cleanUp -->
        <test-method status="PASS" signature="setUp(java.lang.String)[pri:0, instance:home.TestTypeText@91161c7]" name="setUp" is-config="true" duration-ms="5443" started-at="2019-10-18T16:06:50 EDT" finished-at="2019-10-18T16:06:55 EDT">
          <params>
            <param index="0">
              <value>
                <![CDATA[https://www.cnn.com]]>
              </value>
            </param>
          </params>
          <reporter-output>
          </reporter-output>
        </test-method> <!-- setUp -->
        <test-method status="PASS" signature="afterEachTestMethod(org.testng.ITestResult)[pri:0, instance:home.TestTypeText@91161c7]" name="afterEachTestMethod" is-config="true" duration-ms="27" started-at="2019-10-18T16:06:55 EDT" finished-at="2019-10-18T16:06:55 EDT">
          <params>
            <param index="0">
              <value>
                <![CDATA[[TestResult name=typeCollege status=SUCCESS method=TestTypeText.typeCollege()[pri:0, instance:home.TestTypeText@91161c7] output={null}]]]>
              </value>
            </param>
          </params>
          <reporter-output>
          </reporter-output>
        </test-method> <!-- afterEachTestMethod -->
        <test-method status="PASS" signature="startExtent(java.lang.reflect.Method)[pri:0, instance:home.TestTypeText@91161c7]" name="startExtent" is-config="true" duration-ms="0" started-at="2019-10-18T16:06:55 EDT" finished-at="2019-10-18T16:06:55 EDT">
          <params>
            <param index="0">
              <value>
                <![CDATA[public void home.TestTypeText.typeCollege()]]>
              </value>
            </param>
          </params>
          <reporter-output>
          </reporter-output>
        </test-method> <!-- startExtent -->
        <test-method status="PASS" signature="typeCollege()[pri:0, instance:home.TestTypeText@91161c7]" name="typeCollege" duration-ms="0" started-at="2019-10-18T16:06:55 EDT" finished-at="2019-10-18T16:06:55 EDT">
          <reporter-output>
          </reporter-output>
        </test-method> <!-- typeCollege -->
        <test-method status="PASS" signature="cleanUp()[pri:0, instance:home.TestTypeText@91161c7]" name="cleanUp" is-config="true" duration-ms="183" started-at="2019-10-18T16:06:55 EDT" finished-at="2019-10-18T16:06:55 EDT">
          <reporter-output>
          </reporter-output>
        </test-method> <!-- cleanUp -->
        <test-method status="PASS" signature="setUp(java.lang.String)[pri:0, instance:home.TestTypeText@91161c7]" name="setUp" is-config="true" duration-ms="5602" started-at="2019-10-18T16:06:55 EDT" finished-at="2019-10-18T16:07:01 EDT">
          <params>
            <param index="0">
              <value>
                <![CDATA[https://www.cnn.com]]>
              </value>
            </param>
          </params>
          <reporter-output>
          </reporter-output>
        </test-method> <!-- setUp -->
        <test-method status="PASS" signature="startExtent(java.lang.reflect.Method)[pri:0, instance:home.TestTypeText@91161c7]" name="startExtent" is-config="true" duration-ms="0" started-at="2019-10-18T16:07:01 EDT" finished-at="2019-10-18T16:07:01 EDT">
          <params>
            <param index="0">
              <value>
                <![CDATA[public void home.TestTypeText.typeConstitution()]]>
              </value>
            </param>
          </params>
          <reporter-output>
          </reporter-output>
        </test-method> <!-- startExtent -->
        <test-method status="PASS" signature="afterEachTestMethod(org.testng.ITestResult)[pri:0, instance:home.TestTypeText@91161c7]" name="afterEachTestMethod" is-config="true" duration-ms="22" started-at="2019-10-18T16:07:01 EDT" finished-at="2019-10-18T16:07:01 EDT">
          <params>
            <param index="0">
              <value>
                <![CDATA[[TestResult name=typeConstitution status=SUCCESS method=TestTypeText.typeConstitution()[pri:0, instance:home.TestTypeText@91161c7] output={null}]]]>
              </value>
            </param>
          </params>
          <reporter-output>
          </reporter-output>
        </test-method> <!-- afterEachTestMethod -->
        <test-method status="PASS" signature="typeConstitution()[pri:0, instance:home.TestTypeText@91161c7]" name="typeConstitution" duration-ms="0" started-at="2019-10-18T16:07:01 EDT" finished-at="2019-10-18T16:07:01 EDT">
          <reporter-output>
          </reporter-output>
        </test-method> <!-- typeConstitution -->
        <test-method status="PASS" signature="cleanUp()[pri:0, instance:home.TestTypeText@91161c7]" name="cleanUp" is-config="true" duration-ms="186" started-at="2019-10-18T16:07:01 EDT" finished-at="2019-10-18T16:07:01 EDT">
          <reporter-output>
          </reporter-output>
        </test-method> <!-- cleanUp -->
        <test-method status="PASS" signature="setUp(java.lang.String)[pri:0, instance:home.TestTypeText@91161c7]" name="setUp" is-config="true" duration-ms="17749" started-at="2019-10-18T16:07:01 EDT" finished-at="2019-10-18T16:07:19 EDT">
          <params>
            <param index="0">
              <value>
                <![CDATA[https://www.cnn.com]]>
              </value>
            </param>
          </params>
          <reporter-output>
          </reporter-output>
        </test-method> <!-- setUp -->
        <test-method status="PASS" signature="afterEachTestMethod(org.testng.ITestResult)[pri:0, instance:home.TestTypeText@91161c7]" name="afterEachTestMethod" is-config="true" duration-ms="22" started-at="2019-10-18T16:07:19 EDT" finished-at="2019-10-18T16:07:19 EDT">
          <params>
            <param index="0">
              <value>
                <![CDATA[[TestResult name=typeDemocrats status=SUCCESS method=TestTypeText.typeDemocrats()[pri:0, instance:home.TestTypeText@91161c7] output={null}]]]>
              </value>
            </param>
          </params>
          <reporter-output>
          </reporter-output>
        </test-method> <!-- afterEachTestMethod -->
        <test-method status="PASS" signature="typeDemocrats()[pri:0, instance:home.TestTypeText@91161c7]" name="typeDemocrats" duration-ms="0" started-at="2019-10-18T16:07:19 EDT" finished-at="2019-10-18T16:07:19 EDT">
          <reporter-output>
          </reporter-output>
        </test-method> <!-- typeDemocrats -->
        <test-method status="PASS" signature="startExtent(java.lang.reflect.Method)[pri:0, instance:home.TestTypeText@91161c7]" name="startExtent" is-config="true" duration-ms="0" started-at="2019-10-18T16:07:19 EDT" finished-at="2019-10-18T16:07:19 EDT">
          <params>
            <param index="0">
              <value>
                <![CDATA[public void home.TestTypeText.typeDemocrats()]]>
              </value>
            </param>
          </params>
          <reporter-output>
          </reporter-output>
        </test-method> <!-- startExtent -->
        <test-method status="PASS" signature="cleanUp()[pri:0, instance:home.TestTypeText@91161c7]" name="cleanUp" is-config="true" duration-ms="202" started-at="2019-10-18T16:07:19 EDT" finished-at="2019-10-18T16:07:19 EDT">
          <reporter-output>
          </reporter-output>
        </test-method> <!-- cleanUp -->
        <test-method status="PASS" signature="setUp(java.lang.String)[pri:0, instance:home.TestTypeText@91161c7]" name="setUp" is-config="true" duration-ms="5334" started-at="2019-10-18T16:07:19 EDT" finished-at="2019-10-18T16:07:24 EDT">
          <params>
            <param index="0">
              <value>
                <![CDATA[https://www.cnn.com]]>
              </value>
            </param>
          </params>
          <reporter-output>
          </reporter-output>
        </test-method> <!-- setUp -->
        <test-method status="PASS" signature="startExtent(java.lang.reflect.Method)[pri:0, instance:home.TestTypeText@91161c7]" name="startExtent" is-config="true" duration-ms="0" started-at="2019-10-18T16:07:24 EDT" finished-at="2019-10-18T16:07:24 EDT">
          <params>
            <param index="0">
              <value>
                <![CDATA[public void home.TestTypeText.typeEconomy()]]>
              </value>
            </param>
          </params>
          <reporter-output>
          </reporter-output>
        </test-method> <!-- startExtent -->
        <test-method status="PASS" signature="afterEachTestMethod(org.testng.ITestResult)[pri:0, instance:home.TestTypeText@91161c7]" name="afterEachTestMethod" is-config="true" duration-ms="20" started-at="2019-10-18T16:07:24 EDT" finished-at="2019-10-18T16:07:24 EDT">
          <params>
            <param index="0">
              <value>
                <![CDATA[[TestResult name=typeEconomy status=SUCCESS method=TestTypeText.typeEconomy()[pri:0, instance:home.TestTypeText@91161c7] output={null}]]]>
              </value>
            </param>
          </params>
          <reporter-output>
          </reporter-output>
        </test-method> <!-- afterEachTestMethod -->
        <test-method status="PASS" signature="typeEconomy()[pri:0, instance:home.TestTypeText@91161c7]" name="typeEconomy" duration-ms="0" started-at="2019-10-18T16:07:24 EDT" finished-at="2019-10-18T16:07:24 EDT">
          <reporter-output>
          </reporter-output>
        </test-method> <!-- typeEconomy -->
        <test-method status="PASS" signature="cleanUp()[pri:0, instance:home.TestTypeText@91161c7]" name="cleanUp" is-config="true" duration-ms="2153" started-at="2019-10-18T16:07:24 EDT" finished-at="2019-10-18T16:07:27 EDT">
          <reporter-output>
          </reporter-output>
        </test-method> <!-- cleanUp -->
        <test-method status="PASS" signature="setUp(java.lang.String)[pri:0, instance:home.TestTypeText@91161c7]" name="setUp" is-config="true" duration-ms="5372" started-at="2019-10-18T16:07:27 EDT" finished-at="2019-10-18T16:07:32 EDT">
          <params>
            <param index="0">
              <value>
                <![CDATA[https://www.cnn.com]]>
              </value>
            </param>
          </params>
          <reporter-output>
          </reporter-output>
        </test-method> <!-- setUp -->
        <test-method status="PASS" signature="startExtent(java.lang.reflect.Method)[pri:0, instance:home.TestTypeText@91161c7]" name="startExtent" is-config="true" duration-ms="1" started-at="2019-10-18T16:07:32 EDT" finished-at="2019-10-18T16:07:32 EDT">
          <params>
            <param index="0">
              <value>
                <![CDATA[public void home.TestTypeText.typeFBI()]]>
              </value>
            </param>
          </params>
          <reporter-output>
          </reporter-output>
        </test-method> <!-- startExtent -->
        <test-method status="PASS" signature="afterEachTestMethod(org.testng.ITestResult)[pri:0, instance:home.TestTypeText@91161c7]" name="afterEachTestMethod" is-config="true" duration-ms="19" started-at="2019-10-18T16:07:32 EDT" finished-at="2019-10-18T16:07:32 EDT">
          <params>
            <param index="0">
              <value>
                <![CDATA[[TestResult name=typeFBI status=SUCCESS method=TestTypeText.typeFBI()[pri:0, instance:home.TestTypeText@91161c7] output={null}]]]>
              </value>
            </param>
          </params>
          <reporter-output>
          </reporter-output>
        </test-method> <!-- afterEachTestMethod -->
        <test-method status="PASS" signature="typeFBI()[pri:0, instance:home.TestTypeText@91161c7]" name="typeFBI" duration-ms="0" started-at="2019-10-18T16:07:32 EDT" finished-at="2019-10-18T16:07:32 EDT">
          <reporter-output>
          </reporter-output>
        </test-method> <!-- typeFBI -->
        <test-method status="PASS" signature="cleanUp()[pri:0, instance:home.TestTypeText@91161c7]" name="cleanUp" is-config="true" duration-ms="147" started-at="2019-10-18T16:07:32 EDT" finished-at="2019-10-18T16:07:32 EDT">
          <reporter-output>
          </reporter-output>
        </test-method> <!-- cleanUp -->
        <test-method status="PASS" signature="setUp(java.lang.String)[pri:0, instance:home.TestTypeText@91161c7]" name="setUp" is-config="true" duration-ms="6316" started-at="2019-10-18T16:07:32 EDT" finished-at="2019-10-18T16:07:38 EDT">
          <params>
            <param index="0">
              <value>
                <![CDATA[https://www.cnn.com]]>
              </value>
            </param>
          </params>
          <reporter-output>
          </reporter-output>
        </test-method> <!-- setUp -->
        <test-method status="PASS" signature="afterEachTestMethod(org.testng.ITestResult)[pri:0, instance:home.TestTypeText@91161c7]" name="afterEachTestMethod" is-config="true" duration-ms="29" started-at="2019-10-18T16:07:38 EDT" finished-at="2019-10-18T16:07:39 EDT">
          <params>
            <param index="0">
              <value>
                <![CDATA[[TestResult name=typeGadget status=SUCCESS method=TestTypeText.typeGadget()[pri:0, instance:home.TestTypeText@91161c7] output={null}]]]>
              </value>
            </param>
          </params>
          <reporter-output>
          </reporter-output>
        </test-method> <!-- afterEachTestMethod -->
        <test-method status="PASS" signature="typeGadget()[pri:0, instance:home.TestTypeText@91161c7]" name="typeGadget" duration-ms="0" started-at="2019-10-18T16:07:38 EDT" finished-at="2019-10-18T16:07:38 EDT">
          <reporter-output>
          </reporter-output>
        </test-method> <!-- typeGadget -->
        <test-method status="PASS" signature="startExtent(java.lang.reflect.Method)[pri:0, instance:home.TestTypeText@91161c7]" name="startExtent" is-config="true" duration-ms="0" started-at="2019-10-18T16:07:38 EDT" finished-at="2019-10-18T16:07:38 EDT">
          <params>
            <param index="0">
              <value>
                <![CDATA[public void home.TestTypeText.typeGadget()]]>
              </value>
            </param>
          </params>
          <reporter-output>
          </reporter-output>
        </test-method> <!-- startExtent -->
        <test-method status="PASS" signature="cleanUp()[pri:0, instance:home.TestTypeText@91161c7]" name="cleanUp" is-config="true" duration-ms="271" started-at="2019-10-18T16:07:39 EDT" finished-at="2019-10-18T16:07:39 EDT">
          <reporter-output>
          </reporter-output>
        </test-method> <!-- cleanUp -->
        <test-method status="PASS" signature="setUp(java.lang.String)[pri:0, instance:home.TestTypeText@91161c7]" name="setUp" is-config="true" duration-ms="16634" started-at="2019-10-18T16:07:39 EDT" finished-at="2019-10-18T16:07:55 EDT">
          <params>
            <param index="0">
              <value>
                <![CDATA[https://www.cnn.com]]>
              </value>
            </param>
          </params>
          <reporter-output>
          </reporter-output>
        </test-method> <!-- setUp -->
        <test-method status="PASS" signature="startExtent(java.lang.reflect.Method)[pri:0, instance:home.TestTypeText@91161c7]" name="startExtent" is-config="true" duration-ms="1" started-at="2019-10-18T16:07:55 EDT" finished-at="2019-10-18T16:07:55 EDT">
          <params>
            <param index="0">
              <value>
                <![CDATA[public void home.TestTypeText.typeGmailDarkMode()]]>
              </value>
            </param>
          </params>
          <reporter-output>
          </reporter-output>
        </test-method> <!-- startExtent -->
        <test-method status="PASS" signature="afterEachTestMethod(org.testng.ITestResult)[pri:0, instance:home.TestTypeText@91161c7]" name="afterEachTestMethod" is-config="true" duration-ms="24" started-at="2019-10-18T16:07:55 EDT" finished-at="2019-10-18T16:07:55 EDT">
          <params>
            <param index="0">
              <value>
                <![CDATA[[TestResult name=typeGmailDarkMode status=SUCCESS method=TestTypeText.typeGmailDarkMode()[pri:0, instance:home.TestTypeText@91161c7] output={null}]]]>
              </value>
            </param>
          </params>
          <reporter-output>
          </reporter-output>
        </test-method> <!-- afterEachTestMethod -->
        <test-method status="PASS" signature="typeGmailDarkMode()[pri:0, instance:home.TestTypeText@91161c7]" name="typeGmailDarkMode" duration-ms="0" started-at="2019-10-18T16:07:55 EDT" finished-at="2019-10-18T16:07:55 EDT">
          <reporter-output>
          </reporter-output>
        </test-method> <!-- typeGmailDarkMode -->
        <test-method status="PASS" signature="cleanUp()[pri:0, instance:home.TestTypeText@91161c7]" name="cleanUp" is-config="true" duration-ms="267" started-at="2019-10-18T16:07:55 EDT" finished-at="2019-10-18T16:07:56 EDT">
          <reporter-output>
          </reporter-output>
        </test-method> <!-- cleanUp -->
        <test-method status="PASS" signature="setUp(java.lang.String)[pri:0, instance:home.TestTypeText@91161c7]" name="setUp" is-config="true" duration-ms="16192" started-at="2019-10-18T16:07:56 EDT" finished-at="2019-10-18T16:08:12 EDT">
          <params>
            <param index="0">
              <value>
                <![CDATA[https://www.cnn.com]]>
              </value>
            </param>
          </params>
          <reporter-output>
          </reporter-output>
        </test-method> <!-- setUp -->
        <test-method status="PASS" signature="afterEachTestMethod(org.testng.ITestResult)[pri:0, instance:home.TestTypeText@91161c7]" name="afterEachTestMethod" is-config="true" duration-ms="22" started-at="2019-10-18T16:08:12 EDT" finished-at="2019-10-18T16:08:12 EDT">
          <params>
            <param index="0">
              <value>
                <![CDATA[[TestResult name=typeImpeachment status=SUCCESS method=TestTypeText.typeImpeachment()[pri:0, instance:home.TestTypeText@91161c7] output={null}]]]>
              </value>
            </param>
          </params>
          <reporter-output>
          </reporter-output>
        </test-method> <!-- afterEachTestMethod -->
        <test-method status="PASS" signature="typeImpeachment()[pri:0, instance:home.TestTypeText@91161c7]" name="typeImpeachment" duration-ms="0" started-at="2019-10-18T16:08:12 EDT" finished-at="2019-10-18T16:08:12 EDT">
          <reporter-output>
          </reporter-output>
        </test-method> <!-- typeImpeachment -->
        <test-method status="PASS" signature="startExtent(java.lang.reflect.Method)[pri:0, instance:home.TestTypeText@91161c7]" name="startExtent" is-config="true" duration-ms="0" started-at="2019-10-18T16:08:12 EDT" finished-at="2019-10-18T16:08:12 EDT">
          <params>
            <param index="0">
              <value>
                <![CDATA[public void home.TestTypeText.typeImpeachment()]]>
              </value>
            </param>
          </params>
          <reporter-output>
          </reporter-output>
        </test-method> <!-- startExtent -->
        <test-method status="PASS" signature="cleanUp()[pri:0, instance:home.TestTypeText@91161c7]" name="cleanUp" is-config="true" duration-ms="204" started-at="2019-10-18T16:08:12 EDT" finished-at="2019-10-18T16:08:12 EDT">
          <reporter-output>
          </reporter-output>
        </test-method> <!-- cleanUp -->
        <test-method status="PASS" signature="setUp(java.lang.String)[pri:0, instance:home.TestTypeText@91161c7]" name="setUp" is-config="true" duration-ms="65694" started-at="2019-10-18T16:08:12 EDT" finished-at="2019-10-18T16:09:18 EDT">
          <params>
            <param index="0">
              <value>
                <![CDATA[https://www.cnn.com]]>
              </value>
            </param>
          </params>
          <reporter-output>
          </reporter-output>
        </test-method> <!-- setUp -->
        <test-method status="PASS" signature="startExtent(java.lang.reflect.Method)[pri:0, instance:home.TestTypeText@91161c7]" name="startExtent" is-config="true" duration-ms="0" started-at="2019-10-18T16:09:18 EDT" finished-at="2019-10-18T16:09:18 EDT">
          <params>
            <param index="0">
              <value>
                <![CDATA[public void home.TestTypeText.typeIphone()]]>
              </value>
            </param>
          </params>
          <reporter-output>
          </reporter-output>
        </test-method> <!-- startExtent -->
        <test-method status="PASS" signature="afterEachTestMethod(org.testng.ITestResult)[pri:0, instance:home.TestTypeText@91161c7]" name="afterEachTestMethod" is-config="true" duration-ms="24" started-at="2019-10-18T16:09:18 EDT" finished-at="2019-10-18T16:09:18 EDT">
          <params>
            <param index="0">
              <value>
                <![CDATA[[TestResult name=typeIphone status=SUCCESS method=TestTypeText.typeIphone()[pri:0, instance:home.TestTypeText@91161c7] output={null}]]]>
              </value>
            </param>
          </params>
          <reporter-output>
          </reporter-output>
        </test-method> <!-- afterEachTestMethod -->
        <test-method status="PASS" signature="typeIphone()[pri:0, instance:home.TestTypeText@91161c7]" name="typeIphone" duration-ms="0" started-at="2019-10-18T16:09:18 EDT" finished-at="2019-10-18T16:09:18 EDT">
          <reporter-output>
          </reporter-output>
        </test-method> <!-- typeIphone -->
        <test-method status="PASS" signature="cleanUp()[pri:0, instance:home.TestTypeText@91161c7]" name="cleanUp" is-config="true" duration-ms="217" started-at="2019-10-18T16:09:18 EDT" finished-at="2019-10-18T16:09:18 EDT">
          <reporter-output>
          </reporter-output>
        </test-method> <!-- cleanUp -->
        <test-method status="PASS" signature="setUp(java.lang.String)[pri:0, instance:home.TestTypeText@91161c7]" name="setUp" is-config="true" duration-ms="5628" started-at="2019-10-18T16:09:18 EDT" finished-at="2019-10-18T16:09:24 EDT">
          <params>
            <param index="0">
              <value>
                <![CDATA[https://www.cnn.com]]>
              </value>
            </param>
          </params>
          <reporter-output>
          </reporter-output>
        </test-method> <!-- setUp -->
        <test-method status="PASS" signature="startExtent(java.lang.reflect.Method)[pri:0, instance:home.TestTypeText@91161c7]" name="startExtent" is-config="true" duration-ms="1" started-at="2019-10-18T16:09:24 EDT" finished-at="2019-10-18T16:09:24 EDT">
          <params>
            <param index="0">
              <value>
                <![CDATA[public void home.TestTypeText.typeIphonePro()]]>
              </value>
            </param>
          </params>
          <reporter-output>
          </reporter-output>
        </test-method> <!-- startExtent -->
        <test-method status="PASS" signature="afterEachTestMethod(org.testng.ITestResult)[pri:0, instance:home.TestTypeText@91161c7]" name="afterEachTestMethod" is-config="true" duration-ms="21" started-at="2019-10-18T16:09:24 EDT" finished-at="2019-10-18T16:09:24 EDT">
          <params>
            <param index="0">
              <value>
                <![CDATA[[TestResult name=typeIphonePro status=SUCCESS method=TestTypeText.typeIphonePro()[pri:0, instance:home.TestTypeText@91161c7] output={null}]]]>
              </value>
            </param>
          </params>
          <reporter-output>
          </reporter-output>
        </test-method> <!-- afterEachTestMethod -->
        <test-method status="PASS" signature="typeIphonePro()[pri:0, instance:home.TestTypeText@91161c7]" name="typeIphonePro" duration-ms="0" started-at="2019-10-18T16:09:24 EDT" finished-at="2019-10-18T16:09:24 EDT">
          <reporter-output>
          </reporter-output>
        </test-method> <!-- typeIphonePro -->
        <test-method status="PASS" signature="cleanUp()[pri:0, instance:home.TestTypeText@91161c7]" name="cleanUp" is-config="true" duration-ms="152" started-at="2019-10-18T16:09:24 EDT" finished-at="2019-10-18T16:09:24 EDT">
          <reporter-output>
          </reporter-output>
        </test-method> <!-- cleanUp -->
        <test-method status="PASS" signature="setUp(java.lang.String)[pri:0, instance:home.TestTypeText@91161c7]" name="setUp" is-config="true" duration-ms="5430" started-at="2019-10-18T16:09:24 EDT" finished-at="2019-10-18T16:09:29 EDT">
          <params>
            <param index="0">
              <value>
                <![CDATA[https://www.cnn.com]]>
              </value>
            </param>
          </params>
          <reporter-output>
          </reporter-output>
        </test-method> <!-- setUp -->
        <test-method status="PASS" signature="typeJoeBiden()[pri:0, instance:home.TestTypeText@91161c7]" name="typeJoeBiden" duration-ms="0" started-at="2019-10-18T16:09:29 EDT" finished-at="2019-10-18T16:09:29 EDT">
          <reporter-output>
          </reporter-output>
        </test-method> <!-- typeJoeBiden -->
        <test-method status="PASS" signature="afterEachTestMethod(org.testng.ITestResult)[pri:0, instance:home.TestTypeText@91161c7]" name="afterEachTestMethod" is-config="true" duration-ms="21" started-at="2019-10-18T16:09:29 EDT" finished-at="2019-10-18T16:09:29 EDT">
          <params>
            <param index="0">
              <value>
                <![CDATA[[TestResult name=typeJoeBiden status=SUCCESS method=TestTypeText.typeJoeBiden()[pri:0, instance:home.TestTypeText@91161c7] output={null}]]]>
              </value>
            </param>
          </params>
          <reporter-output>
          </reporter-output>
        </test-method> <!-- afterEachTestMethod -->
        <test-method status="PASS" signature="startExtent(java.lang.reflect.Method)[pri:0, instance:home.TestTypeText@91161c7]" name="startExtent" is-config="true" duration-ms="0" started-at="2019-10-18T16:09:29 EDT" finished-at="2019-10-18T16:09:29 EDT">
          <params>
            <param index="0">
              <value>
                <![CDATA[public void home.TestTypeText.typeJoeBiden()]]>
              </value>
            </param>
          </params>
          <reporter-output>
          </reporter-output>
        </test-method> <!-- startExtent -->
        <test-method status="PASS" signature="cleanUp()[pri:0, instance:home.TestTypeText@91161c7]" name="cleanUp" is-config="true" duration-ms="178" started-at="2019-10-18T16:09:29 EDT" finished-at="2019-10-18T16:09:30 EDT">
          <reporter-output>
          </reporter-output>
        </test-method> <!-- cleanUp -->
        <test-method status="PASS" signature="setUp(java.lang.String)[pri:0, instance:home.TestTypeText@91161c7]" name="setUp" is-config="true" duration-ms="17924" started-at="2019-10-18T16:09:30 EDT" finished-at="2019-10-18T16:09:47 EDT">
          <params>
            <param index="0">
              <value>
                <![CDATA[https://www.cnn.com]]>
              </value>
            </param>
          </params>
          <reporter-output>
          </reporter-output>
        </test-method> <!-- setUp -->
        <test-method status="PASS" signature="startExtent(java.lang.reflect.Method)[pri:0, instance:home.TestTypeText@91161c7]" name="startExtent" is-config="true" duration-ms="0" started-at="2019-10-18T16:09:47 EDT" finished-at="2019-10-18T16:09:47 EDT">
          <params>
            <param index="0">
              <value>
                <![CDATA[public void home.TestTypeText.typeJustinBieber()]]>
              </value>
            </param>
          </params>
          <reporter-output>
          </reporter-output>
        </test-method> <!-- startExtent -->
        <test-method status="PASS" signature="typeJustinBieber()[pri:0, instance:home.TestTypeText@91161c7]" name="typeJustinBieber" duration-ms="1" started-at="2019-10-18T16:09:47 EDT" finished-at="2019-10-18T16:09:47 EDT">
          <reporter-output>
          </reporter-output>
        </test-method> <!-- typeJustinBieber -->
        <test-method status="PASS" signature="afterEachTestMethod(org.testng.ITestResult)[pri:0, instance:home.TestTypeText@91161c7]" name="afterEachTestMethod" is-config="true" duration-ms="22" started-at="2019-10-18T16:09:47 EDT" finished-at="2019-10-18T16:09:47 EDT">
          <params>
            <param index="0">
              <value>
                <![CDATA[[TestResult name=typeJustinBieber status=SUCCESS method=TestTypeText.typeJustinBieber()[pri:0, instance:home.TestTypeText@91161c7] output={null}]]]>
              </value>
            </param>
          </params>
          <reporter-output>
          </reporter-output>
        </test-method> <!-- afterEachTestMethod -->
        <test-method status="PASS" signature="cleanUp()[pri:0, instance:home.TestTypeText@91161c7]" name="cleanUp" is-config="true" duration-ms="212" started-at="2019-10-18T16:09:47 EDT" finished-at="2019-10-18T16:09:48 EDT">
          <reporter-output>
          </reporter-output>
        </test-method> <!-- cleanUp -->
        <test-method status="PASS" signature="setUp(java.lang.String)[pri:0, instance:home.TestTypeText@91161c7]" name="setUp" is-config="true" duration-ms="5660" started-at="2019-10-18T16:09:48 EDT" finished-at="2019-10-18T16:09:53 EDT">
          <params>
            <param index="0">
              <value>
                <![CDATA[https://www.cnn.com]]>
              </value>
            </param>
          </params>
          <reporter-output>
          </reporter-output>
        </test-method> <!-- setUp -->
        <test-method status="PASS" signature="startExtent(java.lang.reflect.Method)[pri:0, instance:home.TestTypeText@91161c7]" name="startExtent" is-config="true" duration-ms="1" started-at="2019-10-18T16:09:53 EDT" finished-at="2019-10-18T16:09:53 EDT">
          <params>
            <param index="0">
              <value>
                <![CDATA[public void home.TestTypeText.typeMichellePhan()]]>
              </value>
            </param>
          </params>
          <reporter-output>
          </reporter-output>
        </test-method> <!-- startExtent -->
        <test-method status="PASS" signature="afterEachTestMethod(org.testng.ITestResult)[pri:0, instance:home.TestTypeText@91161c7]" name="afterEachTestMethod" is-config="true" duration-ms="32" started-at="2019-10-18T16:09:53 EDT" finished-at="2019-10-18T16:09:53 EDT">
          <params>
            <param index="0">
              <value>
                <![CDATA[[TestResult name=typeMichellePhan status=SUCCESS method=TestTypeText.typeMichellePhan()[pri:0, instance:home.TestTypeText@91161c7] output={null}]]]>
              </value>
            </param>
          </params>
          <reporter-output>
          </reporter-output>
        </test-method> <!-- afterEachTestMethod -->
        <test-method status="PASS" signature="typeMichellePhan()[pri:0, instance:home.TestTypeText@91161c7]" name="typeMichellePhan" duration-ms="0" started-at="2019-10-18T16:09:53 EDT" finished-at="2019-10-18T16:09:53 EDT">
          <reporter-output>
          </reporter-output>
        </test-method> <!-- typeMichellePhan -->
        <test-method status="PASS" signature="cleanUp()[pri:0, instance:home.TestTypeText@91161c7]" name="cleanUp" is-config="true" duration-ms="147" started-at="2019-10-18T16:09:53 EDT" finished-at="2019-10-18T16:09:54 EDT">
          <reporter-output>
          </reporter-output>
        </test-method> <!-- cleanUp -->
        <test-method status="PASS" signature="setUp(java.lang.String)[pri:0, instance:home.TestTypeText@91161c7]" name="setUp" is-config="true" duration-ms="17372" started-at="2019-10-18T16:09:54 EDT" finished-at="2019-10-18T16:10:11 EDT">
          <params>
            <param index="0">
              <value>
                <![CDATA[https://www.cnn.com]]>
              </value>
            </param>
          </params>
          <reporter-output>
          </reporter-output>
        </test-method> <!-- setUp -->
        <test-method status="PASS" signature="typeMta()[pri:0, instance:home.TestTypeText@91161c7]" name="typeMta" duration-ms="0" started-at="2019-10-18T16:10:11 EDT" finished-at="2019-10-18T16:10:11 EDT">
          <reporter-output>
          </reporter-output>
        </test-method> <!-- typeMta -->
        <test-method status="PASS" signature="startExtent(java.lang.reflect.Method)[pri:0, instance:home.TestTypeText@91161c7]" name="startExtent" is-config="true" duration-ms="0" started-at="2019-10-18T16:10:11 EDT" finished-at="2019-10-18T16:10:11 EDT">
          <params>
            <param index="0">
              <value>
                <![CDATA[public void home.TestTypeText.typeMta()]]>
              </value>
            </param>
          </params>
          <reporter-output>
          </reporter-output>
        </test-method> <!-- startExtent -->
        <test-method status="PASS" signature="afterEachTestMethod(org.testng.ITestResult)[pri:0, instance:home.TestTypeText@91161c7]" name="afterEachTestMethod" is-config="true" duration-ms="25" started-at="2019-10-18T16:10:11 EDT" finished-at="2019-10-18T16:10:11 EDT">
          <params>
            <param index="0">
              <value>
                <![CDATA[[TestResult name=typeMta status=SUCCESS method=TestTypeText.typeMta()[pri:0, instance:home.TestTypeText@91161c7] output={null}]]]>
              </value>
            </param>
          </params>
          <reporter-output>
          </reporter-output>
        </test-method> <!-- afterEachTestMethod -->
        <test-method status="PASS" signature="cleanUp()[pri:0, instance:home.TestTypeText@91161c7]" name="cleanUp" is-config="true" duration-ms="249" started-at="2019-10-18T16:10:11 EDT" finished-at="2019-10-18T16:10:11 EDT">
          <reporter-output>
          </reporter-output>
        </test-method> <!-- cleanUp -->
        <test-method status="PASS" signature="setUp(java.lang.String)[pri:0, instance:home.TestTypeText@91161c7]" name="setUp" is-config="true" duration-ms="6920" started-at="2019-10-18T16:10:11 EDT" finished-at="2019-10-18T16:10:18 EDT">
          <params>
            <param index="0">
              <value>
                <![CDATA[https://www.cnn.com]]>
              </value>
            </param>
          </params>
          <reporter-output>
          </reporter-output>
        </test-method> <!-- setUp -->
        <test-method status="PASS" signature="startExtent(java.lang.reflect.Method)[pri:0, instance:home.TestTypeText@91161c7]" name="startExtent" is-config="true" duration-ms="1" started-at="2019-10-18T16:10:18 EDT" finished-at="2019-10-18T16:10:18 EDT">
          <params>
            <param index="0">
              <value>
                <![CDATA[public void home.TestTypeText.typeNYPD()]]>
              </value>
            </param>
          </params>
          <reporter-output>
          </reporter-output>
        </test-method> <!-- startExtent -->
        <test-method status="PASS" signature="typeNYPD()[pri:0, instance:home.TestTypeText@91161c7]" name="typeNYPD" duration-ms="0" started-at="2019-10-18T16:10:18 EDT" finished-at="2019-10-18T16:10:18 EDT">
          <reporter-output>
          </reporter-output>
        </test-method> <!-- typeNYPD -->
        <test-method status="PASS" signature="afterEachTestMethod(org.testng.ITestResult)[pri:0, instance:home.TestTypeText@91161c7]" name="afterEachTestMethod" is-config="true" duration-ms="22" started-at="2019-10-18T16:10:18 EDT" finished-at="2019-10-18T16:10:18 EDT">
          <params>
            <param index="0">
              <value>
                <![CDATA[[TestResult name=typeNYPD status=SUCCESS method=TestTypeText.typeNYPD()[pri:0, instance:home.TestTypeText@91161c7] output={null}]]]>
              </value>
            </param>
          </params>
          <reporter-output>
          </reporter-output>
        </test-method> <!-- afterEachTestMethod -->
        <test-method status="PASS" signature="cleanUp()[pri:0, instance:home.TestTypeText@91161c7]" name="cleanUp" is-config="true" duration-ms="272" started-at="2019-10-18T16:10:18 EDT" finished-at="2019-10-18T16:10:18 EDT">
          <reporter-output>
          </reporter-output>
        </test-method> <!-- cleanUp -->
        <test-method status="PASS" signature="setUp(java.lang.String)[pri:0, instance:home.TestTypeText@91161c7]" name="setUp" is-config="true" duration-ms="15758" started-at="2019-10-18T16:10:18 EDT" finished-at="2019-10-18T16:10:34 EDT">
          <params>
            <param index="0">
              <value>
                <![CDATA[https://www.cnn.com]]>
              </value>
            </param>
          </params>
          <reporter-output>
          </reporter-output>
        </test-method> <!-- setUp -->
        <test-method status="PASS" signature="startExtent(java.lang.reflect.Method)[pri:0, instance:home.TestTypeText@91161c7]" name="startExtent" is-config="true" duration-ms="1" started-at="2019-10-18T16:10:34 EDT" finished-at="2019-10-18T16:10:34 EDT">
          <params>
            <param index="0">
              <value>
                <![CDATA[public void home.TestTypeText.typeNYSubway()]]>
              </value>
            </param>
          </params>
          <reporter-output>
          </reporter-output>
        </test-method> <!-- startExtent -->
        <test-method status="PASS" signature="typeNYSubway()[pri:0, instance:home.TestTypeText@91161c7]" name="typeNYSubway" duration-ms="0" started-at="2019-10-18T16:10:34 EDT" finished-at="2019-10-18T16:10:34 EDT">
          <reporter-output>
          </reporter-output>
        </test-method> <!-- typeNYSubway -->
        <test-method status="PASS" signature="afterEachTestMethod(org.testng.ITestResult)[pri:0, instance:home.TestTypeText@91161c7]" name="afterEachTestMethod" is-config="true" duration-ms="28" started-at="2019-10-18T16:10:34 EDT" finished-at="2019-10-18T16:10:34 EDT">
          <params>
            <param index="0">
              <value>
                <![CDATA[[TestResult name=typeNYSubway status=SUCCESS method=TestTypeText.typeNYSubway()[pri:0, instance:home.TestTypeText@91161c7] output={null}]]]>
              </value>
            </param>
          </params>
          <reporter-output>
          </reporter-output>
        </test-method> <!-- afterEachTestMethod -->
        <test-method status="PASS" signature="cleanUp()[pri:0, instance:home.TestTypeText@91161c7]" name="cleanUp" is-config="true" duration-ms="229" started-at="2019-10-18T16:10:34 EDT" finished-at="2019-10-18T16:10:34 EDT">
          <reporter-output>
          </reporter-output>
        </test-method> <!-- cleanUp -->
        <test-method status="PASS" signature="setUp(java.lang.String)[pri:0, instance:home.TestTypeText@91161c7]" name="setUp" is-config="true" duration-ms="26506" started-at="2019-10-18T16:10:34 EDT" finished-at="2019-10-18T16:11:01 EDT">
          <params>
            <param index="0">
              <value>
                <![CDATA[https://www.cnn.com]]>
              </value>
            </param>
          </params>
          <reporter-output>
          </reporter-output>
        </test-method> <!-- setUp -->
        <test-method status="PASS" signature="typeNancyPelosi()[pri:0, instance:home.TestTypeText@91161c7]" name="typeNancyPelosi" duration-ms="0" started-at="2019-10-18T16:11:01 EDT" finished-at="2019-10-18T16:11:01 EDT">
          <reporter-output>
          </reporter-output>
        </test-method> <!-- typeNancyPelosi -->
        <test-method status="PASS" signature="startExtent(java.lang.reflect.Method)[pri:0, instance:home.TestTypeText@91161c7]" name="startExtent" is-config="true" duration-ms="0" started-at="2019-10-18T16:11:01 EDT" finished-at="2019-10-18T16:11:01 EDT">
          <params>
            <param index="0">
              <value>
                <![CDATA[public void home.TestTypeText.typeNancyPelosi()]]>
              </value>
            </param>
          </params>
          <reporter-output>
          </reporter-output>
        </test-method> <!-- startExtent -->
        <test-method status="PASS" signature="afterEachTestMethod(org.testng.ITestResult)[pri:0, instance:home.TestTypeText@91161c7]" name="afterEachTestMethod" is-config="true" duration-ms="30" started-at="2019-10-18T16:11:01 EDT" finished-at="2019-10-18T16:11:01 EDT">
          <params>
            <param index="0">
              <value>
                <![CDATA[[TestResult name=typeNancyPelosi status=SUCCESS method=TestTypeText.typeNancyPelosi()[pri:0, instance:home.TestTypeText@91161c7] output={null}]]]>
              </value>
            </param>
          </params>
          <reporter-output>
          </reporter-output>
        </test-method> <!-- afterEachTestMethod -->
        <test-method status="PASS" signature="cleanUp()[pri:0, instance:home.TestTypeText@91161c7]" name="cleanUp" is-config="true" duration-ms="225" started-at="2019-10-18T16:11:01 EDT" finished-at="2019-10-18T16:11:01 EDT">
          <reporter-output>
          </reporter-output>
        </test-method> <!-- cleanUp -->
        <test-method status="PASS" signature="setUp(java.lang.String)[pri:0, instance:home.TestTypeText@91161c7]" name="setUp" is-config="true" duration-ms="12931" started-at="2019-10-18T16:11:01 EDT" finished-at="2019-10-18T16:11:14 EDT">
          <params>
            <param index="0">
              <value>
                <![CDATA[https://www.cnn.com]]>
              </value>
            </param>
          </params>
          <reporter-output>
          </reporter-output>
        </test-method> <!-- setUp -->
        <test-method status="PASS" signature="startExtent(java.lang.reflect.Method)[pri:0, instance:home.TestTypeText@91161c7]" name="startExtent" is-config="true" duration-ms="0" started-at="2019-10-18T16:11:14 EDT" finished-at="2019-10-18T16:11:14 EDT">
          <params>
            <param index="0">
              <value>
                <![CDATA[public void home.TestTypeText.typeNasa()]]>
              </value>
            </param>
          </params>
          <reporter-output>
          </reporter-output>
        </test-method> <!-- startExtent -->
        <test-method status="PASS" signature="afterEachTestMethod(org.testng.ITestResult)[pri:0, instance:home.TestTypeText@91161c7]" name="afterEachTestMethod" is-config="true" duration-ms="29" started-at="2019-10-18T16:11:14 EDT" finished-at="2019-10-18T16:11:14 EDT">
          <params>
            <param index="0">
              <value>
                <![CDATA[[TestResult name=typeNasa status=SUCCESS method=TestTypeText.typeNasa()[pri:0, instance:home.TestTypeText@91161c7] output={null}]]]>
              </value>
            </param>
          </params>
          <reporter-output>
          </reporter-output>
        </test-method> <!-- afterEachTestMethod -->
        <test-method status="PASS" signature="typeNasa()[pri:0, instance:home.TestTypeText@91161c7]" name="typeNasa" duration-ms="0" started-at="2019-10-18T16:11:14 EDT" finished-at="2019-10-18T16:11:14 EDT">
          <reporter-output>
          </reporter-output>
        </test-method> <!-- typeNasa -->
        <test-method status="PASS" signature="cleanUp()[pri:0, instance:home.TestTypeText@91161c7]" name="cleanUp" is-config="true" duration-ms="222" started-at="2019-10-18T16:11:14 EDT" finished-at="2019-10-18T16:11:14 EDT">
          <reporter-output>
          </reporter-output>
        </test-method> <!-- cleanUp -->
        <test-method status="PASS" signature="setUp(java.lang.String)[pri:0, instance:home.TestTypeText@91161c7]" name="setUp" is-config="true" duration-ms="9900" started-at="2019-10-18T16:11:14 EDT" finished-at="2019-10-18T16:11:24 EDT">
          <params>
            <param index="0">
              <value>
                <![CDATA[https://www.cnn.com]]>
              </value>
            </param>
          </params>
          <reporter-output>
          </reporter-output>
        </test-method> <!-- setUp -->
        <test-method status="PASS" signature="startExtent(java.lang.reflect.Method)[pri:0, instance:home.TestTypeText@91161c7]" name="startExtent" is-config="true" duration-ms="1" started-at="2019-10-18T16:11:24 EDT" finished-at="2019-10-18T16:11:24 EDT">
          <params>
            <param index="0">
              <value>
                <![CDATA[public void home.TestTypeText.typeRecent()]]>
              </value>
            </param>
          </params>
          <reporter-output>
          </reporter-output>
        </test-method> <!-- startExtent -->
        <test-method status="PASS" signature="afterEachTestMethod(org.testng.ITestResult)[pri:0, instance:home.TestTypeText@91161c7]" name="afterEachTestMethod" is-config="true" duration-ms="33" started-at="2019-10-18T16:11:24 EDT" finished-at="2019-10-18T16:11:24 EDT">
          <params>
            <param index="0">
              <value>
                <![CDATA[[TestResult name=typeRecent status=SUCCESS method=TestTypeText.typeRecent()[pri:0, instance:home.TestTypeText@91161c7] output={null}]]]>
              </value>
            </param>
          </params>
          <reporter-output>
          </reporter-output>
        </test-method> <!-- afterEachTestMethod -->
        <test-method status="PASS" signature="typeRecent()[pri:0, instance:home.TestTypeText@91161c7]" name="typeRecent" duration-ms="0" started-at="2019-10-18T16:11:24 EDT" finished-at="2019-10-18T16:11:24 EDT">
          <reporter-output>
          </reporter-output>
        </test-method> <!-- typeRecent -->
        <test-method status="PASS" signature="cleanUp()[pri:0, instance:home.TestTypeText@91161c7]" name="cleanUp" is-config="true" duration-ms="299" started-at="2019-10-18T16:11:24 EDT" finished-at="2019-10-18T16:11:25 EDT">
          <reporter-output>
          </reporter-output>
        </test-method> <!-- cleanUp -->
        <test-method status="PASS" signature="setUp(java.lang.String)[pri:0, instance:home.TestTypeText@91161c7]" name="setUp" is-config="true" duration-ms="10889" started-at="2019-10-18T16:11:25 EDT" finished-at="2019-10-18T16:11:35 EDT">
          <params>
            <param index="0">
              <value>
                <![CDATA[https://www.cnn.com]]>
              </value>
            </param>
          </params>
          <reporter-output>
          </reporter-output>
        </test-method> <!-- setUp -->
        <test-method status="PASS" signature="startExtent(java.lang.reflect.Method)[pri:0, instance:home.TestTypeText@91161c7]" name="startExtent" is-config="true" duration-ms="0" started-at="2019-10-18T16:11:35 EDT" finished-at="2019-10-18T16:11:35 EDT">
          <params>
            <param index="0">
              <value>
                <![CDATA[public void home.TestTypeText.typeRepublicans()]]>
              </value>
            </param>
          </params>
          <reporter-output>
          </reporter-output>
        </test-method> <!-- startExtent -->
        <test-method status="PASS" signature="afterEachTestMethod(org.testng.ITestResult)[pri:0, instance:home.TestTypeText@91161c7]" name="afterEachTestMethod" is-config="true" duration-ms="24" started-at="2019-10-18T16:11:35 EDT" finished-at="2019-10-18T16:11:35 EDT">
          <params>
            <param index="0">
              <value>
                <![CDATA[[TestResult name=typeRepublicans status=SUCCESS method=TestTypeText.typeRepublicans()[pri:0, instance:home.TestTypeText@91161c7] output={null}]]]>
              </value>
            </param>
          </params>
          <reporter-output>
          </reporter-output>
        </test-method> <!-- afterEachTestMethod -->
        <test-method status="PASS" signature="typeRepublicans()[pri:0, instance:home.TestTypeText@91161c7]" name="typeRepublicans" duration-ms="0" started-at="2019-10-18T16:11:35 EDT" finished-at="2019-10-18T16:11:35 EDT">
          <reporter-output>
          </reporter-output>
        </test-method> <!-- typeRepublicans -->
        <test-method status="PASS" signature="cleanUp()[pri:0, instance:home.TestTypeText@91161c7]" name="cleanUp" is-config="true" duration-ms="198" started-at="2019-10-18T16:11:35 EDT" finished-at="2019-10-18T16:11:36 EDT">
          <reporter-output>
          </reporter-output>
        </test-method> <!-- cleanUp -->
        <test-method status="PASS" signature="setUp(java.lang.String)[pri:0, instance:home.TestTypeText@91161c7]" name="setUp" is-config="true" duration-ms="8787" started-at="2019-10-18T16:11:36 EDT" finished-at="2019-10-18T16:11:44 EDT">
          <params>
            <param index="0">
              <value>
                <![CDATA[https://www.cnn.com]]>
              </value>
            </param>
          </params>
          <reporter-output>
          </reporter-output>
        </test-method> <!-- setUp -->
        <test-method status="PASS" signature="startExtent(java.lang.reflect.Method)[pri:0, instance:home.TestTypeText@91161c7]" name="startExtent" is-config="true" duration-ms="1" started-at="2019-10-18T16:11:44 EDT" finished-at="2019-10-18T16:11:44 EDT">
          <params>
            <param index="0">
              <value>
                <![CDATA[public void home.TestTypeText.typeSamsung()]]>
              </value>
            </param>
          </params>
          <reporter-output>
          </reporter-output>
        </test-method> <!-- startExtent -->
        <test-method status="PASS" signature="afterEachTestMethod(org.testng.ITestResult)[pri:0, instance:home.TestTypeText@91161c7]" name="afterEachTestMethod" is-config="true" duration-ms="26" started-at="2019-10-18T16:11:44 EDT" finished-at="2019-10-18T16:11:44 EDT">
          <params>
            <param index="0">
              <value>
                <![CDATA[[TestResult name=typeSamsung status=SUCCESS method=TestTypeText.typeSamsung()[pri:0, instance:home.TestTypeText@91161c7] output={null}]]]>
              </value>
            </param>
          </params>
          <reporter-output>
          </reporter-output>
        </test-method> <!-- afterEachTestMethod -->
        <test-method status="PASS" signature="typeSamsung()[pri:0, instance:home.TestTypeText@91161c7]" name="typeSamsung" duration-ms="0" started-at="2019-10-18T16:11:44 EDT" finished-at="2019-10-18T16:11:44 EDT">
          <reporter-output>
          </reporter-output>
        </test-method> <!-- typeSamsung -->
        <test-method status="PASS" signature="cleanUp()[pri:0, instance:home.TestTypeText@91161c7]" name="cleanUp" is-config="true" duration-ms="247" started-at="2019-10-18T16:11:44 EDT" finished-at="2019-10-18T16:11:45 EDT">
          <reporter-output>
          </reporter-output>
        </test-method> <!-- cleanUp -->
        <test-method status="PASS" signature="setUp(java.lang.String)[pri:0, instance:home.TestTypeText@91161c7]" name="setUp" is-config="true" duration-ms="18608" started-at="2019-10-18T16:11:45 EDT" finished-at="2019-10-18T16:12:03 EDT">
          <params>
            <param index="0">
              <value>
                <![CDATA[https://www.cnn.com]]>
              </value>
            </param>
          </params>
          <reporter-output>
          </reporter-output>
        </test-method> <!-- setUp -->
        <test-method status="PASS" signature="afterEachTestMethod(org.testng.ITestResult)[pri:0, instance:home.TestTypeText@91161c7]" name="afterEachTestMethod" is-config="true" duration-ms="23" started-at="2019-10-18T16:12:03 EDT" finished-at="2019-10-18T16:12:03 EDT">
          <params>
            <param index="0">
              <value>
                <![CDATA[[TestResult name=typeTechnology status=SUCCESS method=TestTypeText.typeTechnology()[pri:0, instance:home.TestTypeText@91161c7] output={null}]]]>
              </value>
            </param>
          </params>
          <reporter-output>
          </reporter-output>
        </test-method> <!-- afterEachTestMethod -->
        <test-method status="PASS" signature="typeTechnology()[pri:0, instance:home.TestTypeText@91161c7]" name="typeTechnology" duration-ms="0" started-at="2019-10-18T16:12:03 EDT" finished-at="2019-10-18T16:12:03 EDT">
          <reporter-output>
          </reporter-output>
        </test-method> <!-- typeTechnology -->
        <test-method status="PASS" signature="startExtent(java.lang.reflect.Method)[pri:0, instance:home.TestTypeText@91161c7]" name="startExtent" is-config="true" duration-ms="0" started-at="2019-10-18T16:12:03 EDT" finished-at="2019-10-18T16:12:03 EDT">
          <params>
            <param index="0">
              <value>
                <![CDATA[public void home.TestTypeText.typeTechnology()]]>
              </value>
            </param>
          </params>
          <reporter-output>
          </reporter-output>
        </test-method> <!-- startExtent -->
        <test-method status="PASS" signature="cleanUp()[pri:0, instance:home.TestTypeText@91161c7]" name="cleanUp" is-config="true" duration-ms="233" started-at="2019-10-18T16:12:03 EDT" finished-at="2019-10-18T16:12:04 EDT">
          <reporter-output>
          </reporter-output>
        </test-method> <!-- cleanUp -->
        <test-method status="PASS" signature="setUp(java.lang.String)[pri:0, instance:home.TestTypeText@91161c7]" name="setUp" is-config="true" duration-ms="6884" started-at="2019-10-18T16:12:04 EDT" finished-at="2019-10-18T16:12:10 EDT">
          <params>
            <param index="0">
              <value>
                <![CDATA[https://www.cnn.com]]>
              </value>
            </param>
          </params>
          <reporter-output>
          </reporter-output>
        </test-method> <!-- setUp -->
        <test-method status="PASS" signature="afterEachTestMethod(org.testng.ITestResult)[pri:0, instance:home.TestTypeText@91161c7]" name="afterEachTestMethod" is-config="true" duration-ms="21" started-at="2019-10-18T16:12:10 EDT" finished-at="2019-10-18T16:12:11 EDT">
          <params>
            <param index="0">
              <value>
                <![CDATA[[TestResult name=typeTrump status=SUCCESS method=TestTypeText.typeTrump()[pri:0, instance:home.TestTypeText@91161c7] output={null}]]]>
              </value>
            </param>
          </params>
          <reporter-output>
          </reporter-output>
        </test-method> <!-- afterEachTestMethod -->
        <test-method status="PASS" signature="typeTrump()[pri:0, instance:home.TestTypeText@91161c7]" name="typeTrump" duration-ms="0" started-at="2019-10-18T16:12:10 EDT" finished-at="2019-10-18T16:12:10 EDT">
          <reporter-output>
          </reporter-output>
        </test-method> <!-- typeTrump -->
        <test-method status="PASS" signature="startExtent(java.lang.reflect.Method)[pri:0, instance:home.TestTypeText@91161c7]" name="startExtent" is-config="true" duration-ms="0" started-at="2019-10-18T16:12:10 EDT" finished-at="2019-10-18T16:12:10 EDT">
          <params>
            <param index="0">
              <value>
                <![CDATA[public void home.TestTypeText.typeTrump()]]>
              </value>
            </param>
          </params>
          <reporter-output>
          </reporter-output>
        </test-method> <!-- startExtent -->
        <test-method status="PASS" signature="cleanUp()[pri:0, instance:home.TestTypeText@91161c7]" name="cleanUp" is-config="true" duration-ms="243" started-at="2019-10-18T16:12:11 EDT" finished-at="2019-10-18T16:12:11 EDT">
          <reporter-output>
          </reporter-output>
        </test-method> <!-- cleanUp -->
        <test-method status="PASS" signature="setUp(java.lang.String)[pri:0, instance:home.TestTypeText@91161c7]" name="setUp" is-config="true" duration-ms="8432" started-at="2019-10-18T16:12:11 EDT" finished-at="2019-10-18T16:12:19 EDT">
          <params>
            <param index="0">
              <value>
                <![CDATA[https://www.cnn.com]]>
              </value>
            </param>
          </params>
          <reporter-output>
          </reporter-output>
        </test-method> <!-- setUp -->
        <test-method status="PASS" signature="afterEachTestMethod(org.testng.ITestResult)[pri:0, instance:home.TestTypeText@91161c7]" name="afterEachTestMethod" is-config="true" duration-ms="25" started-at="2019-10-18T16:12:19 EDT" finished-at="2019-10-18T16:12:19 EDT">
          <params>
            <param index="0">
              <value>
                <![CDATA[[TestResult name=typeUnemployment status=SUCCESS method=TestTypeText.typeUnemployment()[pri:0, instance:home.TestTypeText@91161c7] output={null}]]]>
              </value>
            </param>
          </params>
          <reporter-output>
          </reporter-output>
        </test-method> <!-- afterEachTestMethod -->
        <test-method status="PASS" signature="startExtent(java.lang.reflect.Method)[pri:0, instance:home.TestTypeText@91161c7]" name="startExtent" is-config="true" duration-ms="0" started-at="2019-10-18T16:12:19 EDT" finished-at="2019-10-18T16:12:19 EDT">
          <params>
            <param index="0">
              <value>
                <![CDATA[public void home.TestTypeText.typeUnemployment()]]>
              </value>
            </param>
          </params>
          <reporter-output>
          </reporter-output>
        </test-method> <!-- startExtent -->
        <test-method status="PASS" signature="typeUnemployment()[pri:0, instance:home.TestTypeText@91161c7]" name="typeUnemployment" duration-ms="0" started-at="2019-10-18T16:12:19 EDT" finished-at="2019-10-18T16:12:19 EDT">
          <reporter-output>
          </reporter-output>
        </test-method> <!-- typeUnemployment -->
        <test-method status="PASS" signature="cleanUp()[pri:0, instance:home.TestTypeText@91161c7]" name="cleanUp" is-config="true" duration-ms="209" started-at="2019-10-18T16:12:19 EDT" finished-at="2019-10-18T16:12:19 EDT">
          <reporter-output>
          </reporter-output>
        </test-method> <!-- cleanUp -->
        <test-method status="PASS" signature="setUp(java.lang.String)[pri:0, instance:home.TestTypeText@91161c7]" name="setUp" is-config="true" duration-ms="9184" started-at="2019-10-18T16:12:19 EDT" finished-at="2019-10-18T16:12:29 EDT">
          <params>
            <param index="0">
              <value>
                <![CDATA[https://www.cnn.com]]>
              </value>
            </param>
          </params>
          <reporter-output>
          </reporter-output>
        </test-method> <!-- setUp -->
        <test-method status="PASS" signature="startExtent(java.lang.reflect.Method)[pri:0, instance:home.TestTypeText@91161c7]" name="startExtent" is-config="true" duration-ms="0" started-at="2019-10-18T16:12:29 EDT" finished-at="2019-10-18T16:12:29 EDT">
          <params>
            <param index="0">
              <value>
                <![CDATA[public void home.TestTypeText.typeVoting()]]>
              </value>
            </param>
          </params>
          <reporter-output>
          </reporter-output>
        </test-method> <!-- startExtent -->
        <test-method status="PASS" signature="typeVoting()[pri:0, instance:home.TestTypeText@91161c7]" name="typeVoting" duration-ms="1" started-at="2019-10-18T16:12:29 EDT" finished-at="2019-10-18T16:12:29 EDT">
          <reporter-output>
          </reporter-output>
        </test-method> <!-- typeVoting -->
        <test-method status="PASS" signature="afterEachTestMethod(org.testng.ITestResult)[pri:0, instance:home.TestTypeText@91161c7]" name="afterEachTestMethod" is-config="true" duration-ms="35" started-at="2019-10-18T16:12:29 EDT" finished-at="2019-10-18T16:12:29 EDT">
          <params>
            <param index="0">
              <value>
                <![CDATA[[TestResult name=typeVoting status=SUCCESS method=TestTypeText.typeVoting()[pri:0, instance:home.TestTypeText@91161c7] output={null}]]]>
              </value>
            </param>
          </params>
          <reporter-output>
          </reporter-output>
        </test-method> <!-- afterEachTestMethod -->
        <test-method status="PASS" signature="cleanUp()[pri:0, instance:home.TestTypeText@91161c7]" name="cleanUp" is-config="true" duration-ms="280" started-at="2019-10-18T16:12:29 EDT" finished-at="2019-10-18T16:12:29 EDT">
          <reporter-output>
          </reporter-output>
        </test-method> <!-- cleanUp -->
      </class> <!-- home.TestTypeText -->
      <class name="home.TestSearchText">
        <test-method status="PASS" signature="setUp(java.lang.String)[pri:0, instance:home.TestSearchText@604ed9f0]" name="setUp" is-config="true" duration-ms="15845" started-at="2019-10-18T16:12:29 EDT" finished-at="2019-10-18T16:12:45 EDT">
          <params>
            <param index="0">
              <value>
                <![CDATA[https://www.cnn.com]]>
              </value>
            </param>
          </params>
          <reporter-output>
          </reporter-output>
        </test-method> <!-- setUp -->
        <test-method status="PASS" signature="startExtent(java.lang.reflect.Method)[pri:0, instance:home.TestSearchText@604ed9f0]" name="startExtent" is-config="true" duration-ms="1" started-at="2019-10-18T16:12:45 EDT" finished-at="2019-10-18T16:12:45 EDT">
          <params>
            <param index="0">
              <value>
                <![CDATA[public void home.TestSearchText.cnnCareers()]]>
              </value>
            </param>
          </params>
          <reporter-output>
          </reporter-output>
        </test-method> <!-- startExtent -->
        <test-method status="PASS" signature="afterEachTestMethod(org.testng.ITestResult)[pri:0, instance:home.TestSearchText@604ed9f0]" name="afterEachTestMethod" is-config="true" duration-ms="21" started-at="2019-10-18T16:12:45 EDT" finished-at="2019-10-18T16:12:45 EDT">
          <params>
            <param index="0">
              <value>
                <![CDATA[[TestResult name=cnnCareers status=SUCCESS method=TestSearchText.cnnCareers()[pri:0, instance:home.TestSearchText@604ed9f0] output={null}]]]>
              </value>
            </param>
          </params>
          <reporter-output>
          </reporter-output>
        </test-method> <!-- afterEachTestMethod -->
        <test-method status="PASS" signature="cnnCareers()[pri:0, instance:home.TestSearchText@604ed9f0]" name="cnnCareers" duration-ms="0" started-at="2019-10-18T16:12:45 EDT" finished-at="2019-10-18T16:12:45 EDT">
          <reporter-output>
          </reporter-output>
        </test-method> <!-- cnnCareers -->
        <test-method status="PASS" signature="cleanUp()[pri:0, instance:home.TestSearchText@604ed9f0]" name="cleanUp" is-config="true" duration-ms="215" started-at="2019-10-18T16:12:45 EDT" finished-at="2019-10-18T16:12:45 EDT">
          <reporter-output>
          </reporter-output>
        </test-method> <!-- cleanUp -->
        <test-method status="PASS" signature="setUp(java.lang.String)[pri:0, instance:home.TestSearchText@604ed9f0]" name="setUp" is-config="true" duration-ms="5345" started-at="2019-10-18T16:12:45 EDT" finished-at="2019-10-18T16:12:50 EDT">
          <params>
            <param index="0">
              <value>
                <![CDATA[https://www.cnn.com]]>
              </value>
            </param>
          </params>
          <reporter-output>
          </reporter-output>
        </test-method> <!-- setUp -->
        <test-method status="PASS" signature="followOnFacebook()[pri:0, instance:home.TestSearchText@604ed9f0]" name="followOnFacebook" duration-ms="1" started-at="2019-10-18T16:12:50 EDT" finished-at="2019-10-18T16:12:50 EDT">
          <reporter-output>
          </reporter-output>
        </test-method> <!-- followOnFacebook -->
        <test-method status="PASS" signature="startExtent(java.lang.reflect.Method)[pri:0, instance:home.TestSearchText@604ed9f0]" name="startExtent" is-config="true" duration-ms="0" started-at="2019-10-18T16:12:50 EDT" finished-at="2019-10-18T16:12:50 EDT">
          <params>
            <param index="0">
              <value>
                <![CDATA[public void home.TestSearchText.followOnFacebook()]]>
              </value>
            </param>
          </params>
          <reporter-output>
          </reporter-output>
        </test-method> <!-- startExtent -->
        <test-method status="PASS" signature="afterEachTestMethod(org.testng.ITestResult)[pri:0, instance:home.TestSearchText@604ed9f0]" name="afterEachTestMethod" is-config="true" duration-ms="30" started-at="2019-10-18T16:12:50 EDT" finished-at="2019-10-18T16:12:50 EDT">
          <params>
            <param index="0">
              <value>
                <![CDATA[[TestResult name=followOnFacebook status=SUCCESS method=TestSearchText.followOnFacebook()[pri:0, instance:home.TestSearchText@604ed9f0] output={null}]]]>
              </value>
            </param>
          </params>
          <reporter-output>
          </reporter-output>
        </test-method> <!-- afterEachTestMethod -->
        <test-method status="PASS" signature="cleanUp()[pri:0, instance:home.TestSearchText@604ed9f0]" name="cleanUp" is-config="true" duration-ms="166" started-at="2019-10-18T16:12:50 EDT" finished-at="2019-10-18T16:12:51 EDT">
          <reporter-output>
          </reporter-output>
        </test-method> <!-- cleanUp -->
        <test-method status="PASS" signature="setUp(java.lang.String)[pri:0, instance:home.TestSearchText@604ed9f0]" name="setUp" is-config="true" duration-ms="12476" started-at="2019-10-18T16:12:51 EDT" finished-at="2019-10-18T16:13:03 EDT">
          <params>
            <param index="0">
              <value>
                <![CDATA[https://www.cnn.com]]>
              </value>
            </param>
          </params>
          <reporter-output>
          </reporter-output>
        </test-method> <!-- setUp -->
        <test-method status="PASS" signature="startExtent(java.lang.reflect.Method)[pri:0, instance:home.TestSearchText@604ed9f0]" name="startExtent" is-config="true" duration-ms="0" started-at="2019-10-18T16:13:03 EDT" finished-at="2019-10-18T16:13:03 EDT">
          <params>
            <param index="0">
              <value>
                <![CDATA[public void home.TestSearchText.followOnInstagram()]]>
              </value>
            </param>
          </params>
          <reporter-output>
          </reporter-output>
        </test-method> <!-- startExtent -->
        <test-method status="PASS" signature="followOnInstagram()[pri:0, instance:home.TestSearchText@604ed9f0]" name="followOnInstagram" duration-ms="0" started-at="2019-10-18T16:13:03 EDT" finished-at="2019-10-18T16:13:03 EDT">
          <reporter-output>
          </reporter-output>
        </test-method> <!-- followOnInstagram -->
        <test-method status="PASS" signature="afterEachTestMethod(org.testng.ITestResult)[pri:0, instance:home.TestSearchText@604ed9f0]" name="afterEachTestMethod" is-config="true" duration-ms="26" started-at="2019-10-18T16:13:03 EDT" finished-at="2019-10-18T16:13:03 EDT">
          <params>
            <param index="0">
              <value>
                <![CDATA[[TestResult name=followOnInstagram status=SUCCESS method=TestSearchText.followOnInstagram()[pri:0, instance:home.TestSearchText@604ed9f0] output={null}]]]>
              </value>
            </param>
          </params>
          <reporter-output>
          </reporter-output>
        </test-method> <!-- afterEachTestMethod -->
        <test-method status="PASS" signature="cleanUp()[pri:0, instance:home.TestSearchText@604ed9f0]" name="cleanUp" is-config="true" duration-ms="245" started-at="2019-10-18T16:13:03 EDT" finished-at="2019-10-18T16:13:03 EDT">
          <reporter-output>
          </reporter-output>
        </test-method> <!-- cleanUp -->
        <test-method status="PASS" signature="setUp(java.lang.String)[pri:0, instance:home.TestSearchText@604ed9f0]" name="setUp" is-config="true" duration-ms="6525" started-at="2019-10-18T16:13:03 EDT" finished-at="2019-10-18T16:13:10 EDT">
          <params>
            <param index="0">
              <value>
                <![CDATA[https://www.cnn.com]]>
              </value>
            </param>
          </params>
          <reporter-output>
          </reporter-output>
        </test-method> <!-- setUp -->
        <test-method status="PASS" signature="startExtent(java.lang.reflect.Method)[pri:0, instance:home.TestSearchText@604ed9f0]" name="startExtent" is-config="true" duration-ms="0" started-at="2019-10-18T16:13:10 EDT" finished-at="2019-10-18T16:13:10 EDT">
          <params>
            <param index="0">
              <value>
                <![CDATA[public void home.TestSearchText.followOnTwitter()]]>
              </value>
            </param>
          </params>
          <reporter-output>
          </reporter-output>
        </test-method> <!-- startExtent -->
        <test-method status="PASS" signature="followOnTwitter()[pri:0, instance:home.TestSearchText@604ed9f0]" name="followOnTwitter" duration-ms="0" started-at="2019-10-18T16:13:10 EDT" finished-at="2019-10-18T16:13:10 EDT">
          <reporter-output>
          </reporter-output>
        </test-method> <!-- followOnTwitter -->
        <test-method status="PASS" signature="afterEachTestMethod(org.testng.ITestResult)[pri:0, instance:home.TestSearchText@604ed9f0]" name="afterEachTestMethod" is-config="true" duration-ms="29" started-at="2019-10-18T16:13:10 EDT" finished-at="2019-10-18T16:13:10 EDT">
          <params>
            <param index="0">
              <value>
                <![CDATA[[TestResult name=followOnTwitter status=SUCCESS method=TestSearchText.followOnTwitter()[pri:0, instance:home.TestSearchText@604ed9f0] output={null}]]]>
              </value>
            </param>
          </params>
          <reporter-output>
          </reporter-output>
        </test-method> <!-- afterEachTestMethod -->
        <test-method status="PASS" signature="cleanUp()[pri:0, instance:home.TestSearchText@604ed9f0]" name="cleanUp" is-config="true" duration-ms="307" started-at="2019-10-18T16:13:10 EDT" finished-at="2019-10-18T16:13:10 EDT">
          <reporter-output>
          </reporter-output>
        </test-method> <!-- cleanUp -->
        <test-method status="PASS" signature="setUp(java.lang.String)[pri:0, instance:home.TestSearchText@604ed9f0]" name="setUp" is-config="true" duration-ms="7228" started-at="2019-10-18T16:13:10 EDT" finished-at="2019-10-18T16:13:17 EDT">
          <params>
            <param index="0">
              <value>
                <![CDATA[https://www.cnn.com]]>
              </value>
            </param>
          </params>
          <reporter-output>
          </reporter-output>
        </test-method> <!-- setUp -->
        <test-method status="PASS" signature="getChina()[pri:0, instance:home.TestSearchText@604ed9f0]" name="getChina" duration-ms="0" started-at="2019-10-18T16:13:17 EDT" finished-at="2019-10-18T16:13:17 EDT">
          <reporter-output>
          </reporter-output>
        </test-method> <!-- getChina -->
        <test-method status="PASS" signature="startExtent(java.lang.reflect.Method)[pri:0, instance:home.TestSearchText@604ed9f0]" name="startExtent" is-config="true" duration-ms="0" started-at="2019-10-18T16:13:17 EDT" finished-at="2019-10-18T16:13:17 EDT">
          <params>
            <param index="0">
              <value>
                <![CDATA[public void home.TestSearchText.getChina()]]>
              </value>
            </param>
          </params>
          <reporter-output>
          </reporter-output>
        </test-method> <!-- startExtent -->
        <test-method status="PASS" signature="afterEachTestMethod(org.testng.ITestResult)[pri:0, instance:home.TestSearchText@604ed9f0]" name="afterEachTestMethod" is-config="true" duration-ms="26" started-at="2019-10-18T16:13:17 EDT" finished-at="2019-10-18T16:13:17 EDT">
          <params>
            <param index="0">
              <value>
                <![CDATA[[TestResult name=getChina status=SUCCESS method=TestSearchText.getChina()[pri:0, instance:home.TestSearchText@604ed9f0] output={null}]]]>
              </value>
            </param>
          </params>
          <reporter-output>
          </reporter-output>
        </test-method> <!-- afterEachTestMethod -->
        <test-method status="PASS" signature="cleanUp()[pri:0, instance:home.TestSearchText@604ed9f0]" name="cleanUp" is-config="true" duration-ms="349" started-at="2019-10-18T16:13:17 EDT" finished-at="2019-10-18T16:13:18 EDT">
          <reporter-output>
          </reporter-output>
        </test-method> <!-- cleanUp -->
        <test-method status="PASS" signature="setUp(java.lang.String)[pri:0, instance:home.TestSearchText@604ed9f0]" name="setUp" is-config="true" duration-ms="6379" started-at="2019-10-18T16:13:18 EDT" finished-at="2019-10-18T16:13:24 EDT">
          <params>
            <param index="0">
              <value>
                <![CDATA[https://www.cnn.com]]>
              </value>
            </param>
          </params>
          <reporter-output>
          </reporter-output>
        </test-method> <!-- setUp -->
        <test-method status="PASS" signature="startExtent(java.lang.reflect.Method)[pri:0, instance:home.TestSearchText@604ed9f0]" name="startExtent" is-config="true" duration-ms="1" started-at="2019-10-18T16:13:24 EDT" finished-at="2019-10-18T16:13:24 EDT">
          <params>
            <param index="0">
              <value>
                <![CDATA[public void home.TestSearchText.getCongress()]]>
              </value>
            </param>
          </params>
          <reporter-output>
          </reporter-output>
        </test-method> <!-- startExtent -->
        <test-method status="PASS" signature="getCongress()[pri:0, instance:home.TestSearchText@604ed9f0]" name="getCongress" duration-ms="0" started-at="2019-10-18T16:13:24 EDT" finished-at="2019-10-18T16:13:24 EDT">
          <reporter-output>
          </reporter-output>
        </test-method> <!-- getCongress -->
        <test-method status="PASS" signature="afterEachTestMethod(org.testng.ITestResult)[pri:0, instance:home.TestSearchText@604ed9f0]" name="afterEachTestMethod" is-config="true" duration-ms="23" started-at="2019-10-18T16:13:24 EDT" finished-at="2019-10-18T16:13:24 EDT">
          <params>
            <param index="0">
              <value>
                <![CDATA[[TestResult name=getCongress status=SUCCESS method=TestSearchText.getCongress()[pri:0, instance:home.TestSearchText@604ed9f0] output={null}]]]>
              </value>
            </param>
          </params>
          <reporter-output>
          </reporter-output>
        </test-method> <!-- afterEachTestMethod -->
        <test-method status="PASS" signature="cleanUp()[pri:0, instance:home.TestSearchText@604ed9f0]" name="cleanUp" is-config="true" duration-ms="221" started-at="2019-10-18T16:13:24 EDT" finished-at="2019-10-18T16:13:24 EDT">
          <reporter-output>
          </reporter-output>
        </test-method> <!-- cleanUp -->
        <test-method status="PASS" signature="setUp(java.lang.String)[pri:0, instance:home.TestSearchText@604ed9f0]" name="setUp" is-config="true" duration-ms="13296" started-at="2019-10-18T16:13:24 EDT" finished-at="2019-10-18T16:13:38 EDT">
          <params>
            <param index="0">
              <value>
                <![CDATA[https://www.cnn.com]]>
              </value>
            </param>
          </params>
          <reporter-output>
          </reporter-output>
        </test-method> <!-- setUp -->
        <test-method status="PASS" signature="startExtent(java.lang.reflect.Method)[pri:0, instance:home.TestSearchText@604ed9f0]" name="startExtent" is-config="true" duration-ms="1" started-at="2019-10-18T16:13:38 EDT" finished-at="2019-10-18T16:13:38 EDT">
          <params>
            <param index="0">
              <value>
                <![CDATA[public void home.TestSearchText.searchBangladesh()]]>
              </value>
            </param>
[...]
          </params>
          <reporter-output>
          </reporter-output>
        </test-method> <!-- setUp -->
        <test-method status="PASS" signature="startExtent(java.lang.reflect.Method)[pri:0, instance:home.TestSearchPage@3bfdc050]" name="startExtent" is-config="true" duration-ms="0" started-at="2019-10-18T15:58:16 EDT" finished-at="2019-10-18T15:58:16 EDT">
          <params>
            <param index="0">
              <value>
                <![CDATA[public void home.TestSearchPage.navigateToWorldSection()]]>
              </value>
            </param>
          </params>
          <reporter-output>
          </reporter-output>
        </test-method> <!-- startExtent -->
        <test-method status="PASS" signature="navigateToWorldSection()[pri:0, instance:home.TestSearchPage@3bfdc050]" name="navigateToWorldSection" duration-ms="2479" started-at="2019-10-18T15:58:16 EDT" finished-at="2019-10-18T15:58:18 EDT">
          <reporter-output>
          </reporter-output>
        </test-method> <!-- navigateToWorldSection -->
        <test-method status="PASS" signature="afterEachTestMethod(org.testng.ITestResult)[pri:0, instance:home.TestSearchPage@3bfdc050]" name="afterEachTestMethod" is-config="true" duration-ms="19" started-at="2019-10-18T15:58:18 EDT" finished-at="2019-10-18T15:58:18 EDT">
          <params>
            <param index="0">
              <value>
                <![CDATA[[TestResult name=navigateToWorldSection status=SUCCESS method=TestSearchPage.navigateToWorldSection()[pri:0, instance:home.TestSearchPage@3bfdc050] output={null}]]]>
              </value>
            </param>
          </params>
          <reporter-output>
          </reporter-output>
        </test-method> <!-- afterEachTestMethod -->
        <test-method status="PASS" signature="cleanUp()[pri:0, instance:home.TestSearchPage@3bfdc050]" name="cleanUp" is-config="true" duration-ms="2192" started-at="2019-10-18T15:58:18 EDT" finished-at="2019-10-18T15:58:20 EDT">
          <reporter-output>
          </reporter-output>
        </test-method> <!-- cleanUp -->
        <test-method status="PASS" signature="setUp(java.lang.String)[pri:0, instance:home.TestSearchPage@3bfdc050]" name="setUp" is-config="true" duration-ms="15780" started-at="2019-10-18T15:58:20 EDT" finished-at="2019-10-18T15:58:36 EDT">
          <params>
            <param index="0">
              <value>
                <![CDATA[https://www.cnn.com]]>
              </value>
            </param>
          </params>
          <reporter-output>
          </reporter-output>
        </test-method> <!-- setUp -->
        <test-method status="PASS" signature="startExtent(java.lang.reflect.Method)[pri:0, instance:home.TestSearchPage@3bfdc050]" name="startExtent" is-config="true" duration-ms="0" started-at="2019-10-18T15:58:36 EDT" finished-at="2019-10-18T15:58:36 EDT">
          <params>
            <param index="0">
              <value>
                <![CDATA[public void home.TestSearchPage.testAsiaPage()]]>
              </value>
            </param>
          </params>
          <reporter-output>
          </reporter-output>
        </test-method> <!-- startExtent -->
        <test-method status="PASS" signature="testAsiaPage()[pri:0, instance:home.TestSearchPage@3bfdc050]" name="testAsiaPage" duration-ms="1" started-at="2019-10-18T15:58:36 EDT" finished-at="2019-10-18T15:58:36 EDT">
          <reporter-output>
          </reporter-output>
        </test-method> <!-- testAsiaPage -->
        <test-method status="PASS" signature="afterEachTestMethod(org.testng.ITestResult)[pri:0, instance:home.TestSearchPage@3bfdc050]" name="afterEachTestMethod" is-config="true" duration-ms="30" started-at="2019-10-18T15:58:36 EDT" finished-at="2019-10-18T15:58:36 EDT">
          <params>
            <param index="0">
              <value>
                <![CDATA[[TestResult name=testAsiaPage status=SUCCESS method=TestSearchPage.testAsiaPage()[pri:0, instance:home.TestSearchPage@3bfdc050] output={null}]]]>
              </value>
            </param>
          </params>
          <reporter-output>
          </reporter-output>
        </test-method> <!-- afterEachTestMethod -->
        <test-method status="PASS" signature="cleanUp()[pri:0, instance:home.TestSearchPage@3bfdc050]" name="cleanUp" is-config="true" duration-ms="280" started-at="2019-10-18T15:58:36 EDT" finished-at="2019-10-18T15:58:36 EDT">
          <reporter-output>
          </reporter-output>
        </test-method> <!-- cleanUp -->
        <test-method status="PASS" signature="setUp(java.lang.String)[pri:0, instance:home.TestSearchPage@3bfdc050]" name="setUp" is-config="true" duration-ms="15676" started-at="2019-10-18T15:58:36 EDT" finished-at="2019-10-18T15:58:52 EDT">
          <params>
            <param index="0">
              <value>
                <![CDATA[https://www.cnn.com]]>
              </value>
            </param>
          </params>
          <reporter-output>
          </reporter-output>
        </test-method> <!-- setUp -->
        <test-method status="PASS" signature="startExtent(java.lang.reflect.Method)[pri:0, instance:home.TestSearchPage@3bfdc050]" name="startExtent" is-config="true" duration-ms="0" started-at="2019-10-18T15:58:52 EDT" finished-at="2019-10-18T15:58:52 EDT">
          <params>
            <param index="0">
              <value>
                <![CDATA[public void home.TestSearchPage.testCNNFilmsPage()]]>
              </value>
            </param>
          </params>
          <reporter-output>
          </reporter-output>
        </test-method> <!-- startExtent -->
        <test-method status="PASS" signature="afterEachTestMethod(org.testng.ITestResult)[pri:0, instance:home.TestSearchPage@3bfdc050]" name="afterEachTestMethod" is-config="true" duration-ms="34" started-at="2019-10-18T15:58:52 EDT" finished-at="2019-10-18T15:58:52 EDT">
          <params>
            <param index="0">
              <value>
                <![CDATA[[TestResult name=testCNNFilmsPage status=SUCCESS method=TestSearchPage.testCNNFilmsPage()[pri:0, instance:home.TestSearchPage@3bfdc050] output={null}]]]>
              </value>
            </param>
          </params>
          <reporter-output>
          </reporter-output>
        </test-method> <!-- afterEachTestMethod -->
        <test-method status="PASS" signature="testCNNFilmsPage()[pri:0, instance:home.TestSearchPage@3bfdc050]" name="testCNNFilmsPage" duration-ms="0" started-at="2019-10-18T15:58:52 EDT" finished-at="2019-10-18T15:58:52 EDT">
          <reporter-output>
          </reporter-output>
        </test-method> <!-- testCNNFilmsPage -->
        <test-method status="PASS" signature="cleanUp()[pri:0, instance:home.TestSearchPage@3bfdc050]" name="cleanUp" is-config="true" duration-ms="211" started-at="2019-10-18T15:58:52 EDT" finished-at="2019-10-18T15:58:52 EDT">
          <reporter-output>
          </reporter-output>
        </test-method> <!-- cleanUp -->
        <test-method status="PASS" signature="setUp(java.lang.String)[pri:0, instance:home.TestSearchPage@3bfdc050]" name="setUp" is-config="true" duration-ms="16863" started-at="2019-10-18T15:58:52 EDT" finished-at="2019-10-18T15:59:09 EDT">
          <params>
            <param index="0">
              <value>
                <![CDATA[https://www.cnn.com]]>
              </value>
            </param>
          </params>
          <reporter-output>
          </reporter-output>
        </test-method> <!-- setUp -->
        <test-method status="PASS" signature="testDigitalStudiosPage()[pri:0, instance:home.TestSearchPage@3bfdc050]" name="testDigitalStudiosPage" duration-ms="0" started-at="2019-10-18T15:59:09 EDT" finished-at="2019-10-18T15:59:09 EDT">
          <reporter-output>
          </reporter-output>
        </test-method> <!-- testDigitalStudiosPage -->
        <test-method status="PASS" signature="startExtent(java.lang.reflect.Method)[pri:0, instance:home.TestSearchPage@3bfdc050]" name="startExtent" is-config="true" duration-ms="0" started-at="2019-10-18T15:59:09 EDT" finished-at="2019-10-18T15:59:09 EDT">
          <params>
            <param index="0">
              <value>
                <![CDATA[public void home.TestSearchPage.testDigitalStudiosPage()]]>
              </value>
            </param>
          </params>
          <reporter-output>
          </reporter-output>
        </test-method> <!-- startExtent -->
        <test-method status="PASS" signature="afterEachTestMethod(org.testng.ITestResult)[pri:0, instance:home.TestSearchPage@3bfdc050]" name="afterEachTestMethod" is-config="true" duration-ms="21" started-at="2019-10-18T15:59:09 EDT" finished-at="2019-10-18T15:59:09 EDT">
          <params>
            <param index="0">
              <value>
                <![CDATA[[TestResult name=testDigitalStudiosPage status=SUCCESS method=TestSearchPage.testDigitalStudiosPage()[pri:0, instance:home.TestSearchPage@3bfdc050] output={null}]]]>
              </value>
            </param>
          </params>
          <reporter-output>
          </reporter-output>
        </test-method> <!-- afterEachTestMethod -->
        <test-method status="PASS" signature="cleanUp()[pri:0, instance:home.TestSearchPage@3bfdc050]" name="cleanUp" is-config="true" duration-ms="222" started-at="2019-10-18T15:59:09 EDT" finished-at="2019-10-18T15:59:10 EDT">
          <reporter-output>
          </reporter-output>
        </test-method> <!-- cleanUp -->
        <test-method status="PASS" signature="setUp(java.lang.String)[pri:0, instance:home.TestSearchPage@3bfdc050]" name="setUp" is-config="true" duration-ms="11095" started-at="2019-10-18T15:59:10 EDT" finished-at="2019-10-18T15:59:21 EDT">
          <params>
            <param index="0">
              <value>
                <![CDATA[https://www.cnn.com]]>
              </value>
            </param>
          </params>
          <reporter-output>
          </reporter-output>
        </test-method> <!-- setUp -->
        <test-method status="PASS" signature="testEuropeSection()[pri:0, instance:home.TestSearchPage@3bfdc050]" name="testEuropeSection" duration-ms="0" started-at="2019-10-18T15:59:21 EDT" finished-at="2019-10-18T15:59:21 EDT">
          <reporter-output>
          </reporter-output>
        </test-method> <!-- testEuropeSection -->
        <test-method status="PASS" signature="startExtent(java.lang.reflect.Method)[pri:0, instance:home.TestSearchPage@3bfdc050]" name="startExtent" is-config="true" duration-ms="0" started-at="2019-10-18T15:59:21 EDT" finished-at="2019-10-18T15:59:21 EDT">
          <params>
            <param index="0">
              <value>
                <![CDATA[public void home.TestSearchPage.testEuropeSection()]]>
              </value>
            </param>
          </params>
          <reporter-output>
          </reporter-output>
        </test-method> <!-- startExtent -->
        <test-method status="PASS" signature="afterEachTestMethod(org.testng.ITestResult)[pri:0, instance:home.TestSearchPage@3bfdc050]" name="afterEachTestMethod" is-config="true" duration-ms="31" started-at="2019-10-18T15:59:21 EDT" finished-at="2019-10-18T15:59:21 EDT">
          <params>
            <param index="0">
              <value>
                <![CDATA[[TestResult name=testEuropeSection status=SUCCESS method=TestSearchPage.testEuropeSection()[pri:0, instance:home.TestSearchPage@3bfdc050] output={null}]]]>
              </value>
            </param>
          </params>
          <reporter-output>
          </reporter-output>
        </test-method> <!-- afterEachTestMethod -->
        <test-method status="PASS" signature="cleanUp()[pri:0, instance:home.TestSearchPage@3bfdc050]" name="cleanUp" is-config="true" duration-ms="278" started-at="2019-10-18T15:59:21 EDT" finished-at="2019-10-18T15:59:21 EDT">
          <reporter-output>
          </reporter-output>
        </test-method> <!-- cleanUp -->
        <test-method status="PASS" signature="setUp(java.lang.String)[pri:0, instance:home.TestSearchPage@3bfdc050]" name="setUp" is-config="true" duration-ms="9416" started-at="2019-10-18T15:59:21 EDT" finished-at="2019-10-18T15:59:30 EDT">
          <params>
            <param index="0">
              <value>
                <![CDATA[https://www.cnn.com]]>
              </value>
            </param>
          </params>
          <reporter-output>
          </reporter-output>
        </test-method> <!-- setUp -->
        <test-method status="PASS" signature="startExtent(java.lang.reflect.Method)[pri:0, instance:home.TestSearchPage@3bfdc050]" name="startExtent" is-config="true" duration-ms="0" started-at="2019-10-18T15:59:30 EDT" finished-at="2019-10-18T15:59:30 EDT">
          <params>
            <param index="0">
              <value>
                <![CDATA[public void home.TestSearchPage.testInnovativeCitiesPage()]]>
              </value>
            </param>
          </params>
          <reporter-output>
          </reporter-output>
        </test-method> <!-- startExtent -->
        <test-method status="PASS" signature="testInnovativeCitiesPage()[pri:0, instance:home.TestSearchPage@3bfdc050]" name="testInnovativeCitiesPage" duration-ms="0" started-at="2019-10-18T15:59:30 EDT" finished-at="2019-10-18T15:59:30 EDT">
          <reporter-output>
          </reporter-output>
        </test-method> <!-- testInnovativeCitiesPage -->
        <test-method status="PASS" signature="afterEachTestMethod(org.testng.ITestResult)[pri:0, instance:home.TestSearchPage@3bfdc050]" name="afterEachTestMethod" is-config="true" duration-ms="36" started-at="2019-10-18T15:59:30 EDT" finished-at="2019-10-18T15:59:30 EDT">
          <params>
            <param index="0">
              <value>
                <![CDATA[[TestResult name=testInnovativeCitiesPage status=SUCCESS method=TestSearchPage.testInnovativeCitiesPage()[pri:0, instance:home.TestSearchPage@3bfdc050] output={null}]]]>
              </value>
            </param>
          </params>
          <reporter-output>
          </reporter-output>
        </test-method> <!-- afterEachTestMethod -->
        <test-method status="PASS" signature="cleanUp()[pri:0, instance:home.TestSearchPage@3bfdc050]" name="cleanUp" is-config="true" duration-ms="266" started-at="2019-10-18T15:59:30 EDT" finished-at="2019-10-18T15:59:31 EDT">
          <reporter-output>
          </reporter-output>
        </test-method> <!-- cleanUp -->
        <test-method status="PASS" signature="setUp(java.lang.String)[pri:0, instance:home.TestSearchPage@3bfdc050]" name="setUp" is-config="true" duration-ms="6367" started-at="2019-10-18T15:59:31 EDT" finished-at="2019-10-18T15:59:37 EDT">
          <params>
            <param index="0">
              <value>
                <![CDATA[https://www.cnn.com]]>
              </value>
            </param>
          </params>
          <reporter-output>
          </reporter-output>
        </test-method> <!-- setUp -->
        <test-method status="PASS" signature="startExtent(java.lang.reflect.Method)[pri:0, instance:home.TestSearchPage@3bfdc050]" name="startExtent" is-config="true" duration-ms="1" started-at="2019-10-18T15:59:37 EDT" finished-at="2019-10-18T15:59:37 EDT">
          <params>
            <param index="0">
              <value>
                <![CDATA[public void home.TestSearchPage.testNavigateToUsSection()]]>
              </value>
            </param>
          </params>
          <reporter-output>
          </reporter-output>
        </test-method> <!-- startExtent -->
        <test-method status="PASS" signature="testNavigateToUsSection()[pri:0, instance:home.TestSearchPage@3bfdc050]" name="testNavigateToUsSection" duration-ms="3642" started-at="2019-10-18T15:59:37 EDT" finished-at="2019-10-18T15:59:41 EDT">
          <reporter-output>
            <line>
              <![CDATA[US section Page has been displayed]]>
            </line>
          </reporter-output>
        </test-method> <!-- testNavigateToUsSection -->
        <test-method status="PASS" signature="afterEachTestMethod(org.testng.ITestResult)[pri:0, instance:home.TestSearchPage@3bfdc050]" name="afterEachTestMethod" is-config="true" duration-ms="33" started-at="2019-10-18T15:59:41 EDT" finished-at="2019-10-18T15:59:41 EDT">
          <params>
            <param index="0">
              <value>
                <![CDATA[[TestResult name=testNavigateToUsSection status=SUCCESS method=TestSearchPage.testNavigateToUsSection()[pri:0, instance:home.TestSearchPage@3bfdc050] output=US section Page has been displayed]]]>
              </value>
            </param>
          </params>
          <reporter-output>
          </reporter-output>
        </test-method> <!-- afterEachTestMethod -->
        <test-method status="PASS" signature="cleanUp()[pri:0, instance:home.TestSearchPage@3bfdc050]" name="cleanUp" is-config="true" duration-ms="2143" started-at="2019-10-18T15:59:41 EDT" finished-at="2019-10-18T15:59:43 EDT">
          <reporter-output>
          </reporter-output>
        </test-method> <!-- cleanUp -->
        <test-method status="PASS" signature="setUp(java.lang.String)[pri:0, instance:home.TestSearchPage@3bfdc050]" name="setUp" is-config="true" duration-ms="11460" started-at="2019-10-18T15:59:43 EDT" finished-at="2019-10-18T15:59:54 EDT">
          <params>
            <param index="0">
              <value>
                <![CDATA[https://www.cnn.com]]>
              </value>
            </param>
          </params>
          <reporter-output>
          </reporter-output>
        </test-method> <!-- setUp -->
        <test-method status="PASS" signature="testSearchCoupons()[pri:0, instance:home.TestSearchPage@3bfdc050]" name="testSearchCoupons" duration-ms="3512" started-at="2019-10-18T15:59:54 EDT" finished-at="2019-10-18T15:59:58 EDT">
          <reporter-output>
          </reporter-output>
        </test-method> <!-- testSearchCoupons -->
        <test-method status="PASS" signature="startExtent(java.lang.reflect.Method)[pri:0, instance:home.TestSearchPage@3bfdc050]" name="startExtent" is-config="true" duration-ms="0" started-at="2019-10-18T15:59:54 EDT" finished-at="2019-10-18T15:59:54 EDT">
          <params>
            <param index="0">
              <value>
                <![CDATA[public void home.TestSearchPage.testSearchCoupons()]]>
              </value>
            </param>
          </params>
          <reporter-output>
          </reporter-output>
        </test-method> <!-- startExtent -->
        <test-method status="PASS" signature="afterEachTestMethod(org.testng.ITestResult)[pri:0, instance:home.TestSearchPage@3bfdc050]" name="afterEachTestMethod" is-config="true" duration-ms="27" started-at="2019-10-18T15:59:58 EDT" finished-at="2019-10-18T15:59:58 EDT">
          <params>
            <param index="0">
              <value>
                <![CDATA[[TestResult name=testSearchCoupons status=SUCCESS method=TestSearchPage.testSearchCoupons()[pri:0, instance:home.TestSearchPage@3bfdc050] output={null}]]]>
              </value>
            </param>
          </params>
          <reporter-output>
          </reporter-output>
        </test-method> <!-- afterEachTestMethod -->
        <test-method status="PASS" signature="cleanUp()[pri:0, instance:home.TestSearchPage@3bfdc050]" name="cleanUp" is-config="true" duration-ms="2098" started-at="2019-10-18T15:59:58 EDT" finished-at="2019-10-18T16:00:00 EDT">
          <reporter-output>
          </reporter-output>
        </test-method> <!-- cleanUp -->
        <test-method status="PASS" signature="generateReport()[pri:0, instance:home.TestSearchPage@3bfdc050]" name="generateReport" is-config="true" duration-ms="24" started-at="2019-10-18T16:22:20 EDT" finished-at="2019-10-18T16:22:20 EDT">
          <reporter-output>
          </reporter-output>
        </test-method> <!-- generateReport -->
      </class> <!-- home.TestSearchPage -->
    </test> <!-- CNN HomePage Test -->
  </suite> <!-- CNN Automation Script  -->
</testng-results>
