<?xml version="1.0" encoding="UTF-8"?>
<testng-results skipped="0" failed="0" ignored="18" total="139" passed="121">
  <reporter-output>
    <line>
      <![CDATA[Extent Report DirectoryC:\Users\Tanim Imani\IdeaProjects\WebAutomation\CNN\test-output\html]]>
    </line>
    <line>
      <![CDATA[Business section Page has been displayed]]>
    </line>
    <line>
      <![CDATA[Entertainment section Page has been displayed]]>
    </line>
    <line>
      <![CDATA[Health section Page has been displayed]]>
    </line>
    <line>
      <![CDATA[Opinion section Page has been displayed]]>
    </line>
    <line>
      <![CDATA[Style section Page has been displayed]]>
    </line>
    <line>
      <![CDATA[US section Page has been displayed]]>
    </line>
    <line>
      <![CDATA[Arabic edition page has been displayed]]>
    </line>
    <line>
      <![CDATA[Edition button has been displayed]]>
    </line>
    <line>
      <![CDATA[Es edition page has been displayed]]>
    </line>
    <line>
      <![CDATA[International edition page has been displayed]]>
    </line>
    <line>
      <![CDATA[Us edition page has been displayed]]>
    </line>
    <line>
      <![CDATA[Accessibility has been displayed]]>
    </line>
    <line>
      <![CDATA[Cnn Studio has been displayed]]>
    </line>
    <line>
      <![CDATA[Transcript has been displayed]]>
    </line>
    <line>
      <![CDATA[License has been displayed]]>
    </line>
  </reporter-output>
  <suite name="CNN Automation Script " duration-ms="2307552" started-at="2019-10-20T00:21:08 EDT" finished-at="2019-10-20T00:59:35 EDT">
    <groups>
    </groups>
    <test name="CNN HomePage Test" duration-ms="2307552" started-at="2019-10-20T00:21:08 EDT" finished-at="2019-10-20T00:59:35 EDT">
      <class name="home.TestTypeText">
        <test-method status="PASS" signature="setUp(java.lang.String)[pri:0, instance:home.TestTypeText@91161c7]" name="setUp" is-config="true" duration-ms="11554" started-at="2019-10-20T00:36:56 EDT" finished-at="2019-10-20T00:37:08 EDT">
          <params>
            <param index="0">
              <value>
                <![CDATA[https://www.cnn.com]]>
              </value>
            </param>
          </params>
          <reporter-output>
          </reporter-output>
        </test-method> <!-- setUp -->
        <test-method status="PASS" signature="typeBusiness()[pri:0, instance:home.TestTypeText@91161c7]" name="typeBusiness" duration-ms="1" started-at="2019-10-20T00:37:08 EDT" finished-at="2019-10-20T00:37:08 EDT">
          <reporter-output>
          </reporter-output>
        </test-method> <!-- typeBusiness -->
        <test-method status="PASS" signature="startExtent(java.lang.reflect.Method)[pri:0, instance:home.TestTypeText@91161c7]" name="startExtent" is-config="true" duration-ms="0" started-at="2019-10-20T00:37:08 EDT" finished-at="2019-10-20T00:37:08 EDT">
          <params>
            <param index="0">
              <value>
                <![CDATA[public void home.TestTypeText.typeBusiness()]]>
              </value>
            </param>
          </params>
          <reporter-output>
          </reporter-output>
        </test-method> <!-- startExtent -->
        <test-method status="PASS" signature="afterEachTestMethod(org.testng.ITestResult)[pri:0, instance:home.TestTypeText@91161c7]" name="afterEachTestMethod" is-config="true" duration-ms="48" started-at="2019-10-20T00:37:08 EDT" finished-at="2019-10-20T00:37:08 EDT">
          <params>
            <param index="0">
              <value>
                <![CDATA[[TestResult name=typeBusiness status=SUCCESS method=TestTypeText.typeBusiness()[pri:0, instance:home.TestTypeText@91161c7] output={null}]]]>
              </value>
            </param>
          </params>
          <reporter-output>
          </reporter-output>
        </test-method> <!-- afterEachTestMethod -->
        <test-method status="PASS" signature="cleanUp()[pri:0, instance:home.TestTypeText@91161c7]" name="cleanUp" is-config="true" duration-ms="362" started-at="2019-10-20T00:37:08 EDT" finished-at="2019-10-20T00:37:08 EDT">
          <reporter-output>
          </reporter-output>
        </test-method> <!-- cleanUp -->
        <test-method status="PASS" signature="setUp(java.lang.String)[pri:0, instance:home.TestTypeText@91161c7]" name="setUp" is-config="true" duration-ms="18829" started-at="2019-10-20T00:37:08 EDT" finished-at="2019-10-20T00:37:27 EDT">
          <params>
            <param index="0">
              <value>
                <![CDATA[https://www.cnn.com]]>
              </value>
            </param>
          </params>
          <reporter-output>
          </reporter-output>
        </test-method> <!-- setUp -->
        <test-method status="PASS" signature="startExtent(java.lang.reflect.Method)[pri:0, instance:home.TestTypeText@91161c7]" name="startExtent" is-config="true" duration-ms="0" started-at="2019-10-20T00:37:27 EDT" finished-at="2019-10-20T00:37:27 EDT">
          <params>
            <param index="0">
              <value>
                <![CDATA[public void home.TestTypeText.typeCollege()]]>
              </value>
            </param>
          </params>
          <reporter-output>
          </reporter-output>
        </test-method> <!-- startExtent -->
        <test-method status="PASS" signature="typeCollege()[pri:0, instance:home.TestTypeText@91161c7]" name="typeCollege" duration-ms="0" started-at="2019-10-20T00:37:27 EDT" finished-at="2019-10-20T00:37:27 EDT">
          <reporter-output>
          </reporter-output>
        </test-method> <!-- typeCollege -->
        <test-method status="PASS" signature="afterEachTestMethod(org.testng.ITestResult)[pri:0, instance:home.TestTypeText@91161c7]" name="afterEachTestMethod" is-config="true" duration-ms="31" started-at="2019-10-20T00:37:27 EDT" finished-at="2019-10-20T00:37:27 EDT">
          <params>
            <param index="0">
              <value>
                <![CDATA[[TestResult name=typeCollege status=SUCCESS method=TestTypeText.typeCollege()[pri:0, instance:home.TestTypeText@91161c7] output={null}]]]>
              </value>
            </param>
          </params>
          <reporter-output>
          </reporter-output>
        </test-method> <!-- afterEachTestMethod -->
        <test-method status="PASS" signature="cleanUp()[pri:0, instance:home.TestTypeText@91161c7]" name="cleanUp" is-config="true" duration-ms="319" started-at="2019-10-20T00:37:27 EDT" finished-at="2019-10-20T00:37:27 EDT">
          <reporter-output>
          </reporter-output>
        </test-method> <!-- cleanUp -->
        <test-method status="PASS" signature="setUp(java.lang.String)[pri:0, instance:home.TestTypeText@91161c7]" name="setUp" is-config="true" duration-ms="10518" started-at="2019-10-20T00:37:27 EDT" finished-at="2019-10-20T00:37:38 EDT">
          <params>
            <param index="0">
              <value>
                <![CDATA[https://www.cnn.com]]>
              </value>
            </param>
          </params>
          <reporter-output>
          </reporter-output>
        </test-method> <!-- setUp -->
        <test-method status="PASS" signature="startExtent(java.lang.reflect.Method)[pri:0, instance:home.TestTypeText@91161c7]" name="startExtent" is-config="true" duration-ms="0" started-at="2019-10-20T00:37:38 EDT" finished-at="2019-10-20T00:37:38 EDT">
          <params>
            <param index="0">
              <value>
                <![CDATA[public void home.TestTypeText.typeConstitution()]]>
              </value>
            </param>
          </params>
          <reporter-output>
          </reporter-output>
        </test-method> <!-- startExtent -->
        <test-method status="PASS" signature="typeConstitution()[pri:0, instance:home.TestTypeText@91161c7]" name="typeConstitution" duration-ms="1" started-at="2019-10-20T00:37:38 EDT" finished-at="2019-10-20T00:37:38 EDT">
          <reporter-output>
          </reporter-output>
        </test-method> <!-- typeConstitution -->
        <test-method status="PASS" signature="afterEachTestMethod(org.testng.ITestResult)[pri:0, instance:home.TestTypeText@91161c7]" name="afterEachTestMethod" is-config="true" duration-ms="47" started-at="2019-10-20T00:37:38 EDT" finished-at="2019-10-20T00:37:38 EDT">
          <params>
            <param index="0">
              <value>
                <![CDATA[[TestResult name=typeConstitution status=SUCCESS method=TestTypeText.typeConstitution()[pri:0, instance:home.TestTypeText@91161c7] output={null}]]]>
              </value>
            </param>
          </params>
          <reporter-output>
          </reporter-output>
        </test-method> <!-- afterEachTestMethod -->
        <test-method status="PASS" signature="cleanUp()[pri:0, instance:home.TestTypeText@91161c7]" name="cleanUp" is-config="true" duration-ms="398" started-at="2019-10-20T00:37:38 EDT" finished-at="2019-10-20T00:37:38 EDT">
          <reporter-output>
          </reporter-output>
        </test-method> <!-- cleanUp -->
        <test-method status="PASS" signature="setUp(java.lang.String)[pri:0, instance:home.TestTypeText@91161c7]" name="setUp" is-config="true" duration-ms="67996" started-at="2019-10-20T00:37:38 EDT" finished-at="2019-10-20T00:38:46 EDT">
          <params>
            <param index="0">
              <value>
                <![CDATA[https://www.cnn.com]]>
              </value>
            </param>
          </params>
          <reporter-output>
          </reporter-output>
        </test-method> <!-- setUp -->
        <test-method status="PASS" signature="startExtent(java.lang.reflect.Method)[pri:0, instance:home.TestTypeText@91161c7]" name="startExtent" is-config="true" duration-ms="0" started-at="2019-10-20T00:38:46 EDT" finished-at="2019-10-20T00:38:46 EDT">
          <params>
            <param index="0">
              <value>
                <![CDATA[public void home.TestTypeText.typeDemocrats()]]>
              </value>
            </param>
          </params>
          <reporter-output>
          </reporter-output>
        </test-method> <!-- startExtent -->
        <test-method status="PASS" signature="afterEachTestMethod(org.testng.ITestResult)[pri:0, instance:home.TestTypeText@91161c7]" name="afterEachTestMethod" is-config="true" duration-ms="21" started-at="2019-10-20T00:38:46 EDT" finished-at="2019-10-20T00:38:46 EDT">
          <params>
            <param index="0">
              <value>
                <![CDATA[[TestResult name=typeDemocrats status=SUCCESS method=TestTypeText.typeDemocrats()[pri:0, instance:home.TestTypeText@91161c7] output={null}]]]>
              </value>
            </param>
          </params>
          <reporter-output>
          </reporter-output>
        </test-method> <!-- afterEachTestMethod -->
        <test-method status="PASS" signature="typeDemocrats()[pri:0, instance:home.TestTypeText@91161c7]" name="typeDemocrats" duration-ms="0" started-at="2019-10-20T00:38:46 EDT" finished-at="2019-10-20T00:38:46 EDT">
          <reporter-output>
          </reporter-output>
        </test-method> <!-- typeDemocrats -->
        <test-method status="PASS" signature="cleanUp()[pri:0, instance:home.TestTypeText@91161c7]" name="cleanUp" is-config="true" duration-ms="196" started-at="2019-10-20T00:38:46 EDT" finished-at="2019-10-20T00:38:46 EDT">
          <reporter-output>
          </reporter-output>
        </test-method> <!-- cleanUp -->
        <test-method status="PASS" signature="setUp(java.lang.String)[pri:0, instance:home.TestTypeText@91161c7]" name="setUp" is-config="true" duration-ms="10216" started-at="2019-10-20T00:38:46 EDT" finished-at="2019-10-20T00:38:57 EDT">
          <params>
            <param index="0">
              <value>
                <![CDATA[https://www.cnn.com]]>
              </value>
            </param>
          </params>
          <reporter-output>
          </reporter-output>
        </test-method> <!-- setUp -->
        <test-method status="PASS" signature="typeEconomy()[pri:0, instance:home.TestTypeText@91161c7]" name="typeEconomy" duration-ms="1" started-at="2019-10-20T00:38:57 EDT" finished-at="2019-10-20T00:38:57 EDT">
          <reporter-output>
          </reporter-output>
        </test-method> <!-- typeEconomy -->
        <test-method status="PASS" signature="startExtent(java.lang.reflect.Method)[pri:0, instance:home.TestTypeText@91161c7]" name="startExtent" is-config="true" duration-ms="0" started-at="2019-10-20T00:38:57 EDT" finished-at="2019-10-20T00:38:57 EDT">
          <params>
            <param index="0">
              <value>
                <![CDATA[public void home.TestTypeText.typeEconomy()]]>
              </value>
            </param>
          </params>
          <reporter-output>
          </reporter-output>
        </test-method> <!-- startExtent -->
        <test-method status="PASS" signature="afterEachTestMethod(org.testng.ITestResult)[pri:0, instance:home.TestTypeText@91161c7]" name="afterEachTestMethod" is-config="true" duration-ms="68" started-at="2019-10-20T00:38:57 EDT" finished-at="2019-10-20T00:38:57 EDT">
          <params>
            <param index="0">
              <value>
                <![CDATA[[TestResult name=typeEconomy status=SUCCESS method=TestTypeText.typeEconomy()[pri:0, instance:home.TestTypeText@91161c7] output={null}]]]>
              </value>
            </param>
          </params>
          <reporter-output>
          </reporter-output>
        </test-method> <!-- afterEachTestMethod -->
        <test-method status="PASS" signature="cleanUp()[pri:0, instance:home.TestTypeText@91161c7]" name="cleanUp" is-config="true" duration-ms="404" started-at="2019-10-20T00:38:57 EDT" finished-at="2019-10-20T00:38:57 EDT">
          <reporter-output>
          </reporter-output>
        </test-method> <!-- cleanUp -->
        <test-method status="PASS" signature="setUp(java.lang.String)[pri:0, instance:home.TestTypeText@91161c7]" name="setUp" is-config="true" duration-ms="10703" started-at="2019-10-20T00:38:57 EDT" finished-at="2019-10-20T00:39:08 EDT">
          <params>
            <param index="0">
              <value>
                <![CDATA[https://www.cnn.com]]>
              </value>
            </param>
          </params>
          <reporter-output>
          </reporter-output>
        </test-method> <!-- setUp -->
        <test-method status="PASS" signature="startExtent(java.lang.reflect.Method)[pri:0, instance:home.TestTypeText@91161c7]" name="startExtent" is-config="true" duration-ms="1" started-at="2019-10-20T00:39:08 EDT" finished-at="2019-10-20T00:39:08 EDT">
          <params>
            <param index="0">
              <value>
                <![CDATA[public void home.TestTypeText.typeFBI()]]>
              </value>
            </param>
          </params>
          <reporter-output>
          </reporter-output>
        </test-method> <!-- startExtent -->
        <test-method status="PASS" signature="afterEachTestMethod(org.testng.ITestResult)[pri:0, instance:home.TestTypeText@91161c7]" name="afterEachTestMethod" is-config="true" duration-ms="63" started-at="2019-10-20T00:39:08 EDT" finished-at="2019-10-20T00:39:08 EDT">
          <params>
            <param index="0">
              <value>
                <![CDATA[[TestResult name=typeFBI status=SUCCESS method=TestTypeText.typeFBI()[pri:0, instance:home.TestTypeText@91161c7] output={null}]]]>
              </value>
            </param>
          </params>
          <reporter-output>
          </reporter-output>
        </test-method> <!-- afterEachTestMethod -->
        <test-method status="PASS" signature="typeFBI()[pri:0, instance:home.TestTypeText@91161c7]" name="typeFBI" duration-ms="0" started-at="2019-10-20T00:39:08 EDT" finished-at="2019-10-20T00:39:08 EDT">
          <reporter-output>
          </reporter-output>
        </test-method> <!-- typeFBI -->
        <test-method status="PASS" signature="cleanUp()[pri:0, instance:home.TestTypeText@91161c7]" name="cleanUp" is-config="true" duration-ms="395" started-at="2019-10-20T00:39:08 EDT" finished-at="2019-10-20T00:39:08 EDT">
          <reporter-output>
          </reporter-output>
        </test-method> <!-- cleanUp -->
        <test-method status="PASS" signature="setUp(java.lang.String)[pri:0, instance:home.TestTypeText@91161c7]" name="setUp" is-config="true" duration-ms="18219" started-at="2019-10-20T00:39:08 EDT" finished-at="2019-10-20T00:39:26 EDT">
          <params>
            <param index="0">
              <value>
                <![CDATA[https://www.cnn.com]]>
              </value>
            </param>
          </params>
          <reporter-output>
          </reporter-output>
        </test-method> <!-- setUp -->
        <test-method status="PASS" signature="afterEachTestMethod(org.testng.ITestResult)[pri:0, instance:home.TestTypeText@91161c7]" name="afterEachTestMethod" is-config="true" duration-ms="23" started-at="2019-10-20T00:39:26 EDT" finished-at="2019-10-20T00:39:26 EDT">
          <params>
            <param index="0">
              <value>
                <![CDATA[[TestResult name=typeGadget status=SUCCESS method=TestTypeText.typeGadget()[pri:0, instance:home.TestTypeText@91161c7] output={null}]]]>
              </value>
            </param>
          </params>
          <reporter-output>
          </reporter-output>
        </test-method> <!-- afterEachTestMethod -->
        <test-method status="PASS" signature="startExtent(java.lang.reflect.Method)[pri:0, instance:home.TestTypeText@91161c7]" name="startExtent" is-config="true" duration-ms="0" started-at="2019-10-20T00:39:26 EDT" finished-at="2019-10-20T00:39:26 EDT">
          <params>
            <param index="0">
              <value>
                <![CDATA[public void home.TestTypeText.typeGadget()]]>
              </value>
            </param>
          </params>
          <reporter-output>
          </reporter-output>
        </test-method> <!-- startExtent -->
        <test-method status="PASS" signature="typeGadget()[pri:0, instance:home.TestTypeText@91161c7]" name="typeGadget" duration-ms="0" started-at="2019-10-20T00:39:26 EDT" finished-at="2019-10-20T00:39:26 EDT">
          <reporter-output>
          </reporter-output>
        </test-method> <!-- typeGadget -->
        <test-method status="PASS" signature="cleanUp()[pri:0, instance:home.TestTypeText@91161c7]" name="cleanUp" is-config="true" duration-ms="279" started-at="2019-10-20T00:39:26 EDT" finished-at="2019-10-20T00:39:27 EDT">
          <reporter-output>
          </reporter-output>
        </test-method> <!-- cleanUp -->
        <test-method status="PASS" signature="setUp(java.lang.String)[pri:0, instance:home.TestTypeText@91161c7]" name="setUp" is-config="true" duration-ms="10245" started-at="2019-10-20T00:39:27 EDT" finished-at="2019-10-20T00:39:37 EDT">
          <params>
            <param index="0">
              <value>
                <![CDATA[https://www.cnn.com]]>
              </value>
            </param>
          </params>
          <reporter-output>
          </reporter-output>
        </test-method> <!-- setUp -->
        <test-method status="PASS" signature="startExtent(java.lang.reflect.Method)[pri:0, instance:home.TestTypeText@91161c7]" name="startExtent" is-config="true" duration-ms="1" started-at="2019-10-20T00:39:37 EDT" finished-at="2019-10-20T00:39:37 EDT">
          <params>
            <param index="0">
              <value>
                <![CDATA[public void home.TestTypeText.typeGmailDarkMode()]]>
              </value>
            </param>
          </params>
          <reporter-output>
          </reporter-output>
        </test-method> <!-- startExtent -->
        <test-method status="PASS" signature="typeGmailDarkMode()[pri:0, instance:home.TestTypeText@91161c7]" name="typeGmailDarkMode" duration-ms="0" started-at="2019-10-20T00:39:37 EDT" finished-at="2019-10-20T00:39:37 EDT">
          <reporter-output>
          </reporter-output>
        </test-method> <!-- typeGmailDarkMode -->
        <test-method status="PASS" signature="afterEachTestMethod(org.testng.ITestResult)[pri:0, instance:home.TestTypeText@91161c7]" name="afterEachTestMethod" is-config="true" duration-ms="54" started-at="2019-10-20T00:39:37 EDT" finished-at="2019-10-20T00:39:37 EDT">
          <params>
            <param index="0">
              <value>
                <![CDATA[[TestResult name=typeGmailDarkMode status=SUCCESS method=TestTypeText.typeGmailDarkMode()[pri:0, instance:home.TestTypeText@91161c7] output={null}]]]>
              </value>
            </param>
          </params>
          <reporter-output>
          </reporter-output>
        </test-method> <!-- afterEachTestMethod -->
        <test-method status="PASS" signature="cleanUp()[pri:0, instance:home.TestTypeText@91161c7]" name="cleanUp" is-config="true" duration-ms="548" started-at="2019-10-20T00:39:37 EDT" finished-at="2019-10-20T00:39:38 EDT">
          <reporter-output>
          </reporter-output>
        </test-method> <!-- cleanUp -->
        <test-method status="PASS" signature="setUp(java.lang.String)[pri:0, instance:home.TestTypeText@91161c7]" name="setUp" is-config="true" duration-ms="10351" started-at="2019-10-20T00:39:38 EDT" finished-at="2019-10-20T00:39:48 EDT">
          <params>
            <param index="0">
              <value>
                <![CDATA[https://www.cnn.com]]>
              </value>
            </param>
          </params>
          <reporter-output>
          </reporter-output>
        </test-method> <!-- setUp -->
        <test-method status="PASS" signature="startExtent(java.lang.reflect.Method)[pri:0, instance:home.TestTypeText@91161c7]" name="startExtent" is-config="true" duration-ms="1" started-at="2019-10-20T00:39:48 EDT" finished-at="2019-10-20T00:39:48 EDT">
          <params>
            <param index="0">
              <value>
                <![CDATA[public void home.TestTypeText.typeImpeachment()]]>
              </value>
            </param>
          </params>
          <reporter-output>
          </reporter-output>
        </test-method> <!-- startExtent -->
        <test-method status="PASS" signature="typeImpeachment()[pri:0, instance:home.TestTypeText@91161c7]" name="typeImpeachment" duration-ms="0" started-at="2019-10-20T00:39:48 EDT" finished-at="2019-10-20T00:39:48 EDT">
          <reporter-output>
          </reporter-output>
        </test-method> <!-- typeImpeachment -->
        <test-method status="PASS" signature="afterEachTestMethod(org.testng.ITestResult)[pri:0, instance:home.TestTypeText@91161c7]" name="afterEachTestMethod" is-config="true" duration-ms="80" started-at="2019-10-20T00:39:48 EDT" finished-at="2019-10-20T00:39:48 EDT">
          <params>
            <param index="0">
              <value>
                <![CDATA[[TestResult name=typeImpeachment status=SUCCESS method=TestTypeText.typeImpeachment()[pri:0, instance:home.TestTypeText@91161c7] output={null}]]]>
              </value>
            </param>
          </params>
          <reporter-output>
          </reporter-output>
        </test-method> <!-- afterEachTestMethod -->
        <test-method status="PASS" signature="cleanUp()[pri:0, instance:home.TestTypeText@91161c7]" name="cleanUp" is-config="true" duration-ms="852" started-at="2019-10-20T00:39:48 EDT" finished-at="2019-10-20T00:39:49 EDT">
          <reporter-output>
          </reporter-output>
        </test-method> <!-- cleanUp -->
        <test-method status="PASS" signature="setUp(java.lang.String)[pri:0, instance:home.TestTypeText@91161c7]" name="setUp" is-config="true" duration-ms="18179" started-at="2019-10-20T00:39:49 EDT" finished-at="2019-10-20T00:40:07 EDT">
          <params>
            <param index="0">
              <value>
                <![CDATA[https://www.cnn.com]]>
              </value>
            </param>
          </params>
          <reporter-output>
          </reporter-output>
        </test-method> <!-- setUp -->
        <test-method status="PASS" signature="startExtent(java.lang.reflect.Method)[pri:0, instance:home.TestTypeText@91161c7]" name="startExtent" is-config="true" duration-ms="1" started-at="2019-10-20T00:40:07 EDT" finished-at="2019-10-20T00:40:07 EDT">
          <params>
            <param index="0">
              <value>
                <![CDATA[public void home.TestTypeText.typeIphone()]]>
              </value>
            </param>
          </params>
          <reporter-output>
          </reporter-output>
        </test-method> <!-- startExtent -->
        <test-method status="PASS" signature="typeIphone()[pri:0, instance:home.TestTypeText@91161c7]" name="typeIphone" duration-ms="0" started-at="2019-10-20T00:40:07 EDT" finished-at="2019-10-20T00:40:07 EDT">
          <reporter-output>
          </reporter-output>
        </test-method> <!-- typeIphone -->
        <test-method status="PASS" signature="afterEachTestMethod(org.testng.ITestResult)[pri:0, instance:home.TestTypeText@91161c7]" name="afterEachTestMethod" is-config="true" duration-ms="25" started-at="2019-10-20T00:40:07 EDT" finished-at="2019-10-20T00:40:07 EDT">
          <params>
            <param index="0">
              <value>
                <![CDATA[[TestResult name=typeIphone status=SUCCESS method=TestTypeText.typeIphone()[pri:0, instance:home.TestTypeText@91161c7] output={null}]]]>
              </value>
            </param>
          </params>
          <reporter-output>
          </reporter-output>
        </test-method> <!-- afterEachTestMethod -->
        <test-method status="PASS" signature="cleanUp()[pri:0, instance:home.TestTypeText@91161c7]" name="cleanUp" is-config="true" duration-ms="244" started-at="2019-10-20T00:40:07 EDT" finished-at="2019-10-20T00:40:07 EDT">
          <reporter-output>
          </reporter-output>
        </test-method> <!-- cleanUp -->
        <test-method status="PASS" signature="setUp(java.lang.String)[pri:0, instance:home.TestTypeText@91161c7]" name="setUp" is-config="true" duration-ms="13838" started-at="2019-10-20T00:40:07 EDT" finished-at="2019-10-20T00:40:21 EDT">
          <params>
            <param index="0">
              <value>
                <![CDATA[https://www.cnn.com]]>
              </value>
            </param>
          </params>
          <reporter-output>
          </reporter-output>
        </test-method> <!-- setUp -->
        <test-method status="PASS" signature="startExtent(java.lang.reflect.Method)[pri:0, instance:home.TestTypeText@91161c7]" name="startExtent" is-config="true" duration-ms="1" started-at="2019-10-20T00:40:21 EDT" finished-at="2019-10-20T00:40:21 EDT">
          <params>
            <param index="0">
              <value>
                <![CDATA[public void home.TestTypeText.typeIphonePro()]]>
              </value>
            </param>
          </params>
          <reporter-output>
          </reporter-output>
        </test-method> <!-- startExtent -->
        <test-method status="PASS" signature="afterEachTestMethod(org.testng.ITestResult)[pri:0, instance:home.TestTypeText@91161c7]" name="afterEachTestMethod" is-config="true" duration-ms="58" started-at="2019-10-20T00:40:21 EDT" finished-at="2019-10-20T00:40:21 EDT">
          <params>
            <param index="0">
              <value>
                <![CDATA[[TestResult name=typeIphonePro status=SUCCESS method=TestTypeText.typeIphonePro()[pri:0, instance:home.TestTypeText@91161c7] output={null}]]]>
              </value>
            </param>
          </params>
          <reporter-output>
          </reporter-output>
        </test-method> <!-- afterEachTestMethod -->
        <test-method status="PASS" signature="typeIphonePro()[pri:0, instance:home.TestTypeText@91161c7]" name="typeIphonePro" duration-ms="0" started-at="2019-10-20T00:40:21 EDT" finished-at="2019-10-20T00:40:21 EDT">
          <reporter-output>
          </reporter-output>
        </test-method> <!-- typeIphonePro -->
        <test-method status="PASS" signature="cleanUp()[pri:0, instance:home.TestTypeText@91161c7]" name="cleanUp" is-config="true" duration-ms="413" started-at="2019-10-20T00:40:21 EDT" finished-at="2019-10-20T00:40:22 EDT">
          <reporter-output>
          </reporter-output>
        </test-method> <!-- cleanUp -->
        <test-method status="PASS" signature="setUp(java.lang.String)[pri:0, instance:home.TestTypeText@91161c7]" name="setUp" is-config="true" duration-ms="14963" started-at="2019-10-20T00:40:22 EDT" finished-at="2019-10-20T00:40:37 EDT">
          <params>
            <param index="0">
              <value>
                <![CDATA[https://www.cnn.com]]>
              </value>
            </param>
          </params>
          <reporter-output>
          </reporter-output>
        </test-method> <!-- setUp -->
        <test-method status="PASS" signature="typeJoeBiden()[pri:0, instance:home.TestTypeText@91161c7]" name="typeJoeBiden" duration-ms="0" started-at="2019-10-20T00:40:37 EDT" finished-at="2019-10-20T00:40:37 EDT">
          <reporter-output>
          </reporter-output>
        </test-method> <!-- typeJoeBiden -->
        <test-method status="PASS" signature="startExtent(java.lang.reflect.Method)[pri:0, instance:home.TestTypeText@91161c7]" name="startExtent" is-config="true" duration-ms="0" started-at="2019-10-20T00:40:37 EDT" finished-at="2019-10-20T00:40:37 EDT">
          <params>
            <param index="0">
              <value>
                <![CDATA[public void home.TestTypeText.typeJoeBiden()]]>
              </value>
            </param>
          </params>
          <reporter-output>
          </reporter-output>
        </test-method> <!-- startExtent -->
        <test-method status="PASS" signature="afterEachTestMethod(org.testng.ITestResult)[pri:0, instance:home.TestTypeText@91161c7]" name="afterEachTestMethod" is-config="true" duration-ms="24" started-at="2019-10-20T00:40:37 EDT" finished-at="2019-10-20T00:40:37 EDT">
          <params>
            <param index="0">
              <value>
                <![CDATA[[TestResult name=typeJoeBiden status=SUCCESS method=TestTypeText.typeJoeBiden()[pri:0, instance:home.TestTypeText@91161c7] output={null}]]]>
              </value>
            </param>
          </params>
          <reporter-output>
          </reporter-output>
        </test-method> <!-- afterEachTestMethod -->
        <test-method status="PASS" signature="cleanUp()[pri:0, instance:home.TestTypeText@91161c7]" name="cleanUp" is-config="true" duration-ms="243" started-at="2019-10-20T00:40:37 EDT" finished-at="2019-10-20T00:40:37 EDT">
          <reporter-output>
          </reporter-output>
        </test-method> <!-- cleanUp -->
        <test-method status="PASS" signature="setUp(java.lang.String)[pri:0, instance:home.TestTypeText@91161c7]" name="setUp" is-config="true" duration-ms="10678" started-at="2019-10-20T00:40:37 EDT" finished-at="2019-10-20T00:40:48 EDT">
          <params>
            <param index="0">
              <value>
                <![CDATA[https://www.cnn.com]]>
              </value>
            </param>
          </params>
          <reporter-output>
          </reporter-output>
        </test-method> <!-- setUp -->
        <test-method status="PASS" signature="startExtent(java.lang.reflect.Method)[pri:0, instance:home.TestTypeText@91161c7]" name="startExtent" is-config="true" duration-ms="1" started-at="2019-10-20T00:40:48 EDT" finished-at="2019-10-20T00:40:48 EDT">
          <params>
            <param index="0">
              <value>
                <![CDATA[public void home.TestTypeText.typeJustinBieber()]]>
              </value>
            </param>
          </params>
          <reporter-output>
          </reporter-output>
        </test-method> <!-- startExtent -->
        <test-method status="PASS" signature="afterEachTestMethod(org.testng.ITestResult)[pri:0, instance:home.TestTypeText@91161c7]" name="afterEachTestMethod" is-config="true" duration-ms="56" started-at="2019-10-20T00:40:48 EDT" finished-at="2019-10-20T00:40:48 EDT">
          <params>
            <param index="0">
              <value>
                <![CDATA[[TestResult name=typeJustinBieber status=SUCCESS method=TestTypeText.typeJustinBieber()[pri:0, instance:home.TestTypeText@91161c7] output={null}]]]>
              </value>
            </param>
          </params>
          <reporter-output>
          </reporter-output>
        </test-method> <!-- afterEachTestMethod -->
        <test-method status="PASS" signature="typeJustinBieber()[pri:0, instance:home.TestTypeText@91161c7]" name="typeJustinBieber" duration-ms="0" started-at="2019-10-20T00:40:48 EDT" finished-at="2019-10-20T00:40:48 EDT">
          <reporter-output>
          </reporter-output>
        </test-method> <!-- typeJustinBieber -->
        <test-method status="PASS" signature="cleanUp()[pri:0, instance:home.TestTypeText@91161c7]" name="cleanUp" is-config="true" duration-ms="387" started-at="2019-10-20T00:40:48 EDT" finished-at="2019-10-20T00:40:48 EDT">
          <reporter-output>
          </reporter-output>
        </test-method> <!-- cleanUp -->
        <test-method status="PASS" signature="setUp(java.lang.String)[pri:0, instance:home.TestTypeText@91161c7]" name="setUp" is-config="true" duration-ms="10693" started-at="2019-10-20T00:40:48 EDT" finished-at="2019-10-20T00:40:59 EDT">
          <params>
            <param index="0">
              <value>
                <![CDATA[https://www.cnn.com]]>
              </value>
            </param>
          </params>
          <reporter-output>
          </reporter-output>
        </test-method> <!-- setUp -->
        <test-method status="PASS" signature="startExtent(java.lang.reflect.Method)[pri:0, instance:home.TestTypeText@91161c7]" name="startExtent" is-config="true" duration-ms="0" started-at="2019-10-20T00:40:59 EDT" finished-at="2019-10-20T00:40:59 EDT">
          <params>
            <param index="0">
              <value>
                <![CDATA[public void home.TestTypeText.typeMichellePhan()]]>
              </value>
            </param>
          </params>
          <reporter-output>
          </reporter-output>
        </test-method> <!-- startExtent -->
        <test-method status="PASS" signature="typeMichellePhan()[pri:0, instance:home.TestTypeText@91161c7]" name="typeMichellePhan" duration-ms="1" started-at="2019-10-20T00:40:59 EDT" finished-at="2019-10-20T00:40:59 EDT">
          <reporter-output>
          </reporter-output>
        </test-method> <!-- typeMichellePhan -->
        <test-method status="PASS" signature="afterEachTestMethod(org.testng.ITestResult)[pri:0, instance:home.TestTypeText@91161c7]" name="afterEachTestMethod" is-config="true" duration-ms="46" started-at="2019-10-20T00:40:59 EDT" finished-at="2019-10-20T00:40:59 EDT">
          <params>
            <param index="0">
              <value>
                <![CDATA[[TestResult name=typeMichellePhan status=SUCCESS method=TestTypeText.typeMichellePhan()[pri:0, instance:home.TestTypeText@91161c7] output={null}]]]>
              </value>
            </param>
          </params>
          <reporter-output>
          </reporter-output>
        </test-method> <!-- afterEachTestMethod -->
        <test-method status="PASS" signature="cleanUp()[pri:0, instance:home.TestTypeText@91161c7]" name="cleanUp" is-config="true" duration-ms="293" started-at="2019-10-20T00:40:59 EDT" finished-at="2019-10-20T00:40:59 EDT">
          <reporter-output>
          </reporter-output>
        </test-method> <!-- cleanUp -->
        <test-method status="PASS" signature="setUp(java.lang.String)[pri:0, instance:home.TestTypeText@91161c7]" name="setUp" is-config="true" duration-ms="7597" started-at="2019-10-20T00:40:59 EDT" finished-at="2019-10-20T00:41:07 EDT">
          <params>
            <param index="0">
              <value>
                <![CDATA[https://www.cnn.com]]>
              </value>
            </param>
          </params>
          <reporter-output>
          </reporter-output>
        </test-method> <!-- setUp -->
        <test-method status="PASS" signature="startExtent(java.lang.reflect.Method)[pri:0, instance:home.TestTypeText@91161c7]" name="startExtent" is-config="true" duration-ms="1" started-at="2019-10-20T00:41:07 EDT" finished-at="2019-10-20T00:41:07 EDT">
          <params>
            <param index="0">
              <value>
                <![CDATA[public void home.TestTypeText.typeMta()]]>
              </value>
            </param>
          </params>
          <reporter-output>
          </reporter-output>
        </test-method> <!-- startExtent -->
        <test-method status="PASS" signature="afterEachTestMethod(org.testng.ITestResult)[pri:0, instance:home.TestTypeText@91161c7]" name="afterEachTestMethod" is-config="true" duration-ms="37" started-at="2019-10-20T00:41:07 EDT" finished-at="2019-10-20T00:41:07 EDT">
          <params>
            <param index="0">
              <value>
                <![CDATA[[TestResult name=typeMta status=SUCCESS method=TestTypeText.typeMta()[pri:0, instance:home.TestTypeText@91161c7] output={null}]]]>
              </value>
            </param>
          </params>
          <reporter-output>
          </reporter-output>
        </test-method> <!-- afterEachTestMethod -->
        <test-method status="PASS" signature="typeMta()[pri:0, instance:home.TestTypeText@91161c7]" name="typeMta" duration-ms="0" started-at="2019-10-20T00:41:07 EDT" finished-at="2019-10-20T00:41:07 EDT">
          <reporter-output>
          </reporter-output>
        </test-method> <!-- typeMta -->
        <test-method status="PASS" signature="cleanUp()[pri:0, instance:home.TestTypeText@91161c7]" name="cleanUp" is-config="true" duration-ms="389" started-at="2019-10-20T00:41:07 EDT" finished-at="2019-10-20T00:41:07 EDT">
          <reporter-output>
          </reporter-output>
        </test-method> <!-- cleanUp -->
        <test-method status="PASS" signature="setUp(java.lang.String)[pri:0, instance:home.TestTypeText@91161c7]" name="setUp" is-config="true" duration-ms="12092" started-at="2019-10-20T00:41:07 EDT" finished-at="2019-10-20T00:41:19 EDT">
          <params>
            <param index="0">
              <value>
                <![CDATA[https://www.cnn.com]]>
              </value>
            </param>
          </params>
          <reporter-output>
          </reporter-output>
        </test-method> <!-- setUp -->
        <test-method status="PASS" signature="startExtent(java.lang.reflect.Method)[pri:0, instance:home.TestTypeText@91161c7]" name="startExtent" is-config="true" duration-ms="1" started-at="2019-10-20T00:41:19 EDT" finished-at="2019-10-20T00:41:19 EDT">
          <params>
            <param index="0">
              <value>
                <![CDATA[public void home.TestTypeText.typeNYPD()]]>
              </value>
            </param>
          </params>
          <reporter-output>
          </reporter-output>
        </test-method> <!-- startExtent -->
        <test-method status="PASS" signature="typeNYPD()[pri:0, instance:home.TestTypeText@91161c7]" name="typeNYPD" duration-ms="0" started-at="2019-10-20T00:41:19 EDT" finished-at="2019-10-20T00:41:19 EDT">
          <reporter-output>
          </reporter-output>
        </test-method> <!-- typeNYPD -->
        <test-method status="PASS" signature="afterEachTestMethod(org.testng.ITestResult)[pri:0, instance:home.TestTypeText@91161c7]" name="afterEachTestMethod" is-config="true" duration-ms="41" started-at="2019-10-20T00:41:19 EDT" finished-at="2019-10-20T00:41:19 EDT">
          <params>
            <param index="0">
              <value>
                <![CDATA[[TestResult name=typeNYPD status=SUCCESS method=TestTypeText.typeNYPD()[pri:0, instance:home.TestTypeText@91161c7] output={null}]]]>
              </value>
            </param>
          </params>
          <reporter-output>
          </reporter-output>
        </test-method> <!-- afterEachTestMethod -->
        <test-method status="PASS" signature="cleanUp()[pri:0, instance:home.TestTypeText@91161c7]" name="cleanUp" is-config="true" duration-ms="408" started-at="2019-10-20T00:41:19 EDT" finished-at="2019-10-20T00:41:20 EDT">
          <reporter-output>
          </reporter-output>
        </test-method> <!-- cleanUp -->
        <test-method status="PASS" signature="setUp(java.lang.String)[pri:0, instance:home.TestTypeText@91161c7]" name="setUp" is-config="true" duration-ms="12371" started-at="2019-10-20T00:41:20 EDT" finished-at="2019-10-20T00:41:32 EDT">
          <params>
            <param index="0">
              <value>
                <![CDATA[https://www.cnn.com]]>
              </value>
            </param>
          </params>
          <reporter-output>
          </reporter-output>
        </test-method> <!-- setUp -->
        <test-method status="PASS" signature="typeNYSubway()[pri:0, instance:home.TestTypeText@91161c7]" name="typeNYSubway" duration-ms="0" started-at="2019-10-20T00:41:32 EDT" finished-at="2019-10-20T00:41:32 EDT">
          <reporter-output>
          </reporter-output>
        </test-method> <!-- typeNYSubway -->
        <test-method status="PASS" signature="startExtent(java.lang.reflect.Method)[pri:0, instance:home.TestTypeText@91161c7]" name="startExtent" is-config="true" duration-ms="0" started-at="2019-10-20T00:41:32 EDT" finished-at="2019-10-20T00:41:32 EDT">
          <params>
            <param index="0">
              <value>
                <![CDATA[public void home.TestTypeText.typeNYSubway()]]>
              </value>
            </param>
          </params>
          <reporter-output>
          </reporter-output>
        </test-method> <!-- startExtent -->
        <test-method status="PASS" signature="afterEachTestMethod(org.testng.ITestResult)[pri:0, instance:home.TestTypeText@91161c7]" name="afterEachTestMethod" is-config="true" duration-ms="61" started-at="2019-10-20T00:41:32 EDT" finished-at="2019-10-20T00:41:32 EDT">
          <params>
            <param index="0">
              <value>
                <![CDATA[[TestResult name=typeNYSubway status=SUCCESS method=TestTypeText.typeNYSubway()[pri:0, instance:home.TestTypeText@91161c7] output={null}]]]>
              </value>
            </param>
          </params>
          <reporter-output>
          </reporter-output>
        </test-method> <!-- afterEachTestMethod -->
        <test-method status="PASS" signature="cleanUp()[pri:0, instance:home.TestTypeText@91161c7]" name="cleanUp" is-config="true" duration-ms="436" started-at="2019-10-20T00:41:32 EDT" finished-at="2019-10-20T00:41:32 EDT">
          <reporter-output>
          </reporter-output>
        </test-method> <!-- cleanUp -->
        <test-method status="PASS" signature="setUp(java.lang.String)[pri:0, instance:home.TestTypeText@91161c7]" name="setUp" is-config="true" duration-ms="11402" started-at="2019-10-20T00:41:32 EDT" finished-at="2019-10-20T00:41:44 EDT">
          <params>
            <param index="0">
              <value>
                <![CDATA[https://www.cnn.com]]>
              </value>
            </param>
          </params>
          <reporter-output>
          </reporter-output>
        </test-method> <!-- setUp -->
        <test-method status="PASS" signature="startExtent(java.lang.reflect.Method)[pri:0, instance:home.TestTypeText@91161c7]" name="startExtent" is-config="true" duration-ms="1" started-at="2019-10-20T00:41:44 EDT" finished-at="2019-10-20T00:41:44 EDT">
          <params>
            <param index="0">
              <value>
                <![CDATA[public void home.TestTypeText.typeNancyPelosi()]]>
              </value>
            </param>
          </params>
          <reporter-output>
          </reporter-output>
        </test-method> <!-- startExtent -->
        <test-method status="PASS" signature="typeNancyPelosi()[pri:0, instance:home.TestTypeText@91161c7]" name="typeNancyPelosi" duration-ms="0" started-at="2019-10-20T00:41:44 EDT" finished-at="2019-10-20T00:41:44 EDT">
          <reporter-output>
          </reporter-output>
        </test-method> <!-- typeNancyPelosi -->
        <test-method status="PASS" signature="afterEachTestMethod(org.testng.ITestResult)[pri:0, instance:home.TestTypeText@91161c7]" name="afterEachTestMethod" is-config="true" duration-ms="60" started-at="2019-10-20T00:41:44 EDT" finished-at="2019-10-20T00:41:44 EDT">
          <params>
            <param index="0">
              <value>
                <![CDATA[[TestResult name=typeNancyPelosi status=SUCCESS method=TestTypeText.typeNancyPelosi()[pri:0, instance:home.TestTypeText@91161c7] output={null}]]]>
              </value>
            </param>
          </params>
          <reporter-output>
          </reporter-output>
        </test-method> <!-- afterEachTestMethod -->
        <test-method status="PASS" signature="cleanUp()[pri:0, instance:home.TestTypeText@91161c7]" name="cleanUp" is-config="true" duration-ms="467" started-at="2019-10-20T00:41:44 EDT" finished-at="2019-10-20T00:41:44 EDT">
          <reporter-output>
          </reporter-output>
        </test-method> <!-- cleanUp -->
        <test-method status="PASS" signature="setUp(java.lang.String)[pri:0, instance:home.TestTypeText@91161c7]" name="setUp" is-config="true" duration-ms="8107" started-at="2019-10-20T00:41:44 EDT" finished-at="2019-10-20T00:41:52 EDT">
          <params>
            <param index="0">
              <value>
                <![CDATA[https://www.cnn.com]]>
              </value>
            </param>
          </params>
          <reporter-output>
          </reporter-output>
        </test-method> <!-- setUp -->
        <test-method status="PASS" signature="startExtent(java.lang.reflect.Method)[pri:0, instance:home.TestTypeText@91161c7]" name="startExtent" is-config="true" duration-ms="0" started-at="2019-10-20T00:41:52 EDT" finished-at="2019-10-20T00:41:52 EDT">
          <params>
            <param index="0">
              <value>
                <![CDATA[public void home.TestTypeText.typeNasa()]]>
              </value>
            </param>
          </params>
          <reporter-output>
          </reporter-output>
        </test-method> <!-- startExtent -->
        <test-method status="PASS" signature="afterEachTestMethod(org.testng.ITestResult)[pri:0, instance:home.TestTypeText@91161c7]" name="afterEachTestMethod" is-config="true" duration-ms="54" started-at="2019-10-20T00:41:52 EDT" finished-at="2019-10-20T00:41:53 EDT">
          <params>
            <param index="0">
              <value>
                <![CDATA[[TestResult name=typeNasa status=SUCCESS method=TestTypeText.typeNasa()[pri:0, instance:home.TestTypeText@91161c7] output={null}]]]>
              </value>
            </param>
          </params>
          <reporter-output>
          </reporter-output>
        </test-method> <!-- afterEachTestMethod -->
        <test-method status="PASS" signature="typeNasa()[pri:0, instance:home.TestTypeText@91161c7]" name="typeNasa" duration-ms="0" started-at="2019-10-20T00:41:52 EDT" finished-at="2019-10-20T00:41:52 EDT">
          <reporter-output>
          </reporter-output>
        </test-method> <!-- typeNasa -->
        <test-method status="PASS" signature="cleanUp()[pri:0, instance:home.TestTypeText@91161c7]" name="cleanUp" is-config="true" duration-ms="282" started-at="2019-10-20T00:41:53 EDT" finished-at="2019-10-20T00:41:53 EDT">
          <reporter-output>
          </reporter-output>
        </test-method> <!-- cleanUp -->
        <test-method status="PASS" signature="setUp(java.lang.String)[pri:0, instance:home.TestTypeText@91161c7]" name="setUp" is-config="true" duration-ms="10508" started-at="2019-10-20T00:41:53 EDT" finished-at="2019-10-20T00:42:03 EDT">
          <params>
            <param index="0">
              <value>
                <![CDATA[https://www.cnn.com]]>
              </value>
            </param>
          </params>
          <reporter-output>
          </reporter-output>
        </test-method> <!-- setUp -->
        <test-method status="PASS" signature="startExtent(java.lang.reflect.Method)[pri:0, instance:home.TestTypeText@91161c7]" name="startExtent" is-config="true" duration-ms="1" started-at="2019-10-20T00:42:03 EDT" finished-at="2019-10-20T00:42:03 EDT">
          <params>
            <param index="0">
              <value>
                <![CDATA[public void home.TestTypeText.typeRecent()]]>
              </value>
            </param>
          </params>
          <reporter-output>
          </reporter-output>
        </test-method> <!-- startExtent -->
        <test-method status="PASS" signature="typeRecent()[pri:0, instance:home.TestTypeText@91161c7]" name="typeRecent" duration-ms="0" started-at="2019-10-20T00:42:03 EDT" finished-at="2019-10-20T00:42:03 EDT">
          <reporter-output>
          </reporter-output>
        </test-method> <!-- typeRecent -->
        <test-method status="PASS" signature="afterEachTestMethod(org.testng.ITestResult)[pri:0, instance:home.TestTypeText@91161c7]" name="afterEachTestMethod" is-config="true" duration-ms="45" started-at="2019-10-20T00:42:03 EDT" finished-at="2019-10-20T00:42:03 EDT">
          <params>
            <param index="0">
              <value>
                <![CDATA[[TestResult name=typeRecent status=SUCCESS method=TestTypeText.typeRecent()[pri:0, instance:home.TestTypeText@91161c7] output={null}]]]>
              </value>
            </param>
          </params>
          <reporter-output>
          </reporter-output>
        </test-method> <!-- afterEachTestMethod -->
        <test-method status="PASS" signature="cleanUp()[pri:0, instance:home.TestTypeText@91161c7]" name="cleanUp" is-config="true" duration-ms="603" started-at="2019-10-20T00:42:03 EDT" finished-at="2019-10-20T00:42:04 EDT">
          <reporter-output>
          </reporter-output>
        </test-method> <!-- cleanUp -->
        <test-method status="PASS" signature="setUp(java.lang.String)[pri:0, instance:home.TestTypeText@91161c7]" name="setUp" is-config="true" duration-ms="18270" started-at="2019-10-20T00:42:04 EDT" finished-at="2019-10-20T00:42:22 EDT">
          <params>
            <param index="0">
              <value>
                <![CDATA[https://www.cnn.com]]>
              </value>
            </param>
          </params>
          <reporter-output>
          </reporter-output>
        </test-method> <!-- setUp -->
        <test-method status="PASS" signature="startExtent(java.lang.reflect.Method)[pri:0, instance:home.TestTypeText@91161c7]" name="startExtent" is-config="true" duration-ms="0" started-at="2019-10-20T00:42:22 EDT" finished-at="2019-10-20T00:42:22 EDT">
          <params>
            <param index="0">
              <value>
                <![CDATA[public void home.TestTypeText.typeRepublicans()]]>
              </value>
            </param>
          </params>
          <reporter-output>
          </reporter-output>
        </test-method> <!-- startExtent -->
        <test-method status="PASS" signature="afterEachTestMethod(org.testng.ITestResult)[pri:0, instance:home.TestTypeText@91161c7]" name="afterEachTestMethod" is-config="true" duration-ms="31" started-at="2019-10-20T00:42:22 EDT" finished-at="2019-10-20T00:42:22 EDT">
          <params>
            <param index="0">
              <value>
                <![CDATA[[TestResult name=typeRepublicans status=SUCCESS method=TestTypeText.typeRepublicans()[pri:0, instance:home.TestTypeText@91161c7] output={null}]]]>
              </value>
            </param>
          </params>
          <reporter-output>
          </reporter-output>
        </test-method> <!-- afterEachTestMethod -->
        <test-method status="PASS" signature="typeRepublicans()[pri:0, instance:home.TestTypeText@91161c7]" name="typeRepublicans" duration-ms="0" started-at="2019-10-20T00:42:22 EDT" finished-at="2019-10-20T00:42:22 EDT">
          <reporter-output>
          </reporter-output>
        </test-method> <!-- typeRepublicans -->
        <test-method status="PASS" signature="cleanUp()[pri:0, instance:home.TestTypeText@91161c7]" name="cleanUp" is-config="true" duration-ms="259" started-at="2019-10-20T00:42:22 EDT" finished-at="2019-10-20T00:42:23 EDT">
          <reporter-output>
          </reporter-output>
        </test-method> <!-- cleanUp -->
        <test-method status="PASS" signature="setUp(java.lang.String)[pri:0, instance:home.TestTypeText@91161c7]" name="setUp" is-config="true" duration-ms="17449" started-at="2019-10-20T00:42:23 EDT" finished-at="2019-10-20T00:42:40 EDT">
          <params>
            <param index="0">
              <value>
                <![CDATA[https://www.cnn.com]]>
              </value>
            </param>
          </params>
          <reporter-output>
          </reporter-output>
        </test-method> <!-- setUp -->
        <test-method status="PASS" signature="startExtent(java.lang.reflect.Method)[pri:0, instance:home.TestTypeText@91161c7]" name="startExtent" is-config="true" duration-ms="1" started-at="2019-10-20T00:42:40 EDT" finished-at="2019-10-20T00:42:40 EDT">
          <params>
            <param index="0">
              <value>
                <![CDATA[public void home.TestTypeText.typeSamsung()]]>
              </value>
            </param>
          </params>
          <reporter-output>
          </reporter-output>
        </test-method> <!-- startExtent -->
        <test-method status="PASS" signature="typeSamsung()[pri:0, instance:home.TestTypeText@91161c7]" name="typeSamsung" duration-ms="0" started-at="2019-10-20T00:42:40 EDT" finished-at="2019-10-20T00:42:40 EDT">
          <reporter-output>
          </reporter-output>
        </test-method> <!-- typeSamsung -->
        <test-method status="PASS" signature="afterEachTestMethod(org.testng.ITestResult)[pri:0, instance:home.TestTypeText@91161c7]" name="afterEachTestMethod" is-config="true" duration-ms="44" started-at="2019-10-20T00:42:40 EDT" finished-at="2019-10-20T00:42:40 EDT">
          <params>
            <param index="0">
              <value>
                <![CDATA[[TestResult name=typeSamsung status=SUCCESS method=TestTypeText.typeSamsung()[pri:0, instance:home.TestTypeText@91161c7] output={null}]]]>
              </value>
            </param>
          </params>
          <reporter-output>
          </reporter-output>
        </test-method> <!-- afterEachTestMethod -->
        <test-method status="PASS" signature="cleanUp()[pri:0, instance:home.TestTypeText@91161c7]" name="cleanUp" is-config="true" duration-ms="373" started-at="2019-10-20T00:42:40 EDT" finished-at="2019-10-20T00:42:40 EDT">
          <reporter-output>
          </reporter-output>
        </test-method> <!-- cleanUp -->
        <test-method status="PASS" signature="setUp(java.lang.String)[pri:0, instance:home.TestTypeText@91161c7]" name="setUp" is-config="true" duration-ms="18091" started-at="2019-10-20T00:42:40 EDT" finished-at="2019-10-20T00:42:59 EDT">
          <params>
            <param index="0">
              <value>
                <![CDATA[https://www.cnn.com]]>
              </value>
            </param>
          </params>
          <reporter-output>
          </reporter-output>
        </test-method> <!-- setUp -->
        <test-method status="PASS" signature="startExtent(java.lang.reflect.Method)[pri:0, instance:home.TestTypeText@91161c7]" name="startExtent" is-config="true" duration-ms="0" started-at="2019-10-20T00:42:59 EDT" finished-at="2019-10-20T00:42:59 EDT">
          <params>
            <param index="0">
              <value>
                <![CDATA[public void home.TestTypeText.typeTechnology()]]>
              </value>
            </param>
          </params>
          <reporter-output>
          </reporter-output>
        </test-method> <!-- startExtent -->
        <test-method status="PASS" signature="typeTechnology()[pri:0, instance:home.TestTypeText@91161c7]" name="typeTechnology" duration-ms="0" started-at="2019-10-20T00:42:59 EDT" finished-at="2019-10-20T00:42:59 EDT">
          <reporter-output>
          </reporter-output>
        </test-method> <!-- typeTechnology -->
        <test-method status="PASS" signature="afterEachTestMethod(org.testng.ITestResult)[pri:0, instance:home.TestTypeText@91161c7]" name="afterEachTestMethod" is-config="true" duration-ms="45" started-at="2019-10-20T00:42:59 EDT" finished-at="2019-10-20T00:42:59 EDT">
          <params>
            <param index="0">
              <value>
                <![CDATA[[TestResult name=typeTechnology status=SUCCESS method=TestTypeText.typeTechnology()[pri:0, instance:home.TestTypeText@91161c7] output={null}]]]>
              </value>
            </param>
          </params>
          <reporter-output>
          </reporter-output>
        </test-method> <!-- afterEachTestMethod -->
        <test-method status="PASS" signature="cleanUp()[pri:0, instance:home.TestTypeText@91161c7]" name="cleanUp" is-config="true" duration-ms="376" started-at="2019-10-20T00:42:59 EDT" finished-at="2019-10-20T00:42:59 EDT">
          <reporter-output>
          </reporter-output>
        </test-method> <!-- cleanUp -->
        <test-method status="PASS" signature="setUp(java.lang.String)[pri:0, instance:home.TestTypeText@91161c7]" name="setUp" is-config="true" duration-ms="16159" started-at="2019-10-20T00:42:59 EDT" finished-at="2019-10-20T00:43:15 EDT">
          <params>
            <param index="0">
              <value>
                <![CDATA[https://www.cnn.com]]>
              </value>
            </param>
          </params>
          <reporter-output>
          </reporter-output>
        </test-method> <!-- setUp -->
        <test-method status="PASS" signature="startExtent(java.lang.reflect.Method)[pri:0, instance:home.TestTypeText@91161c7]" name="startExtent" is-config="true" duration-ms="1" started-at="2019-10-20T00:43:15 EDT" finished-at="2019-10-20T00:43:15 EDT">
          <params>
            <param index="0">
              <value>
                <![CDATA[public void home.TestTypeText.typeTrump()]]>
              </value>
            </param>
          </params>
          <reporter-output>
          </reporter-output>
        </test-method> <!-- startExtent -->
        <test-method status="PASS" signature="typeTrump()[pri:0, instance:home.TestTypeText@91161c7]" name="typeTrump" duration-ms="0" started-at="2019-10-20T00:43:15 EDT" finished-at="2019-10-20T00:43:15 EDT">
          <reporter-output>
          </reporter-output>
        </test-method> <!-- typeTrump -->
        <test-method status="PASS" signature="afterEachTestMethod(org.testng.ITestResult)[pri:0, instance:home.TestTypeText@91161c7]" name="afterEachTestMethod" is-config="true" duration-ms="53" started-at="2019-10-20T00:43:15 EDT" finished-at="2019-10-20T00:43:15 EDT">
          <params>
            <param index="0">
              <value>
                <![CDATA[[TestResult name=typeTrump status=SUCCESS method=TestTypeText.typeTrump()[pri:0, instance:home.TestTypeText@91161c7] output={null}]]]>
              </value>
            </param>
          </params>
          <reporter-output>
          </reporter-output>
        </test-method> <!-- afterEachTestMethod -->
        <test-method status="PASS" signature="cleanUp()[pri:0, instance:home.TestTypeText@91161c7]" name="cleanUp" is-config="true" duration-ms="443" started-at="2019-10-20T00:43:15 EDT" finished-at="2019-10-20T00:43:16 EDT">
          <reporter-output>
          </reporter-output>
        </test-method> <!-- cleanUp -->
        <test-method status="PASS" signature="setUp(java.lang.String)[pri:0, instance:home.TestTypeText@91161c7]" name="setUp" is-config="true" duration-ms="42431" started-at="2019-10-20T00:43:16 EDT" finished-at="2019-10-20T00:43:58 EDT">
          <params>
            <param index="0">
              <value>
                <![CDATA[https://www.cnn.com]]>
              </value>
            </param>
          </params>
          <reporter-output>
          </reporter-output>
        </test-method> <!-- setUp -->
        <test-method status="PASS" signature="startExtent(java.lang.reflect.Method)[pri:0, instance:home.TestTypeText@91161c7]" name="startExtent" is-config="true" duration-ms="0" started-at="2019-10-20T00:43:58 EDT" finished-at="2019-10-20T00:43:58 EDT">
          <params>
            <param index="0">
              <value>
                <![CDATA[public void home.TestTypeText.typeUnemployment()]]>
              </value>
            </param>
          </params>
          <reporter-output>
          </reporter-output>
        </test-method> <!-- startExtent -->
        <test-method status="PASS" signature="typeUnemployment()[pri:0, instance:home.TestTypeText@91161c7]" name="typeUnemployment" duration-ms="1" started-at="2019-10-20T00:43:58 EDT" finished-at="2019-10-20T00:43:58 EDT">
          <reporter-output>
          </reporter-output>
        </test-method> <!-- typeUnemployment -->
        <test-method status="PASS" signature="afterEachTestMethod(org.testng.ITestResult)[pri:0, instance:home.TestTypeText@91161c7]" name="afterEachTestMethod" is-config="true" duration-ms="41" started-at="2019-10-20T00:43:58 EDT" finished-at="2019-10-20T00:43:58 EDT">
          <params>
            <param index="0">
              <value>
                <![CDATA[[TestResult name=typeUnemployment status=SUCCESS method=TestTypeText.typeUnemployment()[pri:0, instance:home.TestTypeText@91161c7] output={null}]]]>
              </value>
            </param>
          </params>
          <reporter-output>
          </reporter-output>
        </test-method> <!-- afterEachTestMethod -->
        <test-method status="PASS" signature="cleanUp()[pri:0, instance:home.TestTypeText@91161c7]" name="cleanUp" is-config="true" duration-ms="396" started-at="2019-10-20T00:43:58 EDT" finished-at="2019-10-20T00:43:58 EDT">
          <reporter-output>
          </reporter-output>
        </test-method> <!-- cleanUp -->
        <test-method status="PASS" signature="setUp(java.lang.String)[pri:0, instance:home.TestTypeText@91161c7]" name="setUp" is-config="true" duration-ms="16035" started-at="2019-10-20T00:43:58 EDT" finished-at="2019-10-20T00:44:14 EDT">
          <params>
            <param index="0">
              <value>
                <![CDATA[https://www.cnn.com]]>
              </value>
            </param>
          </params>
          <reporter-output>
          </reporter-output>
        </test-method> <!-- setUp -->
        <test-method status="PASS" signature="startExtent(java.lang.reflect.Method)[pri:0, instance:home.TestTypeText@91161c7]" name="startExtent" is-config="true" duration-ms="0" started-at="2019-10-20T00:44:14 EDT" finished-at="2019-10-20T00:44:14 EDT">
          <params>
            <param index="0">
              <value>
                <![CDATA[public void home.TestTypeText.typeVoting()]]>
              </value>
            </param>
          </params>
          <reporter-output>
          </reporter-output>
        </test-method> <!-- startExtent -->
        <test-method status="PASS" signature="typeVoting()[pri:0, instance:home.TestTypeText@91161c7]" name="typeVoting" duration-ms="0" started-at="2019-10-20T00:44:14 EDT" finished-at="2019-10-20T00:44:14 EDT">
          <reporter-output>
          </reporter-output>
        </test-method> <!-- typeVoting -->
        <test-method status="PASS" signature="afterEachTestMethod(org.testng.ITestResult)[pri:0, instance:home.TestTypeText@91161c7]" name="afterEachTestMethod" is-config="true" duration-ms="25" started-at="2019-10-20T00:44:14 EDT" finished-at="2019-10-20T00:44:15 EDT">
          <params>
            <param index="0">
              <value>
                <![CDATA[[TestResult name=typeVoting status=SUCCESS method=TestTypeText.typeVoting()[pri:0, instance:home.TestTypeText@91161c7] output={null}]]]>
              </value>
            </param>
          </params>
          <reporter-output>
          </reporter-output>
        </test-method> <!-- afterEachTestMethod -->
        <test-method status="PASS" signature="cleanUp()[pri:0, instance:home.TestTypeText@91161c7]" name="cleanUp" is-config="true" duration-ms="258" started-at="2019-10-20T00:44:15 EDT" finished-at="2019-10-20T00:44:15 EDT">
          <reporter-output>
          </reporter-output>
        </test-method> <!-- cleanUp -->
      </class> <!-- home.TestTypeText -->
      <class name="home.TestSearchText">
        <test-method status="PASS" signature="setUp(java.lang.String)[pri:0, instance:home.TestSearchText@604ed9f0]" name="setUp" is-config="true" duration-ms="10798" started-at="2019-10-20T00:44:15 EDT" finished-at="2019-10-20T00:44:26 EDT">
          <params>
            <param index="0">
              <value>
                <![CDATA[https://www.cnn.com]]>
              </value>
            </param>
          </params>
          <reporter-output>
          </reporter-output>
        </test-method> <!-- setUp -->
        <test-method status="PASS" signature="startExtent(java.lang.reflect.Method)[pri:0, instance:home.TestSearchText@604ed9f0]" name="startExtent" is-config="true" duration-ms="1" started-at="2019-10-20T00:44:26 EDT" finished-at="2019-10-20T00:44:26 EDT">
          <params>
            <param index="0">
              <value>
                <![CDATA[public void home.TestSearchText.cnnCareers()]]>
              </value>
            </param>
          </params>
          <reporter-output>
          </reporter-output>
        </test-method> <!-- startExtent -->
        <test-method status="PASS" signature="cnnCareers()[pri:0, instance:home.TestSearchText@604ed9f0]" name="cnnCareers" duration-ms="0" started-at="2019-10-20T00:44:26 EDT" finished-at="2019-10-20T00:44:26 EDT">
          <reporter-output>
          </reporter-output>
        </test-method> <!-- cnnCareers -->
        <test-method status="PASS" signature="afterEachTestMethod(org.testng.ITestResult)[pri:0, instance:home.TestSearchText@604ed9f0]" name="afterEachTestMethod" is-config="true" duration-ms="59" started-at="2019-10-20T00:44:26 EDT" finished-at="2019-10-20T00:44:26 EDT">
          <params>
            <param index="0">
              <value>
                <![CDATA[[TestResult name=cnnCareers status=SUCCESS method=TestSearchText.cnnCareers()[pri:0, instance:home.TestSearchText@604ed9f0] output={null}]]]>
              </value>
            </param>
          </params>
          <reporter-output>
          </reporter-output>
        </test-method> <!-- afterEachTestMethod -->
        <test-method status="PASS" signature="cleanUp()[pri:0, instance:home.TestSearchText@604ed9f0]" name="cleanUp" is-config="true" duration-ms="478" started-at="2019-10-20T00:44:26 EDT" finished-at="2019-10-20T00:44:26 EDT">
          <reporter-output>
          </reporter-output>
        </test-method> <!-- cleanUp -->
        <test-method status="PASS" signature="setUp(java.lang.String)[pri:0, instance:home.TestSearchText@604ed9f0]" name="setUp" is-config="true" duration-ms="10973" started-at="2019-10-20T00:44:26 EDT" finished-at="2019-10-20T00:44:37 EDT">
          <params>
            <param index="0">
              <value>
                <![CDATA[https://www.cnn.com]]>
              </value>
            </param>
          </params>
          <reporter-output>
          </reporter-output>
        </test-method> <!-- setUp -->
        <test-method status="PASS" signature="followOnFacebook()[pri:0, instance:home.TestSearchText@604ed9f0]" name="followOnFacebook" duration-ms="1" started-at="2019-10-20T00:44:37 EDT" finished-at="2019-10-20T00:44:37 EDT">
          <reporter-output>
          </reporter-output>
        </test-method> <!-- followOnFacebook -->
        <test-method status="PASS" signature="startExtent(java.lang.reflect.Method)[pri:0, instance:home.TestSearchText@604ed9f0]" name="startExtent" is-config="true" duration-ms="0" started-at="2019-10-20T00:44:37 EDT" finished-at="2019-10-20T00:44:37 EDT">
          <params>
            <param index="0">
              <value>
                <![CDATA[public void home.TestSearchText.followOnFacebook()]]>
              </value>
            </param>
          </params>
          <reporter-output>
          </reporter-output>
        </test-method> <!-- startExtent -->
        <test-method status="PASS" signature="afterEachTestMethod(org.testng.ITestResult)[pri:0, instance:home.TestSearchText@604ed9f0]" name="afterEachTestMethod" is-config="true" duration-ms="61" started-at="2019-10-20T00:44:37 EDT" finished-at="2019-10-20T00:44:37 EDT">
          <params>
            <param index="0">
              <value>
                <![CDATA[[TestResult name=followOnFacebook status=SUCCESS method=TestSearchText.followOnFacebook()[pri:0, instance:home.TestSearchText@604ed9f0] output={null}]]]>
              </value>
            </param>
          </params>
          <reporter-output>
          </reporter-output>
        </test-method> <!-- afterEachTestMethod -->
        <test-method status="PASS" signature="cleanUp()[pri:0, instance:home.TestSearchText@604ed9f0]" name="cleanUp" is-config="true" duration-ms="431" started-at="2019-10-20T00:44:37 EDT" finished-at="2019-10-20T00:44:38 EDT">
          <reporter-output>
          </reporter-output>
        </test-method> <!-- cleanUp -->
        <test-method status="PASS" signature="setUp(java.lang.String)[pri:0, instance:home.TestSearchText@604ed9f0]" name="setUp" is-config="true" duration-ms="9758" started-at="2019-10-20T00:44:38 EDT" finished-at="2019-10-20T00:44:47 EDT">
          <params>
            <param index="0">
              <value>
                <![CDATA[https://www.cnn.com]]>
              </value>
            </param>
          </params>
          <reporter-output>
          </reporter-output>
        </test-method> <!-- setUp -->
        <test-method status="PASS" signature="startExtent(java.lang.reflect.Method)[pri:0, instance:home.TestSearchText@604ed9f0]" name="startExtent" is-config="true" duration-ms="1" started-at="2019-10-20T00:44:47 EDT" finished-at="2019-10-20T00:44:47 EDT">
          <params>
            <param index="0">
              <value>
                <![CDATA[public void home.TestSearchText.followOnInstagram()]]>
              </value>
            </param>
          </params>
          <reporter-output>
          </reporter-output>
        </test-method> <!-- startExtent -->
        <test-method status="PASS" signature="followOnInstagram()[pri:0, instance:home.TestSearchText@604ed9f0]" name="followOnInstagram" duration-ms="0" started-at="2019-10-20T00:44:47 EDT" finished-at="2019-10-20T00:44:47 EDT">
          <reporter-output>
          </reporter-output>
        </test-method> <!-- followOnInstagram -->
        <test-method status="PASS" signature="afterEachTestMethod(org.testng.ITestResult)[pri:0, instance:home.TestSearchText@604ed9f0]" name="afterEachTestMethod" is-config="true" duration-ms="50" started-at="2019-10-20T00:44:47 EDT" finished-at="2019-10-20T00:44:47 EDT">
          <params>
            <param index="0">
              <value>
                <![CDATA[[TestResult name=followOnInstagram status=SUCCESS method=TestSearchText.followOnInstagram()[pri:0, instance:home.TestSearchText@604ed9f0] output={null}]]]>
              </value>
            </param>
          </params>
          <reporter-output>
          </reporter-output>
        </test-method> <!-- afterEachTestMethod -->
        <test-method status="PASS" signature="cleanUp()[pri:0, instance:home.TestSearchText@604ed9f0]" name="cleanUp" is-config="true" duration-ms="463" started-at="2019-10-20T00:44:47 EDT" finished-at="2019-10-20T00:44:48 EDT">
          <reporter-output>
          </reporter-output>
        </test-method> <!-- cleanUp -->
        <test-method status="PASS" signature="setUp(java.lang.String)[pri:0, instance:home.TestSearchText@604ed9f0]" name="setUp" is-config="true" duration-ms="7657" started-at="2019-10-20T00:44:48 EDT" finished-at="2019-10-20T00:44:56 EDT">
          <params>
            <param index="0">
              <value>
                <![CDATA[https://www.cnn.com]]>
              </value>
            </param>
          </params>
          <reporter-output>
          </reporter-output>
        </test-method> <!-- setUp -->
        <test-method status="PASS" signature="startExtent(java.lang.reflect.Method)[pri:0, instance:home.TestSearchText@604ed9f0]" name="startExtent" is-config="true" duration-ms="1" started-at="2019-10-20T00:44:56 EDT" finished-at="2019-10-20T00:44:56 EDT">
          <params>
            <param index="0">
              <value>
                <![CDATA[public void home.TestSearchText.followOnTwitter()]]>
              </value>
            </param>
          </params>
          <reporter-output>
          </reporter-output>
        </test-method> <!-- startExtent -->
        <test-method status="PASS" signature="followOnTwitter()[pri:0, instance:home.TestSearchText@604ed9f0]" name="followOnTwitter" duration-ms="0" started-at="2019-10-20T00:44:56 EDT" finished-at="2019-10-20T00:44:56 EDT">
          <reporter-output>
          </reporter-output>
        </test-method> <!-- followOnTwitter -->
        <test-method status="PASS" signature="afterEachTestMethod(org.testng.ITestResult)[pri:0, instance:home.TestSearchText@604ed9f0]" name="afterEachTestMethod" is-config="true" duration-ms="34" started-at="2019-10-20T00:44:56 EDT" finished-at="2019-10-20T00:44:56 EDT">
          <params>
            <param index="0">
              <value>
                <![CDATA[[TestResult name=followOnTwitter status=SUCCESS method=TestSearchText.followOnTwitter()[pri:0, instance:home.TestSearchText@604ed9f0] output={null}]]]>
              </value>
            </param>
          </params>
          <reporter-output>
          </reporter-output>
        </test-method> <!-- afterEachTestMethod -->
        <test-method status="PASS" signature="cleanUp()[pri:0, instance:home.TestSearchText@604ed9f0]" name="cleanUp" is-config="true" duration-ms="236" started-at="2019-10-20T00:44:56 EDT" finished-at="2019-10-20T00:44:56 EDT">
          <reporter-output>
          </reporter-output>
        </test-method> <!-- cleanUp -->
        <test-method status="PASS" signature="setUp(java.lang.String)[pri:0, instance:home.TestSearchText@604ed9f0]" name="setUp" is-config="true" duration-ms="6442" started-at="2019-10-20T00:44:56 EDT" finished-at="2019-10-20T00:45:02 EDT">
          <params>
            <param index="0">
              <value>
                <![CDATA[https://www.cnn.com]]>
              </value>
            </param>
          </params>
          <reporter-output>
          </reporter-output>
        </test-method> <!-- setUp -->
        <test-method status="PASS" signature="startExtent(java.lang.reflect.Method)[pri:0, instance:home.TestSearchText@604ed9f0]" name="startExtent" is-config="true" duration-ms="1" started-at="2019-10-20T00:45:02 EDT" finished-at="2019-10-20T00:45:02 EDT">
          <params>
            <param index="0">
              <value>
                <![CDATA[public void home.TestSearchText.getChina()]]>
              </value>
            </param>
          </params>
          <reporter-output>
          </reporter-output>
        </test-method> <!-- startExtent -->
        <test-method status="PASS" signature="afterEachTestMethod(org.testng.ITestResult)[pri:0, instance:home.TestSearchText@604ed9f0]" name="afterEachTestMethod" is-config="true" duration-ms="35" started-at="2019-10-20T00:45:02 EDT" finished-at="2019-10-20T00:45:02 EDT">
          <params>
            <param index="0">
              <value>
                <![CDATA[[TestResult name=getChina status=SUCCESS method=TestSearchText.getChina()[pri:0, instance:home.TestSearchText@604ed9f0] output={null}]]]>
              </value>
            </param>
          </params>
          <reporter-output>
          </reporter-output>
        </test-method> <!-- afterEachTestMethod -->
        <test-method status="PASS" signature="getChina()[pri:0, instance:home.TestSearchText@604ed9f0]" name="getChina" duration-ms="0" started-at="2019-10-20T00:45:02 EDT" finished-at="2019-10-20T00:45:02 EDT">
          <reporter-output>
          </reporter-output>
        </test-method> <!-- getChina -->
        <test-method status="PASS" signature="cleanUp()[pri:0, instance:home.TestSearchText@604ed9f0]" name="cleanUp" is-config="true" duration-ms="262" started-at="2019-10-20T00:45:02 EDT" finished-at="2019-10-20T00:45:03 EDT">
          <reporter-output>
          </reporter-output>
        </test-method> <!-- cleanUp -->
        <test-method status="PASS" signature="setUp(java.lang.String)[pri:0, instance:home.TestSearchText@604ed9f0]" name="setUp" is-config="true" duration-ms="9114" started-at="2019-10-20T00:45:03 EDT" finished-at="2019-10-20T00:45:12 EDT">
          <params>
            <param index="0">
              <value>
                <![CDATA[https://www.cnn.com]]>
              </value>
            </param>
          </params>
          <reporter-output>
          </reporter-output>
        </test-method> <!-- setUp -->
        <test-method status="PASS" signature="startExtent(java.lang.reflect.Method)[pri:0, instance:home.TestSearchText@604ed9f0]" name="startExtent" is-config="true" duration-ms="1" started-at="2019-10-20T00:45:12 EDT" finished-at="2019-10-20T00:45:12 EDT">
          <params>
            <param index="0">
              <value>
                <![CDATA[public void home.TestSearchText.getCongress()]]>
              </value>
            </param>
          </params>
          <reporter-output>
          </reporter-output>
        </test-method> <!-- startExtent -->
        <test-method status="PASS" signature="getCongress()[pri:0, instance:home.TestSearchText@604ed9f0]" name="getCongress" duration-ms="0" started-at="2019-10-20T00:45:12 EDT" finished-at="2019-10-20T00:45:12 EDT">
          <reporter-output>
          </reporter-output>
        </test-method> <!-- getCongress -->
        <test-method status="PASS" signature="afterEachTestMethod(org.testng.ITestResult)[pri:0, instance:home.TestSearchText@604ed9f0]" name="afterEachTestMethod" is-config="true" duration-ms="45" started-at="2019-10-20T00:45:12 EDT" finished-at="2019-10-20T00:45:12 EDT">
          <params>
            <param index="0">
              <value>
                <![CDATA[[TestResult name=getCongress status=SUCCESS method=TestSearchText.getCongress()[pri:0, instance:home.TestSearchText@604ed9f0] output={null}]]]>
              </value>
            </param>
          </params>
          <reporter-output>
          </reporter-output>
        </test-method> <!-- afterEachTestMethod -->
        <test-method status="PASS" signature="cleanUp()[pri:0, instance:home.TestSearchText@604ed9f0]" name="cleanUp" is-config="true" duration-ms="517" started-at="2019-10-20T00:45:12 EDT" finished-at="2019-10-20T00:45:12 EDT">
          <reporter-output>
          </reporter-output>
        </test-method> <!-- cleanUp -->
        <test-method status="PASS" signature="setUp(java.lang.String)[pri:0, instance:home.TestSearchText@604ed9f0]" name="setUp" is-config="true" duration-ms="14772" started-at="2019-10-20T00:45:12 EDT" finished-at="2019-10-20T00:45:27 EDT">
          <params>
            <param index="0">
              <value>
                <![CDATA[https://www.cnn.com]]>
              </value>
            </param>
          </params>
          <reporter-output>
          </reporter-output>
        </test-method> <!-- setUp -->
        <test-method status="PASS" signature="startExtent(java.lang.reflect.Method)[pri:0, instance:home.TestSearchText@604ed9f0]" name="startExtent" is-config="true" duration-ms="1" started-at="2019-10-20T00:45:27 EDT" finished-at="2019-10-20T00:45:27 EDT">
          <params>
            <param index="0">
              <value>
                <![CDATA[public void home.TestSearchText.searchBangladesh()]]>
              </value>
[...]
          </params>
          <reporter-output>
          </reporter-output>
        </test-method> <!-- setUp -->
        <test-method status="PASS" signature="startExtent(java.lang.reflect.Method)[pri:0, instance:home.TestSearchPage@3bfdc050]" name="startExtent" is-config="true" duration-ms="0" started-at="2019-10-20T00:25:35 EDT" finished-at="2019-10-20T00:25:35 EDT">
          <params>
            <param index="0">
              <value>
                <![CDATA[public void home.TestSearchPage.navigateToWorldSection()]]>
              </value>
            </param>
          </params>
          <reporter-output>
          </reporter-output>
        </test-method> <!-- startExtent -->
        <test-method status="PASS" signature="navigateToWorldSection()[pri:0, instance:home.TestSearchPage@3bfdc050]" name="navigateToWorldSection" duration-ms="4424" started-at="2019-10-20T00:25:35 EDT" finished-at="2019-10-20T00:25:40 EDT">
          <reporter-output>
          </reporter-output>
        </test-method> <!-- navigateToWorldSection -->
        <test-method status="PASS" signature="afterEachTestMethod(org.testng.ITestResult)[pri:0, instance:home.TestSearchPage@3bfdc050]" name="afterEachTestMethod" is-config="true" duration-ms="20" started-at="2019-10-20T00:25:40 EDT" finished-at="2019-10-20T00:25:40 EDT">
          <params>
            <param index="0">
              <value>
                <![CDATA[[TestResult name=navigateToWorldSection status=SUCCESS method=TestSearchPage.navigateToWorldSection()[pri:0, instance:home.TestSearchPage@3bfdc050] output={null}]]]>
              </value>
            </param>
          </params>
          <reporter-output>
          </reporter-output>
        </test-method> <!-- afterEachTestMethod -->
        <test-method status="PASS" signature="cleanUp()[pri:0, instance:home.TestSearchPage@3bfdc050]" name="cleanUp" is-config="true" duration-ms="2073" started-at="2019-10-20T00:25:40 EDT" finished-at="2019-10-20T00:25:42 EDT">
          <reporter-output>
          </reporter-output>
        </test-method> <!-- cleanUp -->
        <test-method status="PASS" signature="setUp(java.lang.String)[pri:0, instance:home.TestSearchPage@3bfdc050]" name="setUp" is-config="true" duration-ms="57572" started-at="2019-10-20T00:25:42 EDT" finished-at="2019-10-20T00:26:40 EDT">
          <params>
            <param index="0">
              <value>
                <![CDATA[https://www.cnn.com]]>
              </value>
            </param>
          </params>
          <reporter-output>
          </reporter-output>
        </test-method> <!-- setUp -->
        <test-method status="PASS" signature="startExtent(java.lang.reflect.Method)[pri:0, instance:home.TestSearchPage@3bfdc050]" name="startExtent" is-config="true" duration-ms="0" started-at="2019-10-20T00:26:40 EDT" finished-at="2019-10-20T00:26:40 EDT">
          <params>
            <param index="0">
              <value>
                <![CDATA[public void home.TestSearchPage.testAsiaPage()]]>
              </value>
            </param>
          </params>
          <reporter-output>
          </reporter-output>
        </test-method> <!-- startExtent -->
        <test-method status="PASS" signature="testAsiaPage()[pri:0, instance:home.TestSearchPage@3bfdc050]" name="testAsiaPage" duration-ms="1" started-at="2019-10-20T00:26:40 EDT" finished-at="2019-10-20T00:26:40 EDT">
          <reporter-output>
          </reporter-output>
        </test-method> <!-- testAsiaPage -->
        <test-method status="PASS" signature="afterEachTestMethod(org.testng.ITestResult)[pri:0, instance:home.TestSearchPage@3bfdc050]" name="afterEachTestMethod" is-config="true" duration-ms="21" started-at="2019-10-20T00:26:40 EDT" finished-at="2019-10-20T00:26:40 EDT">
          <params>
            <param index="0">
              <value>
                <![CDATA[[TestResult name=testAsiaPage status=SUCCESS method=TestSearchPage.testAsiaPage()[pri:0, instance:home.TestSearchPage@3bfdc050] output={null}]]]>
              </value>
            </param>
          </params>
          <reporter-output>
          </reporter-output>
        </test-method> <!-- afterEachTestMethod -->
        <test-method status="PASS" signature="cleanUp()[pri:0, instance:home.TestSearchPage@3bfdc050]" name="cleanUp" is-config="true" duration-ms="203" started-at="2019-10-20T00:26:40 EDT" finished-at="2019-10-20T00:26:40 EDT">
          <reporter-output>
          </reporter-output>
        </test-method> <!-- cleanUp -->
        <test-method status="PASS" signature="setUp(java.lang.String)[pri:0, instance:home.TestSearchPage@3bfdc050]" name="setUp" is-config="true" duration-ms="9772" started-at="2019-10-20T00:26:40 EDT" finished-at="2019-10-20T00:26:50 EDT">
          <params>
            <param index="0">
              <value>
                <![CDATA[https://www.cnn.com]]>
              </value>
            </param>
          </params>
          <reporter-output>
          </reporter-output>
        </test-method> <!-- setUp -->
        <test-method status="PASS" signature="startExtent(java.lang.reflect.Method)[pri:0, instance:home.TestSearchPage@3bfdc050]" name="startExtent" is-config="true" duration-ms="1" started-at="2019-10-20T00:26:50 EDT" finished-at="2019-10-20T00:26:50 EDT">
          <params>
            <param index="0">
              <value>
                <![CDATA[public void home.TestSearchPage.testCNNFilmsPage()]]>
              </value>
            </param>
          </params>
          <reporter-output>
          </reporter-output>
        </test-method> <!-- startExtent -->
        <test-method status="PASS" signature="testCNNFilmsPage()[pri:0, instance:home.TestSearchPage@3bfdc050]" name="testCNNFilmsPage" duration-ms="0" started-at="2019-10-20T00:26:50 EDT" finished-at="2019-10-20T00:26:50 EDT">
          <reporter-output>
          </reporter-output>
        </test-method> <!-- testCNNFilmsPage -->
        <test-method status="PASS" signature="afterEachTestMethod(org.testng.ITestResult)[pri:0, instance:home.TestSearchPage@3bfdc050]" name="afterEachTestMethod" is-config="true" duration-ms="55" started-at="2019-10-20T00:26:50 EDT" finished-at="2019-10-20T00:26:50 EDT">
          <params>
            <param index="0">
              <value>
                <![CDATA[[TestResult name=testCNNFilmsPage status=SUCCESS method=TestSearchPage.testCNNFilmsPage()[pri:0, instance:home.TestSearchPage@3bfdc050] output={null}]]]>
              </value>
            </param>
          </params>
          <reporter-output>
          </reporter-output>
        </test-method> <!-- afterEachTestMethod -->
        <test-method status="PASS" signature="cleanUp()[pri:0, instance:home.TestSearchPage@3bfdc050]" name="cleanUp" is-config="true" duration-ms="470" started-at="2019-10-20T00:26:50 EDT" finished-at="2019-10-20T00:26:50 EDT">
          <reporter-output>
          </reporter-output>
        </test-method> <!-- cleanUp -->
        <test-method status="PASS" signature="setUp(java.lang.String)[pri:0, instance:home.TestSearchPage@3bfdc050]" name="setUp" is-config="true" duration-ms="19023" started-at="2019-10-20T00:26:50 EDT" finished-at="2019-10-20T00:27:09 EDT">
          <params>
            <param index="0">
              <value>
                <![CDATA[https://www.cnn.com]]>
              </value>
            </param>
          </params>
          <reporter-output>
          </reporter-output>
        </test-method> <!-- setUp -->
        <test-method status="PASS" signature="startExtent(java.lang.reflect.Method)[pri:0, instance:home.TestSearchPage@3bfdc050]" name="startExtent" is-config="true" duration-ms="1" started-at="2019-10-20T00:27:09 EDT" finished-at="2019-10-20T00:27:09 EDT">
          <params>
            <param index="0">
              <value>
                <![CDATA[public void home.TestSearchPage.testDigitalStudiosPage()]]>
              </value>
            </param>
          </params>
          <reporter-output>
          </reporter-output>
        </test-method> <!-- startExtent -->
        <test-method status="PASS" signature="testDigitalStudiosPage()[pri:0, instance:home.TestSearchPage@3bfdc050]" name="testDigitalStudiosPage" duration-ms="0" started-at="2019-10-20T00:27:09 EDT" finished-at="2019-10-20T00:27:09 EDT">
          <reporter-output>
          </reporter-output>
        </test-method> <!-- testDigitalStudiosPage -->
        <test-method status="PASS" signature="afterEachTestMethod(org.testng.ITestResult)[pri:0, instance:home.TestSearchPage@3bfdc050]" name="afterEachTestMethod" is-config="true" duration-ms="25" started-at="2019-10-20T00:27:09 EDT" finished-at="2019-10-20T00:27:09 EDT">
          <params>
            <param index="0">
              <value>
                <![CDATA[[TestResult name=testDigitalStudiosPage status=SUCCESS method=TestSearchPage.testDigitalStudiosPage()[pri:0, instance:home.TestSearchPage@3bfdc050] output={null}]]]>
              </value>
            </param>
          </params>
          <reporter-output>
          </reporter-output>
        </test-method> <!-- afterEachTestMethod -->
        <test-method status="PASS" signature="cleanUp()[pri:0, instance:home.TestSearchPage@3bfdc050]" name="cleanUp" is-config="true" duration-ms="305" started-at="2019-10-20T00:27:09 EDT" finished-at="2019-10-20T00:27:09 EDT">
          <reporter-output>
          </reporter-output>
        </test-method> <!-- cleanUp -->
        <test-method status="PASS" signature="setUp(java.lang.String)[pri:0, instance:home.TestSearchPage@3bfdc050]" name="setUp" is-config="true" duration-ms="19477" started-at="2019-10-20T00:27:09 EDT" finished-at="2019-10-20T00:27:29 EDT">
          <params>
            <param index="0">
              <value>
                <![CDATA[https://www.cnn.com]]>
              </value>
            </param>
          </params>
          <reporter-output>
          </reporter-output>
        </test-method> <!-- setUp -->
        <test-method status="PASS" signature="startExtent(java.lang.reflect.Method)[pri:0, instance:home.TestSearchPage@3bfdc050]" name="startExtent" is-config="true" duration-ms="1" started-at="2019-10-20T00:27:29 EDT" finished-at="2019-10-20T00:27:29 EDT">
          <params>
            <param index="0">
              <value>
                <![CDATA[public void home.TestSearchPage.testEuropeSection()]]>
              </value>
            </param>
          </params>
          <reporter-output>
          </reporter-output>
        </test-method> <!-- startExtent -->
        <test-method status="PASS" signature="testEuropeSection()[pri:0, instance:home.TestSearchPage@3bfdc050]" name="testEuropeSection" duration-ms="0" started-at="2019-10-20T00:27:29 EDT" finished-at="2019-10-20T00:27:29 EDT">
          <reporter-output>
          </reporter-output>
        </test-method> <!-- testEuropeSection -->
        <test-method status="PASS" signature="afterEachTestMethod(org.testng.ITestResult)[pri:0, instance:home.TestSearchPage@3bfdc050]" name="afterEachTestMethod" is-config="true" duration-ms="77" started-at="2019-10-20T00:27:29 EDT" finished-at="2019-10-20T00:27:29 EDT">
          <params>
            <param index="0">
              <value>
                <![CDATA[[TestResult name=testEuropeSection status=SUCCESS method=TestSearchPage.testEuropeSection()[pri:0, instance:home.TestSearchPage@3bfdc050] output={null}]]]>
              </value>
            </param>
          </params>
          <reporter-output>
          </reporter-output>
        </test-method> <!-- afterEachTestMethod -->
        <test-method status="PASS" signature="cleanUp()[pri:0, instance:home.TestSearchPage@3bfdc050]" name="cleanUp" is-config="true" duration-ms="441" started-at="2019-10-20T00:27:29 EDT" finished-at="2019-10-20T00:27:29 EDT">
          <reporter-output>
          </reporter-output>
        </test-method> <!-- cleanUp -->
        <test-method status="PASS" signature="setUp(java.lang.String)[pri:0, instance:home.TestSearchPage@3bfdc050]" name="setUp" is-config="true" duration-ms="14023" started-at="2019-10-20T00:27:29 EDT" finished-at="2019-10-20T00:27:43 EDT">
          <params>
            <param index="0">
              <value>
                <![CDATA[https://www.cnn.com]]>
              </value>
            </param>
          </params>
          <reporter-output>
          </reporter-output>
        </test-method> <!-- setUp -->
        <test-method status="PASS" signature="startExtent(java.lang.reflect.Method)[pri:0, instance:home.TestSearchPage@3bfdc050]" name="startExtent" is-config="true" duration-ms="2" started-at="2019-10-20T00:27:43 EDT" finished-at="2019-10-20T00:27:43 EDT">
          <params>
            <param index="0">
              <value>
                <![CDATA[public void home.TestSearchPage.testInnovativeCitiesPage()]]>
              </value>
            </param>
          </params>
          <reporter-output>
          </reporter-output>
        </test-method> <!-- startExtent -->
        <test-method status="PASS" signature="testInnovativeCitiesPage()[pri:0, instance:home.TestSearchPage@3bfdc050]" name="testInnovativeCitiesPage" duration-ms="0" started-at="2019-10-20T00:27:43 EDT" finished-at="2019-10-20T00:27:43 EDT">
          <reporter-output>
          </reporter-output>
        </test-method> <!-- testInnovativeCitiesPage -->
        <test-method status="PASS" signature="afterEachTestMethod(org.testng.ITestResult)[pri:0, instance:home.TestSearchPage@3bfdc050]" name="afterEachTestMethod" is-config="true" duration-ms="77" started-at="2019-10-20T00:27:43 EDT" finished-at="2019-10-20T00:27:44 EDT">
          <params>
            <param index="0">
              <value>
                <![CDATA[[TestResult name=testInnovativeCitiesPage status=SUCCESS method=TestSearchPage.testInnovativeCitiesPage()[pri:0, instance:home.TestSearchPage@3bfdc050] output={null}]]]>
              </value>
            </param>
          </params>
          <reporter-output>
          </reporter-output>
        </test-method> <!-- afterEachTestMethod -->
        <test-method status="PASS" signature="cleanUp()[pri:0, instance:home.TestSearchPage@3bfdc050]" name="cleanUp" is-config="true" duration-ms="348" started-at="2019-10-20T00:27:44 EDT" finished-at="2019-10-20T00:27:44 EDT">
          <reporter-output>
          </reporter-output>
        </test-method> <!-- cleanUp -->
        <test-method status="PASS" signature="setUp(java.lang.String)[pri:0, instance:home.TestSearchPage@3bfdc050]" name="setUp" is-config="true" duration-ms="11991" started-at="2019-10-20T00:27:44 EDT" finished-at="2019-10-20T00:27:56 EDT">
          <params>
            <param index="0">
              <value>
                <![CDATA[https://www.cnn.com]]>
              </value>
            </param>
          </params>
          <reporter-output>
          </reporter-output>
        </test-method> <!-- setUp -->
        <test-method status="PASS" signature="startExtent(java.lang.reflect.Method)[pri:0, instance:home.TestSearchPage@3bfdc050]" name="startExtent" is-config="true" duration-ms="1" started-at="2019-10-20T00:27:56 EDT" finished-at="2019-10-20T00:27:56 EDT">
          <params>
            <param index="0">
              <value>
                <![CDATA[public void home.TestSearchPage.testNavigateToUsSection()]]>
              </value>
            </param>
          </params>
          <reporter-output>
          </reporter-output>
        </test-method> <!-- startExtent -->
        <test-method status="PASS" signature="testNavigateToUsSection()[pri:0, instance:home.TestSearchPage@3bfdc050]" name="testNavigateToUsSection" duration-ms="7553" started-at="2019-10-20T00:27:56 EDT" finished-at="2019-10-20T00:28:03 EDT">
          <reporter-output>
            <line>
              <![CDATA[US section Page has been displayed]]>
            </line>
          </reporter-output>
        </test-method> <!-- testNavigateToUsSection -->
        <test-method status="PASS" signature="afterEachTestMethod(org.testng.ITestResult)[pri:0, instance:home.TestSearchPage@3bfdc050]" name="afterEachTestMethod" is-config="true" duration-ms="51" started-at="2019-10-20T00:28:03 EDT" finished-at="2019-10-20T00:28:04 EDT">
          <params>
            <param index="0">
              <value>
                <![CDATA[[TestResult name=testNavigateToUsSection status=SUCCESS method=TestSearchPage.testNavigateToUsSection()[pri:0, instance:home.TestSearchPage@3bfdc050] output=US section Page has been displayed]]]>
              </value>
            </param>
          </params>
          <reporter-output>
          </reporter-output>
        </test-method> <!-- afterEachTestMethod -->
        <test-method status="PASS" signature="cleanUp()[pri:0, instance:home.TestSearchPage@3bfdc050]" name="cleanUp" is-config="true" duration-ms="2155" started-at="2019-10-20T00:28:04 EDT" finished-at="2019-10-20T00:28:06 EDT">
          <reporter-output>
          </reporter-output>
        </test-method> <!-- cleanUp -->
        <test-method status="PASS" signature="setUp(java.lang.String)[pri:0, instance:home.TestSearchPage@3bfdc050]" name="setUp" is-config="true" duration-ms="7103" started-at="2019-10-20T00:28:06 EDT" finished-at="2019-10-20T00:28:13 EDT">
          <params>
            <param index="0">
              <value>
                <![CDATA[https://www.cnn.com]]>
              </value>
            </param>
          </params>
          <reporter-output>
          </reporter-output>
        </test-method> <!-- setUp -->
        <test-method status="PASS" signature="startExtent(java.lang.reflect.Method)[pri:0, instance:home.TestSearchPage@3bfdc050]" name="startExtent" is-config="true" duration-ms="1" started-at="2019-10-20T00:28:13 EDT" finished-at="2019-10-20T00:28:13 EDT">
          <params>
            <param index="0">
              <value>
                <![CDATA[public void home.TestSearchPage.testSearchCoupons()]]>
              </value>
            </param>
          </params>
          <reporter-output>
          </reporter-output>
        </test-method> <!-- startExtent -->
        <test-method status="PASS" signature="testSearchCoupons()[pri:0, instance:home.TestSearchPage@3bfdc050]" name="testSearchCoupons" duration-ms="5788" started-at="2019-10-20T00:28:13 EDT" finished-at="2019-10-20T00:28:19 EDT">
          <reporter-output>
          </reporter-output>
        </test-method> <!-- testSearchCoupons -->
        <test-method status="PASS" signature="afterEachTestMethod(org.testng.ITestResult)[pri:0, instance:home.TestSearchPage@3bfdc050]" name="afterEachTestMethod" is-config="true" duration-ms="45" started-at="2019-10-20T00:28:19 EDT" finished-at="2019-10-20T00:28:19 EDT">
          <params>
            <param index="0">
              <value>
                <![CDATA[[TestResult name=testSearchCoupons status=SUCCESS method=TestSearchPage.testSearchCoupons()[pri:0, instance:home.TestSearchPage@3bfdc050] output={null}]]]>
              </value>
            </param>
          </params>
          <reporter-output>
          </reporter-output>
        </test-method> <!-- afterEachTestMethod -->
        <test-method status="PASS" signature="cleanUp()[pri:0, instance:home.TestSearchPage@3bfdc050]" name="cleanUp" is-config="true" duration-ms="246" started-at="2019-10-20T00:28:19 EDT" finished-at="2019-10-20T00:28:19 EDT">
          <reporter-output>
          </reporter-output>
        </test-method> <!-- cleanUp -->
        <test-method status="PASS" signature="generateReport()[pri:0, instance:home.TestSearchPage@3bfdc050]" name="generateReport" is-config="true" duration-ms="43" started-at="2019-10-20T00:59:35 EDT" finished-at="2019-10-20T00:59:35 EDT">
          <reporter-output>
          </reporter-output>
        </test-method> <!-- generateReport -->
      </class> <!-- home.TestSearchPage -->
    </test> <!-- CNN HomePage Test -->
  </suite> <!-- CNN Automation Script  -->
</testng-results>
