<?xml version="1.0" encoding="UTF-8"?>
<testng-results skipped="0" failed="0" ignored="0" total="1" passed="1">
  <reporter-output>
  </reporter-output>
  <suite name="Amazon Automation Script " duration-ms="14788" started-at="2019-09-23T11:17:23 EDT" finished-at="2019-09-23T11:17:37 EDT">
    <groups>
    </groups>
    <test name="Amazon Home" duration-ms="14788" started-at="2019-09-23T11:17:23 EDT" finished-at="2019-09-23T11:17:37 EDT">
      <class name="home.TestHome">
        <test-method status="PASS" signature="setUp(boolean, java.lang.String, java.lang.String, java.lang.String, java.lang.String, java.lang.String, java.lang.String)[pri:0, instance:home.TestHome@4520ebad]" name="setUp" is-config="true" duration-ms="12469" started-at="2019-09-23T11:17:23 EDT" finished-at="2019-09-23T11:17:35 EDT">
          <params>
            <param index="0">
              <value>
                <![CDATA[false]]>
              </value>
            </param>
            <param index="1">
              <value>
                <![CDATA[browserstack]]>
              </value>
            </param>
            <param index="2">
              <value>
                <![CDATA[OS X]]>
              </value>
            </param>
            <param index="3">
              <value>
                <![CDATA[Sierra]]>
              </value>
            </param>
            <param index="4">
              <value>
                <![CDATA[chrome]]>
              </value>
            </param>
            <param index="5">
              <value>
                <![CDATA[60.0]]>
              </value>
            </param>
            <param index="6">
              <value>
                <![CDATA[https://www.amazon.com]]>
              </value>
            </param>
          </params>
          <reporter-output>
          </reporter-output>
        </test-method> <!-- setUp -->
        <test-method status="PASS" signature="test1()[pri:0, instance:home.TestHome@4520ebad]" name="test1" duration-ms="2096" started-at="2019-09-23T11:17:35 EDT" finished-at="2019-09-23T11:17:37 EDT">
          <reporter-output>
          </reporter-output>
        </test-method> <!-- test1 -->
        <test-method status="PASS" signature="cleanUp()[pri:0, instance:home.TestHome@4520ebad]" name="cleanUp" is-config="true" duration-ms="187" started-at="2019-09-23T11:17:37 EDT" finished-at="2019-09-23T11:17:37 EDT">
          <reporter-output>
          </reporter-output>
        </test-method> <!-- cleanUp -->
      </class> <!-- home.TestHome -->
    </test> <!-- Amazon Home -->
  </suite> <!-- Amazon Automation Script  -->
</testng-results>
