<?xml version="1.0" encoding="UTF-8"?>
<!-- Generated by org.testng.reporters.JUnitXMLReporter -->
<testsuite hostname="Mamuns-MBP" ignored="0" name="Command line test" tests="5" failures="0" timestamp="2019-10-01T16:09:29 EDT" time="0.066" errors="0">
  <testcase name="@BeforeMethod setUp" time="0.045" classname="base.CommonAPI">
    <failure type="java.lang.IllegalStateException" message="The driver executable does not exist: /Users/mamunmahmud/IdeaProjects/Team5WebAutomation/Cigna/../Generic/browser-driver/chromedriver">
      <![CDATA[java.lang.IllegalStateException: The driver executable does not exist: /Users/mamunmahmud/IdeaProjects/Team5WebAutomation/Cigna/../Generic/browser-driver/chromedriver
at com.google.common.base.Preconditions.checkState(Preconditions.java:585)
at org.openqa.selenium.remote.service.DriverService.checkExecutable(DriverService.java:146)
at org.openqa.selenium.remote.service.DriverService.findExecutable(DriverService.java:141)
at org.openqa.selenium.chrome.ChromeDriverService.access$000(ChromeDriverService.java:35)
at org.openqa.selenium.chrome.ChromeDriverService$Builder.findDefaultExecutable(ChromeDriverService.java:159)
at org.openqa.selenium.remote.service.DriverService$Builder.build(DriverService.java:355)
at org.openqa.selenium.chrome.ChromeDriverService.createDefaultService(ChromeDriverService.java:94)
at org.openqa.selenium.chrome.ChromeDriver.<init>(ChromeDriver.java:157)
at base.CommonAPI.getLocalDriver(CommonAPI.java:133)
at base.CommonAPI.setUp(CommonAPI.java:110)
at java.util.ArrayList.forEach(ArrayList.java:1257)
... Removed 40 stack frames]]>
    </failure>
  </testcase> <!-- @BeforeMethod setUp -->
  <testcase name="@BeforeMethod startExtent" time="-1.569960569484E9" classname="base.CommonAPI">
    <skipped/>
  </testcase> <!-- @BeforeMethod startExtent -->
  <testcase name="@BeforeMethod initElements" time="-1.569960569484E9" classname="home.TestHome">
    <skipped/>
  </testcase> <!-- @BeforeMethod initElements -->
  <testcase name="@AfterMethod afterEachTestMethod" time="-1.569960569485E9" classname="base.CommonAPI">
    <skipped/>
  </testcase> <!-- @AfterMethod afterEachTestMethod -->
  <testcase name="@AfterMethod cleanUp" time="-1.569960569486E9" classname="base.CommonAPI">
    <skipped/>
  </testcase> <!-- @AfterMethod cleanUp -->
  <testcase name="@BeforeMethod setUp" time="-1.569960569486E9" classname="base.CommonAPI">
    <skipped/>
  </testcase> <!-- @BeforeMethod setUp -->
  <testcase name="@BeforeMethod startExtent" time="-1.569960569486E9" classname="base.CommonAPI">
    <skipped/>
  </testcase> <!-- @BeforeMethod startExtent -->
  <testcase name="@BeforeMethod initElements" time="-1.569960569486E9" classname="home.TestHome">
    <skipped/>
  </testcase> <!-- @BeforeMethod initElements -->
  <testcase name="@AfterMethod afterEachTestMethod" time="-1.569960569487E9" classname="base.CommonAPI">
    <skipped/>
  </testcase> <!-- @AfterMethod afterEachTestMethod -->
  <testcase name="@AfterMethod cleanUp" time="-1.569960569487E9" classname="base.CommonAPI">
    <skipped/>
  </testcase> <!-- @AfterMethod cleanUp -->
  <testcase name="@BeforeMethod setUp" time="-1.569960569487E9" classname="base.CommonAPI">
    <skipped/>
  </testcase> <!-- @BeforeMethod setUp -->
  <testcase name="@BeforeMethod startExtent" time="-1.569960569487E9" classname="base.CommonAPI">
    <skipped/>
  </testcase> <!-- @BeforeMethod startExtent -->
  <testcase name="@BeforeMethod initElements" time="-1.569960569487E9" classname="home.TestHome">
    <skipped/>
  </testcase> <!-- @BeforeMethod initElements -->
  <testcase name="@AfterMethod afterEachTestMethod" time="-1.569960569488E9" classname="base.CommonAPI">
    <skipped/>
  </testcase> <!-- @AfterMethod afterEachTestMethod -->
  <testcase name="@AfterMethod cleanUp" time="-1.569960569488E9" classname="base.CommonAPI">
    <skipped/>
  </testcase> <!-- @AfterMethod cleanUp -->
  <testcase name="@BeforeMethod setUp" time="-1.569960569488E9" classname="base.CommonAPI">
    <skipped/>
  </testcase> <!-- @BeforeMethod setUp -->
  <testcase name="@BeforeMethod startExtent" time="-1.569960569488E9" classname="base.CommonAPI">
    <skipped/>
  </testcase> <!-- @BeforeMethod startExtent -->
  <testcase name="@BeforeMethod initElements" time="-1.569960569488E9" classname="home.TestHome">
    <skipped/>
  </testcase> <!-- @BeforeMethod initElements -->
  <testcase name="@AfterMethod afterEachTestMethod" time="-1.569960569488E9" classname="base.CommonAPI">
    <skipped/>
  </testcase> <!-- @AfterMethod afterEachTestMethod -->
  <testcase name="@AfterMethod cleanUp" time="-1.569960569489E9" classname="base.CommonAPI">
    <skipped/>
  </testcase> <!-- @AfterMethod cleanUp -->
  <testcase name="@BeforeMethod setUp" time="-1.569960569489E9" classname="base.CommonAPI">
    <skipped/>
  </testcase> <!-- @BeforeMethod setUp -->
  <testcase name="@BeforeMethod startExtent" time="-1.569960569489E9" classname="base.CommonAPI">
    <skipped/>
  </testcase> <!-- @BeforeMethod startExtent -->
  <testcase name="@BeforeMethod initElements" time="-1.569960569489E9" classname="home.TestHome">
    <skipped/>
  </testcase> <!-- @BeforeMethod initElements -->
  <testcase name="@AfterMethod afterEachTestMethod" time="-1.569960569489E9" classname="base.CommonAPI">
    <skipped/>
  </testcase> <!-- @AfterMethod afterEachTestMethod -->
  <testcase name="@AfterMethod cleanUp" time="-1.569960569489E9" classname="base.CommonAPI">
    <skipped/>
  </testcase> <!-- @AfterMethod cleanUp -->
  <testcase name="dentalInsuranceTest" time="0.0" classname="home.TestHome">
    <skipped/>
  </testcase> <!-- dentalInsuranceTest -->
  <testcase name="healthierKidsForFutureTest" time="0.0" classname="home.TestHome">
    <skipped/>
  </testcase> <!-- healthierKidsForFutureTest -->
  <testcase name="supplimentalTest" time="0.0" classname="home.TestHome">
    <skipped/>
  </testcase> <!-- supplimentalTest -->
  <testcase name="test3" time="0.0" classname="home.TestHome">
    <skipped/>
  </testcase> <!-- test3 -->
  <testcase name="test4" time="0.0" classname="home.TestHome">
    <skipped/>
  </testcase> <!-- test4 -->
</testsuite> <!-- Command line test -->
